CRITICAL - 2022-04-07 10:15:36 --> Call to a member function findAll() on null
#0 D:\Semester 10\Web Services Pemantauan Hidroponik\WebServicePemanatauan\vendor\codeigniter4\framework\system\CodeIgniter.php(832): App\Controllers\Penggunas->index()
#1 D:\Semester 10\Web Services Pemantauan Hidroponik\WebServicePemanatauan\vendor\codeigniter4\framework\system\CodeIgniter.php(419): CodeIgniter\CodeIgniter->runController(Object(App\Controllers\Penggunas))
#2 D:\Semester 10\Web Services Pemantauan Hidroponik\WebServicePemanatauan\vendor\codeigniter4\framework\system\CodeIgniter.php(326): CodeIgniter\CodeIgniter->handleRequest(NULL, Object(Config\Cache), false)
#3 D:\Semester 10\Web Services Pemantauan Hidroponik\WebServicePemanatauan\public\index.php(37): CodeIgniter\CodeIgniter->run()
#4 D:\Semester 10\Web Services Pemantauan Hidroponik\WebServicePemanatauan\vendor\codeigniter4\framework\system\Commands\Server\rewrite.php(43): require_once('D:\\Semester 10\\...')
#5 {main}
CRITICAL - 2022-04-07 10:16:20 --> Call to a member function findAll() on null
#0 D:\Semester 10\Web Services Pemantauan Hidroponik\WebServicePemanatauan\vendor\codeigniter4\framework\system\CodeIgniter.php(832): App\Controllers\Penggunas->index()
#1 D:\Semester 10\Web Services Pemantauan Hidroponik\WebServicePemanatauan\vendor\codeigniter4\framework\system\CodeIgniter.php(419): CodeIgniter\CodeIgniter->runController(Object(App\Controllers\Penggunas))
#2 D:\Semester 10\Web Services Pemantauan Hidroponik\WebServicePemanatauan\vendor\codeigniter4\framework\system\CodeIgniter.php(326): CodeIgniter\CodeIgniter->handleRequest(NULL, Object(Config\Cache), false)
#3 D:\Semester 10\Web Services Pemantauan Hidroponik\WebServicePemanatauan\public\index.php(37): CodeIgniter\CodeIgniter->run()
#4 D:\Semester 10\Web Services Pemantauan Hidroponik\WebServicePemanatauan\vendor\codeigniter4\framework\system\Commands\Server\rewrite.php(43): require_once('D:\\Semester 10\\...')
#5 {main}
CRITICAL - 2022-04-07 10:16:35 --> Call to a member function findAll() on null
#0 D:\Semester 10\Web Services Pemantauan Hidroponik\WebServicePemanatauan\vendor\codeigniter4\framework\system\CodeIgniter.php(832): App\Controllers\Penggunas->index()
#1 D:\Semester 10\Web Services Pemantauan Hidroponik\WebServicePemanatauan\vendor\codeigniter4\framework\system\CodeIgniter.php(419): CodeIgniter\CodeIgniter->runController(Object(App\Controllers\Penggunas))
#2 D:\Semester 10\Web Services Pemantauan Hidroponik\WebServicePemanatauan\vendor\codeigniter4\framework\system\CodeIgniter.php(326): CodeIgniter\CodeIgniter->handleRequest(NULL, Object(Config\Cache), false)
#3 D:\Semester 10\Web Services Pemantauan Hidroponik\WebServicePemanatauan\public\index.php(37): CodeIgniter\CodeIgniter->run()
#4 D:\Semester 10\Web Services Pemantauan Hidroponik\WebServicePemanatauan\vendor\codeigniter4\framework\system\Commands\Server\rewrite.php(43): require_once('D:\\Semester 10\\...')
#5 {main}
CRITICAL - 2022-04-07 10:19:59 --> Call to a member function findAll() on null
#0 D:\Semester 10\Web Services Pemantauan Hidroponik\WebServicePemanatauan\vendor\codeigniter4\framework\system\CodeIgniter.php(832): App\Controllers\Penggunas->index()
#1 D:\Semester 10\Web Services Pemantauan Hidroponik\WebServicePemanatauan\vendor\codeigniter4\framework\system\CodeIgniter.php(419): CodeIgniter\CodeIgniter->runController(Object(App\Controllers\Penggunas))
#2 D:\Semester 10\Web Services Pemantauan Hidroponik\WebServicePemanatauan\vendor\codeigniter4\framework\system\CodeIgniter.php(326): CodeIgniter\CodeIgniter->handleRequest(NULL, Object(Config\Cache), false)
#3 D:\Semester 10\Web Services Pemantauan Hidroponik\WebServicePemanatauan\public\index.php(37): CodeIgniter\CodeIgniter->run()
#4 D:\Semester 10\Web Services Pemantauan Hidroponik\WebServicePemanatauan\vendor\codeigniter4\framework\system\Commands\Server\rewrite.php(43): require_once('D:\\Semester 10\\...')
#5 {main}
CRITICAL - 2022-04-07 10:27:39 --> Call to a member function findAll() on null
#0 D:\Semester 10\Web Services Pemantauan Hidroponik\WebServicePemanatauan\vendor\codeigniter4\framework\system\CodeIgniter.php(832): App\Controllers\Penggunas->index()
#1 D:\Semester 10\Web Services Pemantauan Hidroponik\WebServicePemanatauan\vendor\codeigniter4\framework\system\CodeIgniter.php(419): CodeIgniter\CodeIgniter->runController(Object(App\Controllers\Penggunas))
#2 D:\Semester 10\Web Services Pemantauan Hidroponik\WebServicePemanatauan\vendor\codeigniter4\framework\system\CodeIgniter.php(326): CodeIgniter\CodeIgniter->handleRequest(NULL, Object(Config\Cache), false)
#3 D:\Semester 10\Web Services Pemantauan Hidroponik\WebServicePemanatauan\public\index.php(37): CodeIgniter\CodeIgniter->run()
#4 D:\Semester 10\Web Services Pemantauan Hidroponik\WebServicePemanatauan\vendor\codeigniter4\framework\system\Commands\Server\rewrite.php(43): require_once('D:\\Semester 10\\...')
#5 {main}
CRITICAL - 2022-04-07 10:30:31 --> Call to a member function findAll() on null
#0 D:\Semester 10\Web Services Pemantauan Hidroponik\WebServicePemanatauan\vendor\codeigniter4\framework\system\CodeIgniter.php(832): App\Controllers\Penggunas->index()
#1 D:\Semester 10\Web Services Pemantauan Hidroponik\WebServicePemanatauan\vendor\codeigniter4\framework\system\CodeIgniter.php(419): CodeIgniter\CodeIgniter->runController(Object(App\Controllers\Penggunas))
#2 D:\Semester 10\Web Services Pemantauan Hidroponik\WebServicePemanatauan\vendor\codeigniter4\framework\system\CodeIgniter.php(326): CodeIgniter\CodeIgniter->handleRequest(NULL, Object(Config\Cache), false)
#3 D:\Semester 10\Web Services Pemantauan Hidroponik\WebServicePemanatauan\public\index.php(37): CodeIgniter\CodeIgniter->run()
#4 D:\Semester 10\Web Services Pemantauan Hidroponik\WebServicePemanatauan\vendor\codeigniter4\framework\system\Commands\Server\rewrite.php(43): require_once('D:\\Semester 10\\...')
#5 {main}
ERROR - 2022-04-07 10:31:11 --> Error connecting to the database: No connection could be made because the target machine actively refused it.

CRITICAL - 2022-04-07 10:31:11 --> Unable to connect to the database.
Main connection [MySQLi]: No connection could be made because the target machine actively refused it.

#0 D:\Semester 10\Web Services Pemantauan Hidroponik\WebServicePemanatauan\vendor\codeigniter4\framework\system\Database\BaseConnection.php(577): CodeIgniter\Database\BaseConnection->initialize()
#1 D:\Semester 10\Web Services Pemantauan Hidroponik\WebServicePemanatauan\vendor\codeigniter4\framework\system\Database\BaseBuilder.php(1455): CodeIgniter\Database\BaseConnection->query('SELECT *\nFROM `...', Array, false)
#2 D:\Semester 10\Web Services Pemantauan Hidroponik\WebServicePemanatauan\vendor\codeigniter4\framework\system\Model.php(183): CodeIgniter\Database\BaseBuilder->get()
#3 D:\Semester 10\Web Services Pemantauan Hidroponik\WebServicePemanatauan\vendor\codeigniter4\framework\system\BaseModel.php(584): CodeIgniter\Model->doFindAll(0, 0)
#4 D:\Semester 10\Web Services Pemantauan Hidroponik\WebServicePemanatauan\app\Controllers\Pengguna.php(18): CodeIgniter\BaseModel->findAll()
#5 D:\Semester 10\Web Services Pemantauan Hidroponik\WebServicePemanatauan\vendor\codeigniter4\framework\system\CodeIgniter.php(832): App\Controllers\Pengguna->index()
#6 D:\Semester 10\Web Services Pemantauan Hidroponik\WebServicePemanatauan\vendor\codeigniter4\framework\system\CodeIgniter.php(419): CodeIgniter\CodeIgniter->runController(Object(App\Controllers\Pengguna))
#7 D:\Semester 10\Web Services Pemantauan Hidroponik\WebServicePemanatauan\vendor\codeigniter4\framework\system\CodeIgniter.php(326): CodeIgniter\CodeIgniter->handleRequest(NULL, Object(Config\Cache), false)
#8 D:\Semester 10\Web Services Pemantauan Hidroponik\WebServicePemanatauan\public\index.php(37): CodeIgniter\CodeIgniter->run()
#9 D:\Semester 10\Web Services Pemantauan Hidroponik\WebServicePemanatauan\vendor\codeigniter4\framework\system\Commands\Server\rewrite.php(43): require_once('D:\\Semester 10\\...')
#10 {main}
CRITICAL - 2022-04-07 10:32:33 --> Class 'CodeIgniter\Database\MySQL\Connection' not found
#0 D:\Semester 10\Web Services Pemantauan Hidroponik\WebServicePemanatauan\vendor\codeigniter4\framework\system\Database\Database.php(56): CodeIgniter\Database\Database->initDriver('MySQL', 'CodeIgniter\\Dat...', Array)
#1 D:\Semester 10\Web Services Pemantauan Hidroponik\WebServicePemanatauan\vendor\codeigniter4\framework\system\Database\Config.php(78): CodeIgniter\Database\Database->load(Array, 'default')
#2 D:\Semester 10\Web Services Pemantauan Hidroponik\WebServicePemanatauan\vendor\codeigniter4\framework\system\Model.php(97): CodeIgniter\Database\Config::connect('default')
#3 D:\Semester 10\Web Services Pemantauan Hidroponik\WebServicePemanatauan\app\Controllers\Pengguna.php(17): CodeIgniter\Model->__construct()
#4 D:\Semester 10\Web Services Pemantauan Hidroponik\WebServicePemanatauan\vendor\codeigniter4\framework\system\CodeIgniter.php(832): App\Controllers\Pengguna->index()
#5 D:\Semester 10\Web Services Pemantauan Hidroponik\WebServicePemanatauan\vendor\codeigniter4\framework\system\CodeIgniter.php(419): CodeIgniter\CodeIgniter->runController(Object(App\Controllers\Pengguna))
#6 D:\Semester 10\Web Services Pemantauan Hidroponik\WebServicePemanatauan\vendor\codeigniter4\framework\system\CodeIgniter.php(326): CodeIgniter\CodeIgniter->handleRequest(NULL, Object(Config\Cache), false)
#7 D:\Semester 10\Web Services Pemantauan Hidroponik\WebServicePemanatauan\public\index.php(37): CodeIgniter\CodeIgniter->run()
#8 D:\Semester 10\Web Services Pemantauan Hidroponik\WebServicePemanatauan\vendor\codeigniter4\framework\system\Commands\Server\rewrite.php(43): require_once('D:\\Semester 10\\...')
#9 {main}
ERROR - 2022-04-07 10:33:00 --> Error connecting to the database: No connection could be made because the target machine actively refused it.

CRITICAL - 2022-04-07 10:33:00 --> Unable to connect to the database.
Main connection [MySQLi]: No connection could be made because the target machine actively refused it.

#0 D:\Semester 10\Web Services Pemantauan Hidroponik\WebServicePemanatauan\vendor\codeigniter4\framework\system\Database\BaseConnection.php(577): CodeIgniter\Database\BaseConnection->initialize()
#1 D:\Semester 10\Web Services Pemantauan Hidroponik\WebServicePemanatauan\vendor\codeigniter4\framework\system\Database\BaseBuilder.php(1455): CodeIgniter\Database\BaseConnection->query('SELECT *\nFROM `...', Array, false)
#2 D:\Semester 10\Web Services Pemantauan Hidroponik\WebServicePemanatauan\vendor\codeigniter4\framework\system\Model.php(183): CodeIgniter\Database\BaseBuilder->get()
#3 D:\Semester 10\Web Services Pemantauan Hidroponik\WebServicePemanatauan\vendor\codeigniter4\framework\system\BaseModel.php(584): CodeIgniter\Model->doFindAll(0, 0)
#4 D:\Semester 10\Web Services Pemantauan Hidroponik\WebServicePemanatauan\app\Controllers\Pengguna.php(18): CodeIgniter\BaseModel->findAll()
#5 D:\Semester 10\Web Services Pemantauan Hidroponik\WebServicePemanatauan\vendor\codeigniter4\framework\system\CodeIgniter.php(832): App\Controllers\Pengguna->index()
#6 D:\Semester 10\Web Services Pemantauan Hidroponik\WebServicePemanatauan\vendor\codeigniter4\framework\system\CodeIgniter.php(419): CodeIgniter\CodeIgniter->runController(Object(App\Controllers\Pengguna))
#7 D:\Semester 10\Web Services Pemantauan Hidroponik\WebServicePemanatauan\vendor\codeigniter4\framework\system\CodeIgniter.php(326): CodeIgniter\CodeIgniter->handleRequest(NULL, Object(Config\Cache), false)
#8 D:\Semester 10\Web Services Pemantauan Hidroponik\WebServicePemanatauan\public\index.php(37): CodeIgniter\CodeIgniter->run()
#9 D:\Semester 10\Web Services Pemantauan Hidroponik\WebServicePemanatauan\vendor\codeigniter4\framework\system\Commands\Server\rewrite.php(43): require_once('D:\\Semester 10\\...')
#10 {main}
ERROR - 2022-04-07 10:34:40 --> Error connecting to the database: No connection could be made because the target machine actively refused it.

CRITICAL - 2022-04-07 10:34:40 --> Unable to connect to the database.
Main connection [MySQLi]: No connection could be made because the target machine actively refused it.

#0 D:\Semester 10\Web Services Pemantauan Hidroponik\WebServicePemanatauan\vendor\codeigniter4\framework\system\Database\BaseConnection.php(577): CodeIgniter\Database\BaseConnection->initialize()
#1 D:\Semester 10\Web Services Pemantauan Hidroponik\WebServicePemanatauan\vendor\codeigniter4\framework\system\Database\BaseBuilder.php(1455): CodeIgniter\Database\BaseConnection->query('SELECT *\nFROM `...', Array, false)
#2 D:\Semester 10\Web Services Pemantauan Hidroponik\WebServicePemanatauan\vendor\codeigniter4\framework\system\Model.php(183): CodeIgniter\Database\BaseBuilder->get()
#3 D:\Semester 10\Web Services Pemantauan Hidroponik\WebServicePemanatauan\vendor\codeigniter4\framework\system\BaseModel.php(584): CodeIgniter\Model->doFindAll(0, 0)
#4 D:\Semester 10\Web Services Pemantauan Hidroponik\WebServicePemanatauan\app\Controllers\Pengguna.php(18): CodeIgniter\BaseModel->findAll()
#5 D:\Semester 10\Web Services Pemantauan Hidroponik\WebServicePemanatauan\vendor\codeigniter4\framework\system\CodeIgniter.php(832): App\Controllers\Pengguna->index()
#6 D:\Semester 10\Web Services Pemantauan Hidroponik\WebServicePemanatauan\vendor\codeigniter4\framework\system\CodeIgniter.php(419): CodeIgniter\CodeIgniter->runController(Object(App\Controllers\Pengguna))
#7 D:\Semester 10\Web Services Pemantauan Hidroponik\WebServicePemanatauan\vendor\codeigniter4\framework\system\CodeIgniter.php(326): CodeIgniter\CodeIgniter->handleRequest(NULL, Object(Config\Cache), false)
#8 D:\Semester 10\Web Services Pemantauan Hidroponik\WebServicePemanatauan\public\index.php(37): CodeIgniter\CodeIgniter->run()
#9 D:\Semester 10\Web Services Pemantauan Hidroponik\WebServicePemanatauan\vendor\codeigniter4\framework\system\Commands\Server\rewrite.php(43): require_once('D:\\Semester 10\\...')
#10 {main}
ERROR - 2022-04-07 10:35:59 --> Error connecting to the database: No connection could be made because the target machine actively refused it.

CRITICAL - 2022-04-07 10:35:59 --> Unable to connect to the database.
Main connection [MySQLi]: No connection could be made because the target machine actively refused it.

#0 D:\Semester 10\Web Services Pemantauan Hidroponik\WebServicePemanatauan\vendor\codeigniter4\framework\system\Database\BaseConnection.php(577): CodeIgniter\Database\BaseConnection->initialize()
#1 D:\Semester 10\Web Services Pemantauan Hidroponik\WebServicePemanatauan\vendor\codeigniter4\framework\system\Database\BaseBuilder.php(1455): CodeIgniter\Database\BaseConnection->query('SELECT *\nFROM `...', Array, false)
#2 D:\Semester 10\Web Services Pemantauan Hidroponik\WebServicePemanatauan\vendor\codeigniter4\framework\system\Model.php(183): CodeIgniter\Database\BaseBuilder->get()
#3 D:\Semester 10\Web Services Pemantauan Hidroponik\WebServicePemanatauan\vendor\codeigniter4\framework\system\BaseModel.php(584): CodeIgniter\Model->doFindAll(0, 0)
#4 D:\Semester 10\Web Services Pemantauan Hidroponik\WebServicePemanatauan\app\Controllers\Pengguna.php(18): CodeIgniter\BaseModel->findAll()
#5 D:\Semester 10\Web Services Pemantauan Hidroponik\WebServicePemanatauan\vendor\codeigniter4\framework\system\CodeIgniter.php(832): App\Controllers\Pengguna->index()
#6 D:\Semester 10\Web Services Pemantauan Hidroponik\WebServicePemanatauan\vendor\codeigniter4\framework\system\CodeIgniter.php(419): CodeIgniter\CodeIgniter->runController(Object(App\Controllers\Pengguna))
#7 D:\Semester 10\Web Services Pemantauan Hidroponik\WebServicePemanatauan\vendor\codeigniter4\framework\system\CodeIgniter.php(326): CodeIgniter\CodeIgniter->handleRequest(NULL, Object(Config\Cache), false)
#8 D:\Semester 10\Web Services Pemantauan Hidroponik\WebServicePemanatauan\public\index.php(37): CodeIgniter\CodeIgniter->run()
#9 D:\Semester 10\Web Services Pemantauan Hidroponik\WebServicePemanatauan\vendor\codeigniter4\framework\system\Commands\Server\rewrite.php(43): require_once('D:\\Semester 10\\...')
#10 {main}
ERROR - 2022-04-07 10:42:36 --> Error connecting to the database: No connection could be made because the target machine actively refused it.

CRITICAL - 2022-04-07 10:42:36 --> Unable to connect to the database.
Main connection [MySQLi]: No connection could be made because the target machine actively refused it.

#0 D:\Semester 10\Web Services Pemantauan Hidroponik\WebServicePemanatauan\vendor\codeigniter4\framework\system\Database\BaseConnection.php(577): CodeIgniter\Database\BaseConnection->initialize()
#1 D:\Semester 10\Web Services Pemantauan Hidroponik\WebServicePemanatauan\vendor\codeigniter4\framework\system\Database\BaseBuilder.php(1455): CodeIgniter\Database\BaseConnection->query('SELECT *\nFROM `...', Array, false)
#2 D:\Semester 10\Web Services Pemantauan Hidroponik\WebServicePemanatauan\vendor\codeigniter4\framework\system\Model.php(183): CodeIgniter\Database\BaseBuilder->get()
#3 D:\Semester 10\Web Services Pemantauan Hidroponik\WebServicePemanatauan\vendor\codeigniter4\framework\system\BaseModel.php(584): CodeIgniter\Model->doFindAll(0, 0)
#4 D:\Semester 10\Web Services Pemantauan Hidroponik\WebServicePemanatauan\app\Controllers\Pengguna.php(18): CodeIgniter\BaseModel->findAll()
#5 D:\Semester 10\Web Services Pemantauan Hidroponik\WebServicePemanatauan\vendor\codeigniter4\framework\system\CodeIgniter.php(832): App\Controllers\Pengguna->index()
#6 D:\Semester 10\Web Services Pemantauan Hidroponik\WebServicePemanatauan\vendor\codeigniter4\framework\system\CodeIgniter.php(419): CodeIgniter\CodeIgniter->runController(Object(App\Controllers\Pengguna))
#7 D:\Semester 10\Web Services Pemantauan Hidroponik\WebServicePemanatauan\vendor\codeigniter4\framework\system\CodeIgniter.php(326): CodeIgniter\CodeIgniter->handleRequest(NULL, Object(Config\Cache), false)
#8 D:\Semester 10\Web Services Pemantauan Hidroponik\WebServicePemanatauan\public\index.php(37): CodeIgniter\CodeIgniter->run()
#9 D:\Semester 10\Web Services Pemantauan Hidroponik\WebServicePemanatauan\vendor\codeigniter4\framework\system\Commands\Server\rewrite.php(43): require_once('D:\\Semester 10\\...')
#10 {main}
ERROR - 2022-04-07 10:43:20 --> Error connecting to the database: No connection could be made because the target machine actively refused it.

CRITICAL - 2022-04-07 10:43:20 --> Unable to connect to the database.
Main connection [MySQLi]: No connection could be made because the target machine actively refused it.

#0 D:\Semester 10\Web Services Pemantauan Hidroponik\WebServicePemanatauan\vendor\codeigniter4\framework\system\Database\BaseConnection.php(577): CodeIgniter\Database\BaseConnection->initialize()
#1 D:\Semester 10\Web Services Pemantauan Hidroponik\WebServicePemanatauan\vendor\codeigniter4\framework\system\Database\BaseBuilder.php(1455): CodeIgniter\Database\BaseConnection->query('SELECT *\nFROM `...', Array, false)
#2 D:\Semester 10\Web Services Pemantauan Hidroponik\WebServicePemanatauan\vendor\codeigniter4\framework\system\Model.php(183): CodeIgniter\Database\BaseBuilder->get()
#3 D:\Semester 10\Web Services Pemantauan Hidroponik\WebServicePemanatauan\vendor\codeigniter4\framework\system\BaseModel.php(584): CodeIgniter\Model->doFindAll(0, 0)
#4 D:\Semester 10\Web Services Pemantauan Hidroponik\WebServicePemanatauan\app\Controllers\Pengguna.php(18): CodeIgniter\BaseModel->findAll()
#5 D:\Semester 10\Web Services Pemantauan Hidroponik\WebServicePemanatauan\vendor\codeigniter4\framework\system\CodeIgniter.php(832): App\Controllers\Pengguna->index()
#6 D:\Semester 10\Web Services Pemantauan Hidroponik\WebServicePemanatauan\vendor\codeigniter4\framework\system\CodeIgniter.php(419): CodeIgniter\CodeIgniter->runController(Object(App\Controllers\Pengguna))
#7 D:\Semester 10\Web Services Pemantauan Hidroponik\WebServicePemanatauan\vendor\codeigniter4\framework\system\CodeIgniter.php(326): CodeIgniter\CodeIgniter->handleRequest(NULL, Object(Config\Cache), false)
#8 D:\Semester 10\Web Services Pemantauan Hidroponik\WebServicePemanatauan\public\index.php(37): CodeIgniter\CodeIgniter->run()
#9 D:\Semester 10\Web Services Pemantauan Hidroponik\WebServicePemanatauan\vendor\codeigniter4\framework\system\Commands\Server\rewrite.php(43): require_once('D:\\Semester 10\\...')
#10 {main}
ERROR - 2022-04-07 10:43:51 --> Error connecting to the database: No connection could be made because the target machine actively refused it.

CRITICAL - 2022-04-07 10:43:51 --> Unable to connect to the database.
Main connection [MySQLi]: No connection could be made because the target machine actively refused it.

#0 D:\Semester 10\Web Services Pemantauan Hidroponik\WebServicePemanatauan\vendor\codeigniter4\framework\system\Database\BaseConnection.php(577): CodeIgniter\Database\BaseConnection->initialize()
#1 D:\Semester 10\Web Services Pemantauan Hidroponik\WebServicePemanatauan\vendor\codeigniter4\framework\system\Database\BaseBuilder.php(1455): CodeIgniter\Database\BaseConnection->query('SELECT *\nFROM `...', Array, false)
#2 D:\Semester 10\Web Services Pemantauan Hidroponik\WebServicePemanatauan\vendor\codeigniter4\framework\system\Model.php(183): CodeIgniter\Database\BaseBuilder->get()
#3 D:\Semester 10\Web Services Pemantauan Hidroponik\WebServicePemanatauan\vendor\codeigniter4\framework\system\BaseModel.php(584): CodeIgniter\Model->doFindAll(0, 0)
#4 D:\Semester 10\Web Services Pemantauan Hidroponik\WebServicePemanatauan\app\Controllers\Pengguna.php(18): CodeIgniter\BaseModel->findAll()
#5 D:\Semester 10\Web Services Pemantauan Hidroponik\WebServicePemanatauan\vendor\codeigniter4\framework\system\CodeIgniter.php(832): App\Controllers\Pengguna->index()
#6 D:\Semester 10\Web Services Pemantauan Hidroponik\WebServicePemanatauan\vendor\codeigniter4\framework\system\CodeIgniter.php(419): CodeIgniter\CodeIgniter->runController(Object(App\Controllers\Pengguna))
#7 D:\Semester 10\Web Services Pemantauan Hidroponik\WebServicePemanatauan\vendor\codeigniter4\framework\system\CodeIgniter.php(326): CodeIgniter\CodeIgniter->handleRequest(NULL, Object(Config\Cache), false)
#8 D:\Semester 10\Web Services Pemantauan Hidroponik\WebServicePemanatauan\public\index.php(37): CodeIgniter\CodeIgniter->run()
#9 D:\Semester 10\Web Services Pemantauan Hidroponik\WebServicePemanatauan\vendor\codeigniter4\framework\system\Commands\Server\rewrite.php(43): require_once('D:\\Semester 10\\...')
#10 {main}
ERROR - 2022-04-07 10:44:18 --> Error connecting to the database: No connection could be made because the target machine actively refused it.

CRITICAL - 2022-04-07 10:44:18 --> Unable to connect to the database.
Main connection [MySQLi]: No connection could be made because the target machine actively refused it.

#0 D:\Semester 10\Web Services Pemantauan Hidroponik\WebServicePemanatauan\vendor\codeigniter4\framework\system\Database\BaseConnection.php(577): CodeIgniter\Database\BaseConnection->initialize()
#1 D:\Semester 10\Web Services Pemantauan Hidroponik\WebServicePemanatauan\vendor\codeigniter4\framework\system\Database\BaseBuilder.php(1455): CodeIgniter\Database\BaseConnection->query('SELECT *\nFROM `...', Array, false)
#2 D:\Semester 10\Web Services Pemantauan Hidroponik\WebServicePemanatauan\vendor\codeigniter4\framework\system\Model.php(183): CodeIgniter\Database\BaseBuilder->get()
#3 D:\Semester 10\Web Services Pemantauan Hidroponik\WebServicePemanatauan\vendor\codeigniter4\framework\system\BaseModel.php(584): CodeIgniter\Model->doFindAll(0, 0)
#4 D:\Semester 10\Web Services Pemantauan Hidroponik\WebServicePemanatauan\app\Controllers\Pengguna.php(18): CodeIgniter\BaseModel->findAll()
#5 D:\Semester 10\Web Services Pemantauan Hidroponik\WebServicePemanatauan\vendor\codeigniter4\framework\system\CodeIgniter.php(832): App\Controllers\Pengguna->index()
#6 D:\Semester 10\Web Services Pemantauan Hidroponik\WebServicePemanatauan\vendor\codeigniter4\framework\system\CodeIgniter.php(419): CodeIgniter\CodeIgniter->runController(Object(App\Controllers\Pengguna))
#7 D:\Semester 10\Web Services Pemantauan Hidroponik\WebServicePemanatauan\vendor\codeigniter4\framework\system\CodeIgniter.php(326): CodeIgniter\CodeIgniter->handleRequest(NULL, Object(Config\Cache), false)
#8 D:\Semester 10\Web Services Pemantauan Hidroponik\WebServicePemanatauan\public\index.php(37): CodeIgniter\CodeIgniter->run()
#9 D:\Semester 10\Web Services Pemantauan Hidroponik\WebServicePemanatauan\vendor\codeigniter4\framework\system\Commands\Server\rewrite.php(43): require_once('D:\\Semester 10\\...')
#10 {main}
ERROR - 2022-04-07 10:46:50 --> Error connecting to the database: No connection could be made because the target machine actively refused it.

CRITICAL - 2022-04-07 10:46:50 --> Unable to connect to the database.
Main connection [MySQLi]: No connection could be made because the target machine actively refused it.

#0 D:\Semester 10\Web Services Pemantauan Hidroponik\WebServicePemanatauan\vendor\codeigniter4\framework\system\Database\BaseConnection.php(577): CodeIgniter\Database\BaseConnection->initialize()
#1 D:\Semester 10\Web Services Pemantauan Hidroponik\WebServicePemanatauan\vendor\codeigniter4\framework\system\Database\BaseBuilder.php(1455): CodeIgniter\Database\BaseConnection->query('SELECT *\nFROM `...', Array, false)
#2 D:\Semester 10\Web Services Pemantauan Hidroponik\WebServicePemanatauan\vendor\codeigniter4\framework\system\Model.php(183): CodeIgniter\Database\BaseBuilder->get()
#3 D:\Semester 10\Web Services Pemantauan Hidroponik\WebServicePemanatauan\vendor\codeigniter4\framework\system\BaseModel.php(584): CodeIgniter\Model->doFindAll(0, 0)
#4 D:\Semester 10\Web Services Pemantauan Hidroponik\WebServicePemanatauan\app\Controllers\Pengguna.php(18): CodeIgniter\BaseModel->findAll()
#5 D:\Semester 10\Web Services Pemantauan Hidroponik\WebServicePemanatauan\vendor\codeigniter4\framework\system\CodeIgniter.php(832): App\Controllers\Pengguna->index()
#6 D:\Semester 10\Web Services Pemantauan Hidroponik\WebServicePemanatauan\vendor\codeigniter4\framework\system\CodeIgniter.php(419): CodeIgniter\CodeIgniter->runController(Object(App\Controllers\Pengguna))
#7 D:\Semester 10\Web Services Pemantauan Hidroponik\WebServicePemanatauan\vendor\codeigniter4\framework\system\CodeIgniter.php(326): CodeIgniter\CodeIgniter->handleRequest(NULL, Object(Config\Cache), false)
#8 D:\Semester 10\Web Services Pemantauan Hidroponik\WebServicePemanatauan\public\index.php(37): CodeIgniter\CodeIgniter->run()
#9 D:\Semester 10\Web Services Pemantauan Hidroponik\WebServicePemanatauan\vendor\codeigniter4\framework\system\Commands\Server\rewrite.php(43): require_once('D:\\Semester 10\\...')
#10 {main}
ERROR - 2022-04-07 10:51:11 --> Error connecting to the database: No connection could be made because the target machine actively refused it.

CRITICAL - 2022-04-07 10:51:11 --> Unable to connect to the database.
Main connection [MySQLi]: No connection could be made because the target machine actively refused it.

#0 D:\Semester 10\Web Services Pemantauan Hidroponik\WebServicePemanatauan\vendor\codeigniter4\framework\system\Database\BaseConnection.php(577): CodeIgniter\Database\BaseConnection->initialize()
#1 D:\Semester 10\Web Services Pemantauan Hidroponik\WebServicePemanatauan\vendor\codeigniter4\framework\system\Database\BaseBuilder.php(1455): CodeIgniter\Database\BaseConnection->query('SELECT *\nFROM `...', Array, false)
#2 D:\Semester 10\Web Services Pemantauan Hidroponik\WebServicePemanatauan\vendor\codeigniter4\framework\system\Model.php(183): CodeIgniter\Database\BaseBuilder->get()
#3 D:\Semester 10\Web Services Pemantauan Hidroponik\WebServicePemanatauan\vendor\codeigniter4\framework\system\BaseModel.php(584): CodeIgniter\Model->doFindAll(0, 0)
#4 D:\Semester 10\Web Services Pemantauan Hidroponik\WebServicePemanatauan\app\Controllers\Pengguna.php(18): CodeIgniter\BaseModel->findAll()
#5 D:\Semester 10\Web Services Pemantauan Hidroponik\WebServicePemanatauan\vendor\codeigniter4\framework\system\CodeIgniter.php(832): App\Controllers\Pengguna->index()
#6 D:\Semester 10\Web Services Pemantauan Hidroponik\WebServicePemanatauan\vendor\codeigniter4\framework\system\CodeIgniter.php(419): CodeIgniter\CodeIgniter->runController(Object(App\Controllers\Pengguna))
#7 D:\Semester 10\Web Services Pemantauan Hidroponik\WebServicePemanatauan\vendor\codeigniter4\framework\system\CodeIgniter.php(326): CodeIgniter\CodeIgniter->handleRequest(NULL, Object(Config\Cache), false)
#8 D:\Semester 10\Web Services Pemantauan Hidroponik\WebServicePemanatauan\public\index.php(37): CodeIgniter\CodeIgniter->run()
#9 D:\Semester 10\Web Services Pemantauan Hidroponik\WebServicePemanatauan\vendor\codeigniter4\framework\system\Commands\Server\rewrite.php(43): require_once('D:\\Semester 10\\...')
#10 {main}
ERROR - 2022-04-07 10:56:37 --> Error connecting to the database: No connection could be made because the target machine actively refused it.

CRITICAL - 2022-04-07 10:56:37 --> Unable to connect to the database.
Main connection [MySQLi]: No connection could be made because the target machine actively refused it.

#0 D:\Semester 10\Web Services Pemantauan Hidroponik\WebServicePemanatauan\vendor\codeigniter4\framework\system\Database\BaseConnection.php(577): CodeIgniter\Database\BaseConnection->initialize()
#1 D:\Semester 10\Web Services Pemantauan Hidroponik\WebServicePemanatauan\vendor\codeigniter4\framework\system\Database\BaseBuilder.php(1455): CodeIgniter\Database\BaseConnection->query('SELECT *\nFROM `...', Array, false)
#2 D:\Semester 10\Web Services Pemantauan Hidroponik\WebServicePemanatauan\vendor\codeigniter4\framework\system\Model.php(183): CodeIgniter\Database\BaseBuilder->get()
#3 D:\Semester 10\Web Services Pemantauan Hidroponik\WebServicePemanatauan\vendor\codeigniter4\framework\system\BaseModel.php(584): CodeIgniter\Model->doFindAll(0, 0)
#4 D:\Semester 10\Web Services Pemantauan Hidroponik\WebServicePemanatauan\app\Controllers\Pengguna.php(18): CodeIgniter\BaseModel->findAll()
#5 D:\Semester 10\Web Services Pemantauan Hidroponik\WebServicePemanatauan\vendor\codeigniter4\framework\system\CodeIgniter.php(832): App\Controllers\Pengguna->index()
#6 D:\Semester 10\Web Services Pemantauan Hidroponik\WebServicePemanatauan\vendor\codeigniter4\framework\system\CodeIgniter.php(419): CodeIgniter\CodeIgniter->runController(Object(App\Controllers\Pengguna))
#7 D:\Semester 10\Web Services Pemantauan Hidroponik\WebServicePemanatauan\vendor\codeigniter4\framework\system\CodeIgniter.php(326): CodeIgniter\CodeIgniter->handleRequest(NULL, Object(Config\Cache), false)
#8 D:\Semester 10\Web Services Pemantauan Hidroponik\WebServicePemanatauan\public\index.php(37): CodeIgniter\CodeIgniter->run()
#9 D:\Semester 10\Web Services Pemantauan Hidroponik\WebServicePemanatauan\vendor\codeigniter4\framework\system\Commands\Server\rewrite.php(43): require_once('D:\\Semester 10\\...')
#10 {main}
ERROR - 2022-04-07 10:59:36 --> Error connecting to the database: No connection could be made because the target machine actively refused it.

CRITICAL - 2022-04-07 10:59:36 --> Unable to connect to the database.
Main connection [MySQLi]: No connection could be made because the target machine actively refused it.

#0 D:\Semester 10\Web Services Pemantauan Hidroponik\WebServicePemanatauan\vendor\codeigniter4\framework\system\Database\BaseConnection.php(577): CodeIgniter\Database\BaseConnection->initialize()
#1 D:\Semester 10\Web Services Pemantauan Hidroponik\WebServicePemanatauan\vendor\codeigniter4\framework\system\Database\BaseBuilder.php(1455): CodeIgniter\Database\BaseConnection->query('SELECT *\nFROM `...', Array, false)
#2 D:\Semester 10\Web Services Pemantauan Hidroponik\WebServicePemanatauan\vendor\codeigniter4\framework\system\Model.php(183): CodeIgniter\Database\BaseBuilder->get()
#3 D:\Semester 10\Web Services Pemantauan Hidroponik\WebServicePemanatauan\vendor\codeigniter4\framework\system\BaseModel.php(584): CodeIgniter\Model->doFindAll(0, 0)
#4 D:\Semester 10\Web Services Pemantauan Hidroponik\WebServicePemanatauan\app\Controllers\Pengguna.php(18): CodeIgniter\BaseModel->findAll()
#5 D:\Semester 10\Web Services Pemantauan Hidroponik\WebServicePemanatauan\vendor\codeigniter4\framework\system\CodeIgniter.php(832): App\Controllers\Pengguna->index()
#6 D:\Semester 10\Web Services Pemantauan Hidroponik\WebServicePemanatauan\vendor\codeigniter4\framework\system\CodeIgniter.php(419): CodeIgniter\CodeIgniter->runController(Object(App\Controllers\Pengguna))
#7 D:\Semester 10\Web Services Pemantauan Hidroponik\WebServicePemanatauan\vendor\codeigniter4\framework\system\CodeIgniter.php(326): CodeIgniter\CodeIgniter->handleRequest(NULL, Object(Config\Cache), false)
#8 D:\Semester 10\Web Services Pemantauan Hidroponik\WebServicePemanatauan\public\index.php(37): CodeIgniter\CodeIgniter->run()
#9 D:\Semester 10\Web Services Pemantauan Hidroponik\WebServicePemanatauan\vendor\codeigniter4\framework\system\Commands\Server\rewrite.php(43): require_once('D:\\Semester 10\\...')
#10 {main}
ERROR - 2022-04-07 12:50:20 --> Error connecting to the database: No connection could be made because the target machine actively refused it.

CRITICAL - 2022-04-07 12:50:20 --> Unable to connect to the database.
Main connection [MySQLi]: No connection could be made because the target machine actively refused it.

#0 D:\Semester 10\Web Services Pemantauan Hidroponik\WebServicePemanatauan\vendor\codeigniter4\framework\system\Database\BaseConnection.php(577): CodeIgniter\Database\BaseConnection->initialize()
#1 D:\Semester 10\Web Services Pemantauan Hidroponik\WebServicePemanatauan\vendor\codeigniter4\framework\system\Database\BaseBuilder.php(1455): CodeIgniter\Database\BaseConnection->query('SELECT *\nFROM `...', Array, false)
#2 D:\Semester 10\Web Services Pemantauan Hidroponik\WebServicePemanatauan\vendor\codeigniter4\framework\system\Model.php(183): CodeIgniter\Database\BaseBuilder->get()
#3 D:\Semester 10\Web Services Pemantauan Hidroponik\WebServicePemanatauan\vendor\codeigniter4\framework\system\BaseModel.php(584): CodeIgniter\Model->doFindAll(0, 0)
#4 D:\Semester 10\Web Services Pemantauan Hidroponik\WebServicePemanatauan\app\Controllers\Pengguna.php(18): CodeIgniter\BaseModel->findAll()
#5 D:\Semester 10\Web Services Pemantauan Hidroponik\WebServicePemanatauan\vendor\codeigniter4\framework\system\CodeIgniter.php(832): App\Controllers\Pengguna->index()
#6 D:\Semester 10\Web Services Pemantauan Hidroponik\WebServicePemanatauan\vendor\codeigniter4\framework\system\CodeIgniter.php(419): CodeIgniter\CodeIgniter->runController(Object(App\Controllers\Pengguna))
#7 D:\Semester 10\Web Services Pemantauan Hidroponik\WebServicePemanatauan\vendor\codeigniter4\framework\system\CodeIgniter.php(326): CodeIgniter\CodeIgniter->handleRequest(NULL, Object(Config\Cache), false)
#8 D:\Semester 10\Web Services Pemantauan Hidroponik\WebServicePemanatauan\public\index.php(37): CodeIgniter\CodeIgniter->run()
#9 D:\Semester 10\Web Services Pemantauan Hidroponik\WebServicePemanatauan\vendor\codeigniter4\framework\system\Commands\Server\rewrite.php(43): require_once('D:\\Semester 10\\...')
#10 {main}
ERROR - 2022-04-07 12:50:42 --> Error connecting to the database: No connection could be made because the target machine actively refused it.

CRITICAL - 2022-04-07 12:50:42 --> Unable to connect to the database.
Main connection [MySQLi]: No connection could be made because the target machine actively refused it.

#0 D:\Semester 10\Web Services Pemantauan Hidroponik\WebServicePemanatauan\vendor\codeigniter4\framework\system\Database\BaseConnection.php(577): CodeIgniter\Database\BaseConnection->initialize()
#1 D:\Semester 10\Web Services Pemantauan Hidroponik\WebServicePemanatauan\vendor\codeigniter4\framework\system\Database\BaseBuilder.php(1455): CodeIgniter\Database\BaseConnection->query('SELECT *\nFROM `...', Array, false)
#2 D:\Semester 10\Web Services Pemantauan Hidroponik\WebServicePemanatauan\vendor\codeigniter4\framework\system\Model.php(183): CodeIgniter\Database\BaseBuilder->get()
#3 D:\Semester 10\Web Services Pemantauan Hidroponik\WebServicePemanatauan\vendor\codeigniter4\framework\system\BaseModel.php(584): CodeIgniter\Model->doFindAll(0, 0)
#4 D:\Semester 10\Web Services Pemantauan Hidroponik\WebServicePemanatauan\app\Controllers\Pengguna.php(18): CodeIgniter\BaseModel->findAll()
#5 D:\Semester 10\Web Services Pemantauan Hidroponik\WebServicePemanatauan\vendor\codeigniter4\framework\system\CodeIgniter.php(832): App\Controllers\Pengguna->index()
#6 D:\Semester 10\Web Services Pemantauan Hidroponik\WebServicePemanatauan\vendor\codeigniter4\framework\system\CodeIgniter.php(419): CodeIgniter\CodeIgniter->runController(Object(App\Controllers\Pengguna))
#7 D:\Semester 10\Web Services Pemantauan Hidroponik\WebServicePemanatauan\vendor\codeigniter4\framework\system\CodeIgniter.php(326): CodeIgniter\CodeIgniter->handleRequest(NULL, Object(Config\Cache), false)
#8 D:\Semester 10\Web Services Pemantauan Hidroponik\WebServicePemanatauan\public\index.php(37): CodeIgniter\CodeIgniter->run()
#9 D:\Semester 10\Web Services Pemantauan Hidroponik\WebServicePemanatauan\vendor\codeigniter4\framework\system\Commands\Server\rewrite.php(43): require_once('D:\\Semester 10\\...')
#10 {main}
ERROR - 2022-04-07 12:52:14 --> Error connecting to the database: No connection could be made because the target machine actively refused it.

CRITICAL - 2022-04-07 12:52:14 --> Unable to connect to the database.
Main connection [MySQLi]: No connection could be made because the target machine actively refused it.

#0 D:\Semester 10\Web Services Pemantauan Hidroponik\WebServicePemanatauan\vendor\codeigniter4\framework\system\Database\BaseConnection.php(577): CodeIgniter\Database\BaseConnection->initialize()
#1 D:\Semester 10\Web Services Pemantauan Hidroponik\WebServicePemanatauan\vendor\codeigniter4\framework\system\Database\BaseBuilder.php(1455): CodeIgniter\Database\BaseConnection->query('SELECT *\nFROM `...', Array, false)
#2 D:\Semester 10\Web Services Pemantauan Hidroponik\WebServicePemanatauan\vendor\codeigniter4\framework\system\Model.php(183): CodeIgniter\Database\BaseBuilder->get()
#3 D:\Semester 10\Web Services Pemantauan Hidroponik\WebServicePemanatauan\vendor\codeigniter4\framework\system\BaseModel.php(584): CodeIgniter\Model->doFindAll(0, 0)
#4 D:\Semester 10\Web Services Pemantauan Hidroponik\WebServicePemanatauan\app\Controllers\Pengguna.php(18): CodeIgniter\BaseModel->findAll()
#5 D:\Semester 10\Web Services Pemantauan Hidroponik\WebServicePemanatauan\vendor\codeigniter4\framework\system\CodeIgniter.php(832): App\Controllers\Pengguna->index()
#6 D:\Semester 10\Web Services Pemantauan Hidroponik\WebServicePemanatauan\vendor\codeigniter4\framework\system\CodeIgniter.php(419): CodeIgniter\CodeIgniter->runController(Object(App\Controllers\Pengguna))
#7 D:\Semester 10\Web Services Pemantauan Hidroponik\WebServicePemanatauan\vendor\codeigniter4\framework\system\CodeIgniter.php(326): CodeIgniter\CodeIgniter->handleRequest(NULL, Object(Config\Cache), false)
#8 D:\Semester 10\Web Services Pemantauan Hidroponik\WebServicePemanatauan\public\index.php(37): CodeIgniter\CodeIgniter->run()
#9 D:\Semester 10\Web Services Pemantauan Hidroponik\WebServicePemanatauan\vendor\codeigniter4\framework\system\Commands\Server\rewrite.php(43): require_once('D:\\Semester 10\\...')
#10 {main}
CRITICAL - 2022-04-07 13:05:54 --> Namespace declaration statement has to be the very first statement or after any declare call in the script
#0 [internal function]: CodeIgniter\Debug\Exceptions->shutdownHandler()
#1 {main}
ERROR - 2022-04-07 13:06:27 --> Error connecting to the database: No connection could be made because the target machine actively refused it.

CRITICAL - 2022-04-07 13:06:27 --> Unable to connect to the database.
Main connection [MySQLi]: No connection could be made because the target machine actively refused it.

#0 D:\Semester 10\Web Services Pemantauan Hidroponik\WebServicePemanatauan\vendor\codeigniter4\framework\system\Database\BaseConnection.php(577): CodeIgniter\Database\BaseConnection->initialize()
#1 D:\Semester 10\Web Services Pemantauan Hidroponik\WebServicePemanatauan\app\Controllers\Pengguna.php(10): CodeIgniter\Database\BaseConnection->query('SELECT * FROM p...')
#2 D:\Semester 10\Web Services Pemantauan Hidroponik\WebServicePemanatauan\vendor\codeigniter4\framework\system\Autoloader\Autoloader.php(264): include_once('D:\\Semester 10\\...')
#3 D:\Semester 10\Web Services Pemantauan Hidroponik\WebServicePemanatauan\vendor\codeigniter4\framework\system\Autoloader\Autoloader.php(241): CodeIgniter\Autoloader\Autoloader->includeFile('D:\\Semester 10\\...')
#4 D:\Semester 10\Web Services Pemantauan Hidroponik\WebServicePemanatauan\vendor\codeigniter4\framework\system\Autoloader\Autoloader.php(219): CodeIgniter\Autoloader\Autoloader->loadInNamespace('App\\Controllers...')
#5 [internal function]: CodeIgniter\Autoloader\Autoloader->loadClass('App\\Controllers...')
#6 [internal function]: spl_autoload_call('App\\Controllers...')
#7 D:\Semester 10\Web Services Pemantauan Hidroponik\WebServicePemanatauan\vendor\codeigniter4\framework\system\CodeIgniter.php(797): class_exists('\\App\\Controller...', true)
#8 D:\Semester 10\Web Services Pemantauan Hidroponik\WebServicePemanatauan\vendor\codeigniter4\framework\system\CodeIgniter.php(406): CodeIgniter\CodeIgniter->startController()
#9 D:\Semester 10\Web Services Pemantauan Hidroponik\WebServicePemanatauan\vendor\codeigniter4\framework\system\CodeIgniter.php(326): CodeIgniter\CodeIgniter->handleRequest(NULL, Object(Config\Cache), false)
#10 D:\Semester 10\Web Services Pemantauan Hidroponik\WebServicePemanatauan\public\index.php(37): CodeIgniter\CodeIgniter->run()
#11 D:\Semester 10\Web Services Pemantauan Hidroponik\WebServicePemanatauan\vendor\codeigniter4\framework\system\Commands\Server\rewrite.php(43): require_once('D:\\Semester 10\\...')
#12 {main}
ERROR - 2022-04-07 13:08:15 --> Error connecting to the database: No connection could be made because the target machine actively refused it.

CRITICAL - 2022-04-07 13:08:15 --> Unable to connect to the database.
Main connection [MySQLi]: No connection could be made because the target machine actively refused it.

#0 D:\Semester 10\Web Services Pemantauan Hidroponik\WebServicePemanatauan\vendor\codeigniter4\framework\system\Database\BaseConnection.php(577): CodeIgniter\Database\BaseConnection->initialize()
#1 D:\Semester 10\Web Services Pemantauan Hidroponik\WebServicePemanatauan\app\Controllers\Pengguna.php(10): CodeIgniter\Database\BaseConnection->query('SELECT * FROM p...')
#2 D:\Semester 10\Web Services Pemantauan Hidroponik\WebServicePemanatauan\vendor\codeigniter4\framework\system\Autoloader\Autoloader.php(264): include_once('D:\\Semester 10\\...')
#3 D:\Semester 10\Web Services Pemantauan Hidroponik\WebServicePemanatauan\vendor\codeigniter4\framework\system\Autoloader\Autoloader.php(241): CodeIgniter\Autoloader\Autoloader->includeFile('D:\\Semester 10\\...')
#4 D:\Semester 10\Web Services Pemantauan Hidroponik\WebServicePemanatauan\vendor\codeigniter4\framework\system\Autoloader\Autoloader.php(219): CodeIgniter\Autoloader\Autoloader->loadInNamespace('App\\Controllers...')
#5 [internal function]: CodeIgniter\Autoloader\Autoloader->loadClass('App\\Controllers...')
#6 [internal function]: spl_autoload_call('App\\Controllers...')
#7 D:\Semester 10\Web Services Pemantauan Hidroponik\WebServicePemanatauan\vendor\codeigniter4\framework\system\CodeIgniter.php(797): class_exists('\\App\\Controller...', true)
#8 D:\Semester 10\Web Services Pemantauan Hidroponik\WebServicePemanatauan\vendor\codeigniter4\framework\system\CodeIgniter.php(406): CodeIgniter\CodeIgniter->startController()
#9 D:\Semester 10\Web Services Pemantauan Hidroponik\WebServicePemanatauan\vendor\codeigniter4\framework\system\CodeIgniter.php(326): CodeIgniter\CodeIgniter->handleRequest(NULL, Object(Config\Cache), false)
#10 D:\Semester 10\Web Services Pemantauan Hidroponik\WebServicePemanatauan\public\index.php(37): CodeIgniter\CodeIgniter->run()
#11 D:\Semester 10\Web Services Pemantauan Hidroponik\WebServicePemanatauan\vendor\codeigniter4\framework\system\Commands\Server\rewrite.php(43): require_once('D:\\Semester 10\\...')
#12 {main}
ERROR - 2022-04-07 13:10:46 --> Error connecting to the database: No connection could be made because the target machine actively refused it.

CRITICAL - 2022-04-07 13:10:46 --> Unable to connect to the database.
Main connection [MySQLi]: No connection could be made because the target machine actively refused it.

#0 D:\Semester 10\Web Services Pemantauan Hidroponik\WebServicePemanatauan\vendor\codeigniter4\framework\system\Database\BaseConnection.php(577): CodeIgniter\Database\BaseConnection->initialize()
#1 D:\Semester 10\Web Services Pemantauan Hidroponik\WebServicePemanatauan\app\Controllers\Pengguna.php(10): CodeIgniter\Database\BaseConnection->query('SELECT * FROM p...')
#2 D:\Semester 10\Web Services Pemantauan Hidroponik\WebServicePemanatauan\vendor\codeigniter4\framework\system\Autoloader\Autoloader.php(264): include_once('D:\\Semester 10\\...')
#3 D:\Semester 10\Web Services Pemantauan Hidroponik\WebServicePemanatauan\vendor\codeigniter4\framework\system\Autoloader\Autoloader.php(241): CodeIgniter\Autoloader\Autoloader->includeFile('D:\\Semester 10\\...')
#4 D:\Semester 10\Web Services Pemantauan Hidroponik\WebServicePemanatauan\vendor\codeigniter4\framework\system\Autoloader\Autoloader.php(219): CodeIgniter\Autoloader\Autoloader->loadInNamespace('App\\Controllers...')
#5 [internal function]: CodeIgniter\Autoloader\Autoloader->loadClass('App\\Controllers...')
#6 [internal function]: spl_autoload_call('App\\Controllers...')
#7 D:\Semester 10\Web Services Pemantauan Hidroponik\WebServicePemanatauan\vendor\codeigniter4\framework\system\CodeIgniter.php(797): class_exists('\\App\\Controller...', true)
#8 D:\Semester 10\Web Services Pemantauan Hidroponik\WebServicePemanatauan\vendor\codeigniter4\framework\system\CodeIgniter.php(406): CodeIgniter\CodeIgniter->startController()
#9 D:\Semester 10\Web Services Pemantauan Hidroponik\WebServicePemanatauan\vendor\codeigniter4\framework\system\CodeIgniter.php(326): CodeIgniter\CodeIgniter->handleRequest(NULL, Object(Config\Cache), false)
#10 D:\Semester 10\Web Services Pemantauan Hidroponik\WebServicePemanatauan\public\index.php(37): CodeIgniter\CodeIgniter->run()
#11 D:\Semester 10\Web Services Pemantauan Hidroponik\WebServicePemanatauan\vendor\codeigniter4\framework\system\Commands\Server\rewrite.php(43): require_once('D:\\Semester 10\\...')
#12 {main}
ERROR - 2022-04-07 13:11:49 --> Error connecting to the database: No connection could be made because the target machine actively refused it.

CRITICAL - 2022-04-07 13:11:49 --> Unable to connect to the database.
Main connection [MySQLi]: No connection could be made because the target machine actively refused it.

#0 D:\Semester 10\Web Services Pemantauan Hidroponik\WebServicePemanatauan\vendor\codeigniter4\framework\system\Database\BaseConnection.php(577): CodeIgniter\Database\BaseConnection->initialize()
#1 D:\Semester 10\Web Services Pemantauan Hidroponik\WebServicePemanatauan\app\Controllers\Pengguna.php(10): CodeIgniter\Database\BaseConnection->query('SELECT * FROM p...')
#2 D:\Semester 10\Web Services Pemantauan Hidroponik\WebServicePemanatauan\vendor\codeigniter4\framework\system\Autoloader\Autoloader.php(264): include_once('D:\\Semester 10\\...')
#3 D:\Semester 10\Web Services Pemantauan Hidroponik\WebServicePemanatauan\vendor\codeigniter4\framework\system\Autoloader\Autoloader.php(241): CodeIgniter\Autoloader\Autoloader->includeFile('D:\\Semester 10\\...')
#4 D:\Semester 10\Web Services Pemantauan Hidroponik\WebServicePemanatauan\vendor\codeigniter4\framework\system\Autoloader\Autoloader.php(219): CodeIgniter\Autoloader\Autoloader->loadInNamespace('App\\Controllers...')
#5 [internal function]: CodeIgniter\Autoloader\Autoloader->loadClass('App\\Controllers...')
#6 [internal function]: spl_autoload_call('App\\Controllers...')
#7 D:\Semester 10\Web Services Pemantauan Hidroponik\WebServicePemanatauan\vendor\codeigniter4\framework\system\CodeIgniter.php(797): class_exists('\\App\\Controller...', true)
#8 D:\Semester 10\Web Services Pemantauan Hidroponik\WebServicePemanatauan\vendor\codeigniter4\framework\system\CodeIgniter.php(406): CodeIgniter\CodeIgniter->startController()
#9 D:\Semester 10\Web Services Pemantauan Hidroponik\WebServicePemanatauan\vendor\codeigniter4\framework\system\CodeIgniter.php(326): CodeIgniter\CodeIgniter->handleRequest(NULL, Object(Config\Cache), false)
#10 D:\Semester 10\Web Services Pemantauan Hidroponik\WebServicePemanatauan\public\index.php(37): CodeIgniter\CodeIgniter->run()
#11 D:\Semester 10\Web Services Pemantauan Hidroponik\WebServicePemanatauan\vendor\codeigniter4\framework\system\Commands\Server\rewrite.php(43): require_once('D:\\Semester 10\\...')
#12 {main}
ERROR - 2022-04-07 13:12:56 --> Error connecting to the database: No connection could be made because the target machine actively refused it.

CRITICAL - 2022-04-07 13:12:56 --> Unable to connect to the database.
Main connection [MySQLi]: No connection could be made because the target machine actively refused it.

#0 D:\Semester 10\Web Services Pemantauan Hidroponik\WebServicePemanatauan\vendor\codeigniter4\framework\system\Database\BaseConnection.php(577): CodeIgniter\Database\BaseConnection->initialize()
#1 D:\Semester 10\Web Services Pemantauan Hidroponik\WebServicePemanatauan\app\Controllers\Pengguna.php(10): CodeIgniter\Database\BaseConnection->query('SELECT * FROM p...')
#2 D:\Semester 10\Web Services Pemantauan Hidroponik\WebServicePemanatauan\vendor\codeigniter4\framework\system\Autoloader\Autoloader.php(264): include_once('D:\\Semester 10\\...')
#3 D:\Semester 10\Web Services Pemantauan Hidroponik\WebServicePemanatauan\vendor\codeigniter4\framework\system\Autoloader\Autoloader.php(241): CodeIgniter\Autoloader\Autoloader->includeFile('D:\\Semester 10\\...')
#4 D:\Semester 10\Web Services Pemantauan Hidroponik\WebServicePemanatauan\vendor\codeigniter4\framework\system\Autoloader\Autoloader.php(219): CodeIgniter\Autoloader\Autoloader->loadInNamespace('App\\Controllers...')
#5 [internal function]: CodeIgniter\Autoloader\Autoloader->loadClass('App\\Controllers...')
#6 [internal function]: spl_autoload_call('App\\Controllers...')
#7 D:\Semester 10\Web Services Pemantauan Hidroponik\WebServicePemanatauan\vendor\codeigniter4\framework\system\CodeIgniter.php(797): class_exists('\\App\\Controller...', true)
#8 D:\Semester 10\Web Services Pemantauan Hidroponik\WebServicePemanatauan\vendor\codeigniter4\framework\system\CodeIgniter.php(406): CodeIgniter\CodeIgniter->startController()
#9 D:\Semester 10\Web Services Pemantauan Hidroponik\WebServicePemanatauan\vendor\codeigniter4\framework\system\CodeIgniter.php(326): CodeIgniter\CodeIgniter->handleRequest(NULL, Object(Config\Cache), false)
#10 D:\Semester 10\Web Services Pemantauan Hidroponik\WebServicePemanatauan\public\index.php(37): CodeIgniter\CodeIgniter->run()
#11 D:\Semester 10\Web Services Pemantauan Hidroponik\WebServicePemanatauan\vendor\codeigniter4\framework\system\Commands\Server\rewrite.php(43): require_once('D:\\Semester 10\\...')
#12 {main}
ERROR - 2022-04-07 13:15:16 --> Error connecting to the database: No connection could be made because the target machine actively refused it.

CRITICAL - 2022-04-07 13:15:16 --> Unable to connect to the database.
Main connection [MySQLi]: No connection could be made because the target machine actively refused it.

#0 D:\Semester 10\Web Services Pemantauan Hidroponik\WebServicePemanatauan\vendor\codeigniter4\framework\system\Database\BaseConnection.php(577): CodeIgniter\Database\BaseConnection->initialize()
#1 D:\Semester 10\Web Services Pemantauan Hidroponik\WebServicePemanatauan\app\Controllers\Pengguna.php(11): CodeIgniter\Database\BaseConnection->query('SELECT * FROM p...')
#2 D:\Semester 10\Web Services Pemantauan Hidroponik\WebServicePemanatauan\vendor\codeigniter4\framework\system\Autoloader\Autoloader.php(264): include_once('D:\\Semester 10\\...')
#3 D:\Semester 10\Web Services Pemantauan Hidroponik\WebServicePemanatauan\vendor\codeigniter4\framework\system\Autoloader\Autoloader.php(241): CodeIgniter\Autoloader\Autoloader->includeFile('D:\\Semester 10\\...')
#4 D:\Semester 10\Web Services Pemantauan Hidroponik\WebServicePemanatauan\vendor\codeigniter4\framework\system\Autoloader\Autoloader.php(219): CodeIgniter\Autoloader\Autoloader->loadInNamespace('App\\Controllers...')
#5 [internal function]: CodeIgniter\Autoloader\Autoloader->loadClass('App\\Controllers...')
#6 [internal function]: spl_autoload_call('App\\Controllers...')
#7 D:\Semester 10\Web Services Pemantauan Hidroponik\WebServicePemanatauan\vendor\codeigniter4\framework\system\CodeIgniter.php(797): class_exists('\\App\\Controller...', true)
#8 D:\Semester 10\Web Services Pemantauan Hidroponik\WebServicePemanatauan\vendor\codeigniter4\framework\system\CodeIgniter.php(406): CodeIgniter\CodeIgniter->startController()
#9 D:\Semester 10\Web Services Pemantauan Hidroponik\WebServicePemanatauan\vendor\codeigniter4\framework\system\CodeIgniter.php(326): CodeIgniter\CodeIgniter->handleRequest(NULL, Object(Config\Cache), false)
#10 D:\Semester 10\Web Services Pemantauan Hidroponik\WebServicePemanatauan\public\index.php(37): CodeIgniter\CodeIgniter->run()
#11 D:\Semester 10\Web Services Pemantauan Hidroponik\WebServicePemanatauan\vendor\codeigniter4\framework\system\Commands\Server\rewrite.php(43): require_once('D:\\Semester 10\\...')
#12 {main}
ERROR - 2022-04-07 13:15:49 --> Error connecting to the database: No connection could be made because the target machine actively refused it.

CRITICAL - 2022-04-07 13:15:49 --> Unable to connect to the database.
Main connection [MySQLi]: No connection could be made because the target machine actively refused it.

#0 D:\Semester 10\Web Services Pemantauan Hidroponik\WebServicePemanatauan\vendor\codeigniter4\framework\system\Database\BaseConnection.php(577): CodeIgniter\Database\BaseConnection->initialize()
#1 D:\Semester 10\Web Services Pemantauan Hidroponik\WebServicePemanatauan\app\Controllers\Pengguna.php(11): CodeIgniter\Database\BaseConnection->query('SELECT * FROM p...')
#2 D:\Semester 10\Web Services Pemantauan Hidroponik\WebServicePemanatauan\vendor\codeigniter4\framework\system\Autoloader\Autoloader.php(264): include_once('D:\\Semester 10\\...')
#3 D:\Semester 10\Web Services Pemantauan Hidroponik\WebServicePemanatauan\vendor\codeigniter4\framework\system\Autoloader\Autoloader.php(241): CodeIgniter\Autoloader\Autoloader->includeFile('D:\\Semester 10\\...')
#4 D:\Semester 10\Web Services Pemantauan Hidroponik\WebServicePemanatauan\vendor\codeigniter4\framework\system\Autoloader\Autoloader.php(219): CodeIgniter\Autoloader\Autoloader->loadInNamespace('App\\Controllers...')
#5 [internal function]: CodeIgniter\Autoloader\Autoloader->loadClass('App\\Controllers...')
#6 [internal function]: spl_autoload_call('App\\Controllers...')
#7 D:\Semester 10\Web Services Pemantauan Hidroponik\WebServicePemanatauan\vendor\codeigniter4\framework\system\CodeIgniter.php(797): class_exists('\\App\\Controller...', true)
#8 D:\Semester 10\Web Services Pemantauan Hidroponik\WebServicePemanatauan\vendor\codeigniter4\framework\system\CodeIgniter.php(406): CodeIgniter\CodeIgniter->startController()
#9 D:\Semester 10\Web Services Pemantauan Hidroponik\WebServicePemanatauan\vendor\codeigniter4\framework\system\CodeIgniter.php(326): CodeIgniter\CodeIgniter->handleRequest(NULL, Object(Config\Cache), false)
#10 D:\Semester 10\Web Services Pemantauan Hidroponik\WebServicePemanatauan\public\index.php(37): CodeIgniter\CodeIgniter->run()
#11 D:\Semester 10\Web Services Pemantauan Hidroponik\WebServicePemanatauan\vendor\codeigniter4\framework\system\Commands\Server\rewrite.php(43): require_once('D:\\Semester 10\\...')
#12 {main}
ERROR - 2022-04-07 13:23:37 --> Error connecting to the database: No connection could be made because the target machine actively refused it.

CRITICAL - 2022-04-07 13:23:37 --> Unable to connect to the database.
Main connection [MySQLi]: No connection could be made because the target machine actively refused it.

#0 D:\Semester 10\Web Services Pemantauan Hidroponik\WebServicePemanatauan\vendor\codeigniter4\framework\system\Database\BaseConnection.php(577): CodeIgniter\Database\BaseConnection->initialize()
#1 D:\Semester 10\Web Services Pemantauan Hidroponik\WebServicePemanatauan\app\Controllers\Pengguna.php(11): CodeIgniter\Database\BaseConnection->query('SELECT * FROM p...')
#2 D:\Semester 10\Web Services Pemantauan Hidroponik\WebServicePemanatauan\vendor\codeigniter4\framework\system\Autoloader\Autoloader.php(264): include_once('D:\\Semester 10\\...')
#3 D:\Semester 10\Web Services Pemantauan Hidroponik\WebServicePemanatauan\vendor\codeigniter4\framework\system\Autoloader\Autoloader.php(241): CodeIgniter\Autoloader\Autoloader->includeFile('D:\\Semester 10\\...')
#4 D:\Semester 10\Web Services Pemantauan Hidroponik\WebServicePemanatauan\vendor\codeigniter4\framework\system\Autoloader\Autoloader.php(219): CodeIgniter\Autoloader\Autoloader->loadInNamespace('App\\Controllers...')
#5 [internal function]: CodeIgniter\Autoloader\Autoloader->loadClass('App\\Controllers...')
#6 [internal function]: spl_autoload_call('App\\Controllers...')
#7 D:\Semester 10\Web Services Pemantauan Hidroponik\WebServicePemanatauan\vendor\codeigniter4\framework\system\CodeIgniter.php(797): class_exists('\\App\\Controller...', true)
#8 D:\Semester 10\Web Services Pemantauan Hidroponik\WebServicePemanatauan\vendor\codeigniter4\framework\system\CodeIgniter.php(406): CodeIgniter\CodeIgniter->startController()
#9 D:\Semester 10\Web Services Pemantauan Hidroponik\WebServicePemanatauan\vendor\codeigniter4\framework\system\CodeIgniter.php(326): CodeIgniter\CodeIgniter->handleRequest(NULL, Object(Config\Cache), false)
#10 D:\Semester 10\Web Services Pemantauan Hidroponik\WebServicePemanatauan\public\index.php(37): CodeIgniter\CodeIgniter->run()
#11 D:\Semester 10\Web Services Pemantauan Hidroponik\WebServicePemanatauan\vendor\codeigniter4\framework\system\Commands\Server\rewrite.php(43): require_once('D:\\Semester 10\\...')
#12 {main}
ERROR - 2022-04-07 13:23:46 --> Error connecting to the database: No connection could be made because the target machine actively refused it.

CRITICAL - 2022-04-07 13:23:46 --> Unable to connect to the database.
Main connection [MySQLi]: No connection could be made because the target machine actively refused it.

#0 D:\Semester 10\Web Services Pemantauan Hidroponik\WebServicePemanatauan\vendor\codeigniter4\framework\system\Database\BaseConnection.php(577): CodeIgniter\Database\BaseConnection->initialize()
#1 D:\Semester 10\Web Services Pemantauan Hidroponik\WebServicePemanatauan\app\Controllers\Pengguna.php(11): CodeIgniter\Database\BaseConnection->query('SELECT * FROM p...')
#2 D:\Semester 10\Web Services Pemantauan Hidroponik\WebServicePemanatauan\vendor\codeigniter4\framework\system\Autoloader\Autoloader.php(264): include_once('D:\\Semester 10\\...')
#3 D:\Semester 10\Web Services Pemantauan Hidroponik\WebServicePemanatauan\vendor\codeigniter4\framework\system\Autoloader\Autoloader.php(241): CodeIgniter\Autoloader\Autoloader->includeFile('D:\\Semester 10\\...')
#4 D:\Semester 10\Web Services Pemantauan Hidroponik\WebServicePemanatauan\vendor\codeigniter4\framework\system\Autoloader\Autoloader.php(219): CodeIgniter\Autoloader\Autoloader->loadInNamespace('App\\Controllers...')
#5 [internal function]: CodeIgniter\Autoloader\Autoloader->loadClass('App\\Controllers...')
#6 [internal function]: spl_autoload_call('App\\Controllers...')
#7 D:\Semester 10\Web Services Pemantauan Hidroponik\WebServicePemanatauan\vendor\codeigniter4\framework\system\CodeIgniter.php(797): class_exists('\\App\\Controller...', true)
#8 D:\Semester 10\Web Services Pemantauan Hidroponik\WebServicePemanatauan\vendor\codeigniter4\framework\system\CodeIgniter.php(406): CodeIgniter\CodeIgniter->startController()
#9 D:\Semester 10\Web Services Pemantauan Hidroponik\WebServicePemanatauan\vendor\codeigniter4\framework\system\CodeIgniter.php(326): CodeIgniter\CodeIgniter->handleRequest(NULL, Object(Config\Cache), false)
#10 D:\Semester 10\Web Services Pemantauan Hidroponik\WebServicePemanatauan\public\index.php(37): CodeIgniter\CodeIgniter->run()
#11 D:\Semester 10\Web Services Pemantauan Hidroponik\WebServicePemanatauan\vendor\codeigniter4\framework\system\Commands\Server\rewrite.php(43): require_once('D:\\Semester 10\\...')
#12 {main}
ERROR - 2022-04-07 13:24:41 --> Error connecting to the database: No connection could be made because the target machine actively refused it.

CRITICAL - 2022-04-07 13:24:41 --> Unable to connect to the database.
Main connection [MySQLi]: No connection could be made because the target machine actively refused it.

#0 D:\Semester 10\Web Services Pemantauan Hidroponik\WebServicePemanatauan\vendor\codeigniter4\framework\system\Database\BaseConnection.php(577): CodeIgniter\Database\BaseConnection->initialize()
#1 D:\Semester 10\Web Services Pemantauan Hidroponik\WebServicePemanatauan\app\Controllers\Pengguna.php(11): CodeIgniter\Database\BaseConnection->query('SELECT * FROM p...')
#2 D:\Semester 10\Web Services Pemantauan Hidroponik\WebServicePemanatauan\vendor\codeigniter4\framework\system\Autoloader\Autoloader.php(264): include_once('D:\\Semester 10\\...')
#3 D:\Semester 10\Web Services Pemantauan Hidroponik\WebServicePemanatauan\vendor\codeigniter4\framework\system\Autoloader\Autoloader.php(241): CodeIgniter\Autoloader\Autoloader->includeFile('D:\\Semester 10\\...')
#4 D:\Semester 10\Web Services Pemantauan Hidroponik\WebServicePemanatauan\vendor\codeigniter4\framework\system\Autoloader\Autoloader.php(219): CodeIgniter\Autoloader\Autoloader->loadInNamespace('App\\Controllers...')
#5 [internal function]: CodeIgniter\Autoloader\Autoloader->loadClass('App\\Controllers...')
#6 [internal function]: spl_autoload_call('App\\Controllers...')
#7 D:\Semester 10\Web Services Pemantauan Hidroponik\WebServicePemanatauan\vendor\codeigniter4\framework\system\CodeIgniter.php(797): class_exists('\\App\\Controller...', true)
#8 D:\Semester 10\Web Services Pemantauan Hidroponik\WebServicePemanatauan\vendor\codeigniter4\framework\system\CodeIgniter.php(406): CodeIgniter\CodeIgniter->startController()
#9 D:\Semester 10\Web Services Pemantauan Hidroponik\WebServicePemanatauan\vendor\codeigniter4\framework\system\CodeIgniter.php(326): CodeIgniter\CodeIgniter->handleRequest(NULL, Object(Config\Cache), false)
#10 D:\Semester 10\Web Services Pemantauan Hidroponik\WebServicePemanatauan\public\index.php(37): CodeIgniter\CodeIgniter->run()
#11 D:\Semester 10\Web Services Pemantauan Hidroponik\WebServicePemanatauan\vendor\codeigniter4\framework\system\Commands\Server\rewrite.php(43): require_once('D:\\Semester 10\\...')
#12 {main}
ERROR - 2022-04-07 13:24:53 --> Error connecting to the database: No connection could be made because the target machine actively refused it.

CRITICAL - 2022-04-07 13:24:53 --> Unable to connect to the database.
Main connection [MySQLi]: No connection could be made because the target machine actively refused it.

#0 D:\Semester 10\Web Services Pemantauan Hidroponik\WebServicePemanatauan\vendor\codeigniter4\framework\system\Database\BaseConnection.php(577): CodeIgniter\Database\BaseConnection->initialize()
#1 D:\Semester 10\Web Services Pemantauan Hidroponik\WebServicePemanatauan\app\Controllers\Pengguna.php(11): CodeIgniter\Database\BaseConnection->query('SELECT * FROM p...')
#2 D:\Semester 10\Web Services Pemantauan Hidroponik\WebServicePemanatauan\vendor\codeigniter4\framework\system\Autoloader\Autoloader.php(264): include_once('D:\\Semester 10\\...')
#3 D:\Semester 10\Web Services Pemantauan Hidroponik\WebServicePemanatauan\vendor\codeigniter4\framework\system\Autoloader\Autoloader.php(241): CodeIgniter\Autoloader\Autoloader->includeFile('D:\\Semester 10\\...')
#4 D:\Semester 10\Web Services Pemantauan Hidroponik\WebServicePemanatauan\vendor\codeigniter4\framework\system\Autoloader\Autoloader.php(219): CodeIgniter\Autoloader\Autoloader->loadInNamespace('App\\Controllers...')
#5 [internal function]: CodeIgniter\Autoloader\Autoloader->loadClass('App\\Controllers...')
#6 [internal function]: spl_autoload_call('App\\Controllers...')
#7 D:\Semester 10\Web Services Pemantauan Hidroponik\WebServicePemanatauan\vendor\codeigniter4\framework\system\CodeIgniter.php(797): class_exists('\\App\\Controller...', true)
#8 D:\Semester 10\Web Services Pemantauan Hidroponik\WebServicePemanatauan\vendor\codeigniter4\framework\system\CodeIgniter.php(406): CodeIgniter\CodeIgniter->startController()
#9 D:\Semester 10\Web Services Pemantauan Hidroponik\WebServicePemanatauan\vendor\codeigniter4\framework\system\CodeIgniter.php(326): CodeIgniter\CodeIgniter->handleRequest(NULL, Object(Config\Cache), false)
#10 D:\Semester 10\Web Services Pemantauan Hidroponik\WebServicePemanatauan\public\index.php(37): CodeIgniter\CodeIgniter->run()
#11 D:\Semester 10\Web Services Pemantauan Hidroponik\WebServicePemanatauan\vendor\codeigniter4\framework\system\Commands\Server\rewrite.php(43): require_once('D:\\Semester 10\\...')
#12 {main}
ERROR - 2022-04-07 13:30:39 --> Error connecting to the database: No connection could be made because the target machine actively refused it.

CRITICAL - 2022-04-07 13:30:39 --> Unable to connect to the database.
Main connection [MySQLi]: No connection could be made because the target machine actively refused it.

#0 D:\Semester 10\Web Services Pemantauan Hidroponik\WebServicePemanatauan\vendor\codeigniter4\framework\system\Database\BaseConnection.php(577): CodeIgniter\Database\BaseConnection->initialize()
#1 D:\Semester 10\Web Services Pemantauan Hidroponik\WebServicePemanatauan\app\Controllers\Pengguna.php(11): CodeIgniter\Database\BaseConnection->query('SELECT * FROM p...')
#2 D:\Semester 10\Web Services Pemantauan Hidroponik\WebServicePemanatauan\vendor\codeigniter4\framework\system\Autoloader\Autoloader.php(264): include_once('D:\\Semester 10\\...')
#3 D:\Semester 10\Web Services Pemantauan Hidroponik\WebServicePemanatauan\vendor\codeigniter4\framework\system\Autoloader\Autoloader.php(241): CodeIgniter\Autoloader\Autoloader->includeFile('D:\\Semester 10\\...')
#4 D:\Semester 10\Web Services Pemantauan Hidroponik\WebServicePemanatauan\vendor\codeigniter4\framework\system\Autoloader\Autoloader.php(219): CodeIgniter\Autoloader\Autoloader->loadInNamespace('App\\Controllers...')
#5 [internal function]: CodeIgniter\Autoloader\Autoloader->loadClass('App\\Controllers...')
#6 [internal function]: spl_autoload_call('App\\Controllers...')
#7 D:\Semester 10\Web Services Pemantauan Hidroponik\WebServicePemanatauan\vendor\codeigniter4\framework\system\CodeIgniter.php(797): class_exists('\\App\\Controller...', true)
#8 D:\Semester 10\Web Services Pemantauan Hidroponik\WebServicePemanatauan\vendor\codeigniter4\framework\system\CodeIgniter.php(406): CodeIgniter\CodeIgniter->startController()
#9 D:\Semester 10\Web Services Pemantauan Hidroponik\WebServicePemanatauan\vendor\codeigniter4\framework\system\CodeIgniter.php(326): CodeIgniter\CodeIgniter->handleRequest(NULL, Object(Config\Cache), false)
#10 D:\Semester 10\Web Services Pemantauan Hidroponik\WebServicePemanatauan\public\index.php(37): CodeIgniter\CodeIgniter->run()
#11 D:\Semester 10\Web Services Pemantauan Hidroponik\WebServicePemanatauan\vendor\codeigniter4\framework\system\Commands\Server\rewrite.php(43): require_once('D:\\Semester 10\\...')
#12 {main}
ERROR - 2022-04-07 13:37:38 --> Error connecting to the database: No connection could be made because the target machine actively refused it.

CRITICAL - 2022-04-07 13:37:38 --> Unable to connect to the database.
Main connection [MySQLi]: No connection could be made because the target machine actively refused it.

#0 D:\Semester 10\Web Services Pemantauan Hidroponik\WebServicePemanatauan\vendor\codeigniter4\framework\system\Database\BaseConnection.php(577): CodeIgniter\Database\BaseConnection->initialize()
#1 D:\Semester 10\Web Services Pemantauan Hidroponik\WebServicePemanatauan\app\Controllers\Pengguna.php(11): CodeIgniter\Database\BaseConnection->query('SELECT * FROM p...')
#2 D:\Semester 10\Web Services Pemantauan Hidroponik\WebServicePemanatauan\vendor\codeigniter4\framework\system\Autoloader\Autoloader.php(264): include_once('D:\\Semester 10\\...')
#3 D:\Semester 10\Web Services Pemantauan Hidroponik\WebServicePemanatauan\vendor\codeigniter4\framework\system\Autoloader\Autoloader.php(241): CodeIgniter\Autoloader\Autoloader->includeFile('D:\\Semester 10\\...')
#4 D:\Semester 10\Web Services Pemantauan Hidroponik\WebServicePemanatauan\vendor\codeigniter4\framework\system\Autoloader\Autoloader.php(219): CodeIgniter\Autoloader\Autoloader->loadInNamespace('App\\Controllers...')
#5 [internal function]: CodeIgniter\Autoloader\Autoloader->loadClass('App\\Controllers...')
#6 [internal function]: spl_autoload_call('App\\Controllers...')
#7 D:\Semester 10\Web Services Pemantauan Hidroponik\WebServicePemanatauan\vendor\codeigniter4\framework\system\CodeIgniter.php(797): class_exists('\\App\\Controller...', true)
#8 D:\Semester 10\Web Services Pemantauan Hidroponik\WebServicePemanatauan\vendor\codeigniter4\framework\system\CodeIgniter.php(406): CodeIgniter\CodeIgniter->startController()
#9 D:\Semester 10\Web Services Pemantauan Hidroponik\WebServicePemanatauan\vendor\codeigniter4\framework\system\CodeIgniter.php(326): CodeIgniter\CodeIgniter->handleRequest(NULL, Object(Config\Cache), false)
#10 D:\Semester 10\Web Services Pemantauan Hidroponik\WebServicePemanatauan\public\index.php(37): CodeIgniter\CodeIgniter->run()
#11 D:\Semester 10\Web Services Pemantauan Hidroponik\WebServicePemanatauan\vendor\codeigniter4\framework\system\Commands\Server\rewrite.php(43): require_once('D:\\Semester 10\\...')
#12 {main}
CRITICAL - 2022-04-07 13:51:02 --> Class 'App\Controllers\mysqli' not found
#0 D:\Semester 10\Web Services Pemantauan Hidroponik\WebServicePemanatauan\vendor\codeigniter4\framework\system\Autoloader\Autoloader.php(264): include_once()
#1 D:\Semester 10\Web Services Pemantauan Hidroponik\WebServicePemanatauan\vendor\codeigniter4\framework\system\Autoloader\Autoloader.php(241): CodeIgniter\Autoloader\Autoloader->includeFile('D:\\Semester 10\\...')
#2 D:\Semester 10\Web Services Pemantauan Hidroponik\WebServicePemanatauan\vendor\codeigniter4\framework\system\Autoloader\Autoloader.php(219): CodeIgniter\Autoloader\Autoloader->loadInNamespace('App\\Controllers...')
#3 [internal function]: CodeIgniter\Autoloader\Autoloader->loadClass('App\\Controllers...')
#4 [internal function]: spl_autoload_call('App\\Controllers...')
#5 D:\Semester 10\Web Services Pemantauan Hidroponik\WebServicePemanatauan\vendor\codeigniter4\framework\system\CodeIgniter.php(797): class_exists('\\App\\Controller...', true)
#6 D:\Semester 10\Web Services Pemantauan Hidroponik\WebServicePemanatauan\vendor\codeigniter4\framework\system\CodeIgniter.php(406): CodeIgniter\CodeIgniter->startController()
#7 D:\Semester 10\Web Services Pemantauan Hidroponik\WebServicePemanatauan\vendor\codeigniter4\framework\system\CodeIgniter.php(326): CodeIgniter\CodeIgniter->handleRequest(NULL, Object(Config\Cache), false)
#8 D:\Semester 10\Web Services Pemantauan Hidroponik\WebServicePemanatauan\public\index.php(37): CodeIgniter\CodeIgniter->run()
#9 D:\Semester 10\Web Services Pemantauan Hidroponik\WebServicePemanatauan\vendor\codeigniter4\framework\system\Commands\Server\rewrite.php(43): require_once('D:\\Semester 10\\...')
#10 {main}
CRITICAL - 2022-04-07 13:52:59 --> mysqli_connect(): (HY000/2002): No connection could be made because the target machine actively refused it.

#0 [internal function]: CodeIgniter\Debug\Exceptions->errorHandler(2, 'mysqli_connect(...', 'D:\\Semester 10\\...', 14, Array)
#1 D:\Semester 10\Web Services Pemantauan Hidroponik\WebServicePemanatauan\app\Controllers\Pengguna.php(14): mysqli_connect('raspberrypi', 'root', 'root')
#2 D:\Semester 10\Web Services Pemantauan Hidroponik\WebServicePemanatauan\vendor\codeigniter4\framework\system\Autoloader\Autoloader.php(264): include_once('D:\\Semester 10\\...')
#3 D:\Semester 10\Web Services Pemantauan Hidroponik\WebServicePemanatauan\vendor\codeigniter4\framework\system\Autoloader\Autoloader.php(241): CodeIgniter\Autoloader\Autoloader->includeFile('D:\\Semester 10\\...')
#4 D:\Semester 10\Web Services Pemantauan Hidroponik\WebServicePemanatauan\vendor\codeigniter4\framework\system\Autoloader\Autoloader.php(219): CodeIgniter\Autoloader\Autoloader->loadInNamespace('App\\Controllers...')
#5 [internal function]: CodeIgniter\Autoloader\Autoloader->loadClass('App\\Controllers...')
#6 [internal function]: spl_autoload_call('App\\Controllers...')
#7 D:\Semester 10\Web Services Pemantauan Hidroponik\WebServicePemanatauan\vendor\codeigniter4\framework\system\CodeIgniter.php(797): class_exists('\\App\\Controller...', true)
#8 D:\Semester 10\Web Services Pemantauan Hidroponik\WebServicePemanatauan\vendor\codeigniter4\framework\system\CodeIgniter.php(406): CodeIgniter\CodeIgniter->startController()
#9 D:\Semester 10\Web Services Pemantauan Hidroponik\WebServicePemanatauan\vendor\codeigniter4\framework\system\CodeIgniter.php(326): CodeIgniter\CodeIgniter->handleRequest(NULL, Object(Config\Cache), false)
#10 D:\Semester 10\Web Services Pemantauan Hidroponik\WebServicePemanatauan\public\index.php(37): CodeIgniter\CodeIgniter->run()
#11 D:\Semester 10\Web Services Pemantauan Hidroponik\WebServicePemanatauan\vendor\codeigniter4\framework\system\Commands\Server\rewrite.php(43): require_once('D:\\Semester 10\\...')
#12 {main}
CRITICAL - 2022-04-07 13:57:27 --> mysqli_connect(): (HY000/2002): No connection could be made because the target machine actively refused it.

#0 [internal function]: CodeIgniter\Debug\Exceptions->errorHandler(2, 'mysqli_connect(...', 'D:\\Semester 10\\...', 14, Array)
#1 D:\Semester 10\Web Services Pemantauan Hidroponik\WebServicePemanatauan\app\Controllers\Pengguna.php(14): mysqli_connect('192.168.0.24:33...', 'root', 'root')
#2 D:\Semester 10\Web Services Pemantauan Hidroponik\WebServicePemanatauan\vendor\codeigniter4\framework\system\Autoloader\Autoloader.php(264): include_once('D:\\Semester 10\\...')
#3 D:\Semester 10\Web Services Pemantauan Hidroponik\WebServicePemanatauan\vendor\codeigniter4\framework\system\Autoloader\Autoloader.php(241): CodeIgniter\Autoloader\Autoloader->includeFile('D:\\Semester 10\\...')
#4 D:\Semester 10\Web Services Pemantauan Hidroponik\WebServicePemanatauan\vendor\codeigniter4\framework\system\Autoloader\Autoloader.php(219): CodeIgniter\Autoloader\Autoloader->loadInNamespace('App\\Controllers...')
#5 [internal function]: CodeIgniter\Autoloader\Autoloader->loadClass('App\\Controllers...')
#6 [internal function]: spl_autoload_call('App\\Controllers...')
#7 D:\Semester 10\Web Services Pemantauan Hidroponik\WebServicePemanatauan\vendor\codeigniter4\framework\system\CodeIgniter.php(797): class_exists('\\App\\Controller...', true)
#8 D:\Semester 10\Web Services Pemantauan Hidroponik\WebServicePemanatauan\vendor\codeigniter4\framework\system\CodeIgniter.php(406): CodeIgniter\CodeIgniter->startController()
#9 D:\Semester 10\Web Services Pemantauan Hidroponik\WebServicePemanatauan\vendor\codeigniter4\framework\system\CodeIgniter.php(326): CodeIgniter\CodeIgniter->handleRequest(NULL, Object(Config\Cache), false)
#10 D:\Semester 10\Web Services Pemantauan Hidroponik\WebServicePemanatauan\public\index.php(37): CodeIgniter\CodeIgniter->run()
#11 D:\Semester 10\Web Services Pemantauan Hidroponik\WebServicePemanatauan\vendor\codeigniter4\framework\system\Commands\Server\rewrite.php(43): require_once('D:\\Semester 10\\...')
#12 {main}
CRITICAL - 2022-04-07 13:57:46 --> mysqli_connect(): (HY000/2002): No connection could be made because the target machine actively refused it.

#0 [internal function]: CodeIgniter\Debug\Exceptions->errorHandler(2, 'mysqli_connect(...', 'D:\\Semester 10\\...', 14, Array)
#1 D:\Semester 10\Web Services Pemantauan Hidroponik\WebServicePemanatauan\app\Controllers\Pengguna.php(14): mysqli_connect('raspberrypi:330...', 'root', 'root')
#2 D:\Semester 10\Web Services Pemantauan Hidroponik\WebServicePemanatauan\vendor\codeigniter4\framework\system\Autoloader\Autoloader.php(264): include_once('D:\\Semester 10\\...')
#3 D:\Semester 10\Web Services Pemantauan Hidroponik\WebServicePemanatauan\vendor\codeigniter4\framework\system\Autoloader\Autoloader.php(241): CodeIgniter\Autoloader\Autoloader->includeFile('D:\\Semester 10\\...')
#4 D:\Semester 10\Web Services Pemantauan Hidroponik\WebServicePemanatauan\vendor\codeigniter4\framework\system\Autoloader\Autoloader.php(219): CodeIgniter\Autoloader\Autoloader->loadInNamespace('App\\Controllers...')
#5 [internal function]: CodeIgniter\Autoloader\Autoloader->loadClass('App\\Controllers...')
#6 [internal function]: spl_autoload_call('App\\Controllers...')
#7 D:\Semester 10\Web Services Pemantauan Hidroponik\WebServicePemanatauan\vendor\codeigniter4\framework\system\CodeIgniter.php(797): class_exists('\\App\\Controller...', true)
#8 D:\Semester 10\Web Services Pemantauan Hidroponik\WebServicePemanatauan\vendor\codeigniter4\framework\system\CodeIgniter.php(406): CodeIgniter\CodeIgniter->startController()
#9 D:\Semester 10\Web Services Pemantauan Hidroponik\WebServicePemanatauan\vendor\codeigniter4\framework\system\CodeIgniter.php(326): CodeIgniter\CodeIgniter->handleRequest(NULL, Object(Config\Cache), false)
#10 D:\Semester 10\Web Services Pemantauan Hidroponik\WebServicePemanatauan\public\index.php(37): CodeIgniter\CodeIgniter->run()
#11 D:\Semester 10\Web Services Pemantauan Hidroponik\WebServicePemanatauan\vendor\codeigniter4\framework\system\Commands\Server\rewrite.php(43): require_once('D:\\Semester 10\\...')
#12 {main}
CRITICAL - 2022-04-07 13:59:13 --> mysqli_connect(): (HY000/2002): No connection could be made because the target machine actively refused it.

#0 [internal function]: CodeIgniter\Debug\Exceptions->errorHandler(2, 'mysqli_connect(...', 'D:\\Semester 10\\...', 14, Array)
#1 D:\Semester 10\Web Services Pemantauan Hidroponik\WebServicePemanatauan\app\Controllers\Pengguna.php(14): mysqli_connect('raspberrypi:330...', 'root', 'root')
#2 D:\Semester 10\Web Services Pemantauan Hidroponik\WebServicePemanatauan\vendor\codeigniter4\framework\system\Autoloader\Autoloader.php(264): include_once('D:\\Semester 10\\...')
#3 D:\Semester 10\Web Services Pemantauan Hidroponik\WebServicePemanatauan\vendor\codeigniter4\framework\system\Autoloader\Autoloader.php(241): CodeIgniter\Autoloader\Autoloader->includeFile('D:\\Semester 10\\...')
#4 D:\Semester 10\Web Services Pemantauan Hidroponik\WebServicePemanatauan\vendor\codeigniter4\framework\system\Autoloader\Autoloader.php(219): CodeIgniter\Autoloader\Autoloader->loadInNamespace('App\\Controllers...')
#5 [internal function]: CodeIgniter\Autoloader\Autoloader->loadClass('App\\Controllers...')
#6 [internal function]: spl_autoload_call('App\\Controllers...')
#7 D:\Semester 10\Web Services Pemantauan Hidroponik\WebServicePemanatauan\vendor\codeigniter4\framework\system\CodeIgniter.php(797): class_exists('\\App\\Controller...', true)
#8 D:\Semester 10\Web Services Pemantauan Hidroponik\WebServicePemanatauan\vendor\codeigniter4\framework\system\CodeIgniter.php(406): CodeIgniter\CodeIgniter->startController()
#9 D:\Semester 10\Web Services Pemantauan Hidroponik\WebServicePemanatauan\vendor\codeigniter4\framework\system\CodeIgniter.php(326): CodeIgniter\CodeIgniter->handleRequest(NULL, Object(Config\Cache), false)
#10 D:\Semester 10\Web Services Pemantauan Hidroponik\WebServicePemanatauan\public\index.php(37): CodeIgniter\CodeIgniter->run()
#11 D:\Semester 10\Web Services Pemantauan Hidroponik\WebServicePemanatauan\vendor\codeigniter4\framework\system\Commands\Server\rewrite.php(43): require_once('D:\\Semester 10\\...')
#12 {main}
CRITICAL - 2022-04-07 14:16:24 --> mysqli_connect(): (HY000/2002): No connection could be made because the target machine actively refused it.

#0 [internal function]: CodeIgniter\Debug\Exceptions->errorHandler(2, 'mysqli_connect(...', 'D:\\Semester 10\\...', 14, Array)
#1 D:\Semester 10\Web Services Pemantauan Hidroponik\WebServicePemanatauan\app\Controllers\Pengguna.php(14): mysqli_connect('raspberrypi:330...', 'root', 'root')
#2 D:\Semester 10\Web Services Pemantauan Hidroponik\WebServicePemanatauan\vendor\codeigniter4\framework\system\Autoloader\Autoloader.php(264): include_once('D:\\Semester 10\\...')
#3 D:\Semester 10\Web Services Pemantauan Hidroponik\WebServicePemanatauan\vendor\codeigniter4\framework\system\Autoloader\Autoloader.php(241): CodeIgniter\Autoloader\Autoloader->includeFile('D:\\Semester 10\\...')
#4 D:\Semester 10\Web Services Pemantauan Hidroponik\WebServicePemanatauan\vendor\codeigniter4\framework\system\Autoloader\Autoloader.php(219): CodeIgniter\Autoloader\Autoloader->loadInNamespace('App\\Controllers...')
#5 [internal function]: CodeIgniter\Autoloader\Autoloader->loadClass('App\\Controllers...')
#6 [internal function]: spl_autoload_call('App\\Controllers...')
#7 D:\Semester 10\Web Services Pemantauan Hidroponik\WebServicePemanatauan\vendor\codeigniter4\framework\system\CodeIgniter.php(797): class_exists('\\App\\Controller...', true)
#8 D:\Semester 10\Web Services Pemantauan Hidroponik\WebServicePemanatauan\vendor\codeigniter4\framework\system\CodeIgniter.php(406): CodeIgniter\CodeIgniter->startController()
#9 D:\Semester 10\Web Services Pemantauan Hidroponik\WebServicePemanatauan\vendor\codeigniter4\framework\system\CodeIgniter.php(326): CodeIgniter\CodeIgniter->handleRequest(NULL, Object(Config\Cache), false)
#10 D:\Semester 10\Web Services Pemantauan Hidroponik\WebServicePemanatauan\public\index.php(37): CodeIgniter\CodeIgniter->run()
#11 D:\Semester 10\Web Services Pemantauan Hidroponik\WebServicePemanatauan\vendor\codeigniter4\framework\system\Commands\Server\rewrite.php(43): require_once('D:\\Semester 10\\...')
#12 {main}
CRITICAL - 2022-04-07 14:16:32 --> mysqli_connect(): (HY000/2002): No connection could be made because the target machine actively refused it.

#0 [internal function]: CodeIgniter\Debug\Exceptions->errorHandler(2, 'mysqli_connect(...', 'D:\\Semester 10\\...', 14, Array)
#1 D:\Semester 10\Web Services Pemantauan Hidroponik\WebServicePemanatauan\app\Controllers\Pengguna.php(14): mysqli_connect('raspberrypi:330...', 'root', 'root')
#2 D:\Semester 10\Web Services Pemantauan Hidroponik\WebServicePemanatauan\vendor\codeigniter4\framework\system\Autoloader\Autoloader.php(264): include_once('D:\\Semester 10\\...')
#3 D:\Semester 10\Web Services Pemantauan Hidroponik\WebServicePemanatauan\vendor\codeigniter4\framework\system\Autoloader\Autoloader.php(241): CodeIgniter\Autoloader\Autoloader->includeFile('D:\\Semester 10\\...')
#4 D:\Semester 10\Web Services Pemantauan Hidroponik\WebServicePemanatauan\vendor\codeigniter4\framework\system\Autoloader\Autoloader.php(219): CodeIgniter\Autoloader\Autoloader->loadInNamespace('App\\Controllers...')
#5 [internal function]: CodeIgniter\Autoloader\Autoloader->loadClass('App\\Controllers...')
#6 [internal function]: spl_autoload_call('App\\Controllers...')
#7 D:\Semester 10\Web Services Pemantauan Hidroponik\WebServicePemanatauan\vendor\codeigniter4\framework\system\CodeIgniter.php(797): class_exists('\\App\\Controller...', true)
#8 D:\Semester 10\Web Services Pemantauan Hidroponik\WebServicePemanatauan\vendor\codeigniter4\framework\system\CodeIgniter.php(406): CodeIgniter\CodeIgniter->startController()
#9 D:\Semester 10\Web Services Pemantauan Hidroponik\WebServicePemanatauan\vendor\codeigniter4\framework\system\CodeIgniter.php(326): CodeIgniter\CodeIgniter->handleRequest(NULL, Object(Config\Cache), false)
#10 D:\Semester 10\Web Services Pemantauan Hidroponik\WebServicePemanatauan\public\index.php(37): CodeIgniter\CodeIgniter->run()
#11 D:\Semester 10\Web Services Pemantauan Hidroponik\WebServicePemanatauan\vendor\codeigniter4\framework\system\Commands\Server\rewrite.php(43): require_once('D:\\Semester 10\\...')
#12 {main}
CRITICAL - 2022-04-07 14:16:53 --> mysqli_connect(): (HY000/2002): No connection could be made because the target machine actively refused it.

#0 [internal function]: CodeIgniter\Debug\Exceptions->errorHandler(2, 'mysqli_connect(...', 'D:\\Semester 10\\...', 14, Array)
#1 D:\Semester 10\Web Services Pemantauan Hidroponik\WebServicePemanatauan\app\Controllers\Pengguna.php(14): mysqli_connect('127.0.1.1', 'root', 'root')
#2 D:\Semester 10\Web Services Pemantauan Hidroponik\WebServicePemanatauan\vendor\codeigniter4\framework\system\Autoloader\Autoloader.php(264): include_once('D:\\Semester 10\\...')
#3 D:\Semester 10\Web Services Pemantauan Hidroponik\WebServicePemanatauan\vendor\codeigniter4\framework\system\Autoloader\Autoloader.php(241): CodeIgniter\Autoloader\Autoloader->includeFile('D:\\Semester 10\\...')
#4 D:\Semester 10\Web Services Pemantauan Hidroponik\WebServicePemanatauan\vendor\codeigniter4\framework\system\Autoloader\Autoloader.php(219): CodeIgniter\Autoloader\Autoloader->loadInNamespace('App\\Controllers...')
#5 [internal function]: CodeIgniter\Autoloader\Autoloader->loadClass('App\\Controllers...')
#6 [internal function]: spl_autoload_call('App\\Controllers...')
#7 D:\Semester 10\Web Services Pemantauan Hidroponik\WebServicePemanatauan\vendor\codeigniter4\framework\system\CodeIgniter.php(797): class_exists('\\App\\Controller...', true)
#8 D:\Semester 10\Web Services Pemantauan Hidroponik\WebServicePemanatauan\vendor\codeigniter4\framework\system\CodeIgniter.php(406): CodeIgniter\CodeIgniter->startController()
#9 D:\Semester 10\Web Services Pemantauan Hidroponik\WebServicePemanatauan\vendor\codeigniter4\framework\system\CodeIgniter.php(326): CodeIgniter\CodeIgniter->handleRequest(NULL, Object(Config\Cache), false)
#10 D:\Semester 10\Web Services Pemantauan Hidroponik\WebServicePemanatauan\public\index.php(37): CodeIgniter\CodeIgniter->run()
#11 D:\Semester 10\Web Services Pemantauan Hidroponik\WebServicePemanatauan\vendor\codeigniter4\framework\system\Commands\Server\rewrite.php(43): require_once('D:\\Semester 10\\...')
#12 {main}
CRITICAL - 2022-04-07 14:19:33 --> mysqli_connect(): (HY000/2002): No connection could be made because the target machine actively refused it.

#0 [internal function]: CodeIgniter\Debug\Exceptions->errorHandler(2, 'mysqli_connect(...', 'D:\\Semester 10\\...', 14, Array)
#1 D:\Semester 10\Web Services Pemantauan Hidroponik\WebServicePemanatauan\app\Controllers\Pengguna.php(14): mysqli_connect('127.0.1.1', 'root', 'root')
#2 D:\Semester 10\Web Services Pemantauan Hidroponik\WebServicePemanatauan\vendor\codeigniter4\framework\system\Autoloader\Autoloader.php(264): include_once('D:\\Semester 10\\...')
#3 D:\Semester 10\Web Services Pemantauan Hidroponik\WebServicePemanatauan\vendor\codeigniter4\framework\system\Autoloader\Autoloader.php(241): CodeIgniter\Autoloader\Autoloader->includeFile('D:\\Semester 10\\...')
#4 D:\Semester 10\Web Services Pemantauan Hidroponik\WebServicePemanatauan\vendor\codeigniter4\framework\system\Autoloader\Autoloader.php(219): CodeIgniter\Autoloader\Autoloader->loadInNamespace('App\\Controllers...')
#5 [internal function]: CodeIgniter\Autoloader\Autoloader->loadClass('App\\Controllers...')
#6 [internal function]: spl_autoload_call('App\\Controllers...')
#7 D:\Semester 10\Web Services Pemantauan Hidroponik\WebServicePemanatauan\vendor\codeigniter4\framework\system\CodeIgniter.php(797): class_exists('\\App\\Controller...', true)
#8 D:\Semester 10\Web Services Pemantauan Hidroponik\WebServicePemanatauan\vendor\codeigniter4\framework\system\CodeIgniter.php(406): CodeIgniter\CodeIgniter->startController()
#9 D:\Semester 10\Web Services Pemantauan Hidroponik\WebServicePemanatauan\vendor\codeigniter4\framework\system\CodeIgniter.php(326): CodeIgniter\CodeIgniter->handleRequest(NULL, Object(Config\Cache), false)
#10 D:\Semester 10\Web Services Pemantauan Hidroponik\WebServicePemanatauan\public\index.php(37): CodeIgniter\CodeIgniter->run()
#11 D:\Semester 10\Web Services Pemantauan Hidroponik\WebServicePemanatauan\vendor\codeigniter4\framework\system\Commands\Server\rewrite.php(43): require_once('D:\\Semester 10\\...')
#12 {main}
CRITICAL - 2022-04-07 14:19:38 --> mysqli_connect(): (HY000/2002): No connection could be made because the target machine actively refused it.

#0 [internal function]: CodeIgniter\Debug\Exceptions->errorHandler(2, 'mysqli_connect(...', 'D:\\Semester 10\\...', 14, Array)
#1 D:\Semester 10\Web Services Pemantauan Hidroponik\WebServicePemanatauan\app\Controllers\Pengguna.php(14): mysqli_connect('127.0.1.1', 'root', 'root')
#2 D:\Semester 10\Web Services Pemantauan Hidroponik\WebServicePemanatauan\vendor\codeigniter4\framework\system\Autoloader\Autoloader.php(264): include_once('D:\\Semester 10\\...')
#3 D:\Semester 10\Web Services Pemantauan Hidroponik\WebServicePemanatauan\vendor\codeigniter4\framework\system\Autoloader\Autoloader.php(241): CodeIgniter\Autoloader\Autoloader->includeFile('D:\\Semester 10\\...')
#4 D:\Semester 10\Web Services Pemantauan Hidroponik\WebServicePemanatauan\vendor\codeigniter4\framework\system\Autoloader\Autoloader.php(219): CodeIgniter\Autoloader\Autoloader->loadInNamespace('App\\Controllers...')
#5 [internal function]: CodeIgniter\Autoloader\Autoloader->loadClass('App\\Controllers...')
#6 [internal function]: spl_autoload_call('App\\Controllers...')
#7 D:\Semester 10\Web Services Pemantauan Hidroponik\WebServicePemanatauan\vendor\codeigniter4\framework\system\CodeIgniter.php(797): class_exists('\\App\\Controller...', true)
#8 D:\Semester 10\Web Services Pemantauan Hidroponik\WebServicePemanatauan\vendor\codeigniter4\framework\system\CodeIgniter.php(406): CodeIgniter\CodeIgniter->startController()
#9 D:\Semester 10\Web Services Pemantauan Hidroponik\WebServicePemanatauan\vendor\codeigniter4\framework\system\CodeIgniter.php(326): CodeIgniter\CodeIgniter->handleRequest(NULL, Object(Config\Cache), false)
#10 D:\Semester 10\Web Services Pemantauan Hidroponik\WebServicePemanatauan\public\index.php(37): CodeIgniter\CodeIgniter->run()
#11 D:\Semester 10\Web Services Pemantauan Hidroponik\WebServicePemanatauan\vendor\codeigniter4\framework\system\Commands\Server\rewrite.php(43): require_once('D:\\Semester 10\\...')
#12 {main}
CRITICAL - 2022-04-07 14:20:25 --> mysqli_connect(): (HY000/2002): No connection could be made because the target machine actively refused it.

#0 [internal function]: CodeIgniter\Debug\Exceptions->errorHandler(2, 'mysqli_connect(...', 'D:\\Semester 10\\...', 14, Array)
#1 D:\Semester 10\Web Services Pemantauan Hidroponik\WebServicePemanatauan\app\Controllers\Pengguna.php(14): mysqli_connect('127.0.1.1', 'root', 'root')
#2 D:\Semester 10\Web Services Pemantauan Hidroponik\WebServicePemanatauan\vendor\codeigniter4\framework\system\Autoloader\Autoloader.php(264): include_once('D:\\Semester 10\\...')
#3 D:\Semester 10\Web Services Pemantauan Hidroponik\WebServicePemanatauan\vendor\codeigniter4\framework\system\Autoloader\Autoloader.php(241): CodeIgniter\Autoloader\Autoloader->includeFile('D:\\Semester 10\\...')
#4 D:\Semester 10\Web Services Pemantauan Hidroponik\WebServicePemanatauan\vendor\codeigniter4\framework\system\Autoloader\Autoloader.php(219): CodeIgniter\Autoloader\Autoloader->loadInNamespace('App\\Controllers...')
#5 [internal function]: CodeIgniter\Autoloader\Autoloader->loadClass('App\\Controllers...')
#6 [internal function]: spl_autoload_call('App\\Controllers...')
#7 D:\Semester 10\Web Services Pemantauan Hidroponik\WebServicePemanatauan\vendor\codeigniter4\framework\system\CodeIgniter.php(797): class_exists('\\App\\Controller...', true)
#8 D:\Semester 10\Web Services Pemantauan Hidroponik\WebServicePemanatauan\vendor\codeigniter4\framework\system\CodeIgniter.php(406): CodeIgniter\CodeIgniter->startController()
#9 D:\Semester 10\Web Services Pemantauan Hidroponik\WebServicePemanatauan\vendor\codeigniter4\framework\system\CodeIgniter.php(326): CodeIgniter\CodeIgniter->handleRequest(NULL, Object(Config\Cache), false)
#10 D:\Semester 10\Web Services Pemantauan Hidroponik\WebServicePemanatauan\public\index.php(37): CodeIgniter\CodeIgniter->run()
#11 D:\Semester 10\Web Services Pemantauan Hidroponik\WebServicePemanatauan\vendor\codeigniter4\framework\system\Commands\Server\rewrite.php(43): require_once('D:\\Semester 10\\...')
#12 {main}
CRITICAL - 2022-04-07 14:36:39 --> mysqli_connect(): (HY000/2002): No connection could be made because the target machine actively refused it.

#0 [internal function]: CodeIgniter\Debug\Exceptions->errorHandler(2, 'mysqli_connect(...', 'D:\\Semester 10\\...', 14, Array)
#1 D:\Semester 10\Web Services Pemantauan Hidroponik\WebServicePemanatauan\app\Controllers\Pengguna.php(14): mysqli_connect('127.0.1.1:3306', 'root', 'root')
#2 D:\Semester 10\Web Services Pemantauan Hidroponik\WebServicePemanatauan\vendor\codeigniter4\framework\system\Autoloader\Autoloader.php(264): include_once('D:\\Semester 10\\...')
#3 D:\Semester 10\Web Services Pemantauan Hidroponik\WebServicePemanatauan\vendor\codeigniter4\framework\system\Autoloader\Autoloader.php(241): CodeIgniter\Autoloader\Autoloader->includeFile('D:\\Semester 10\\...')
#4 D:\Semester 10\Web Services Pemantauan Hidroponik\WebServicePemanatauan\vendor\codeigniter4\framework\system\Autoloader\Autoloader.php(219): CodeIgniter\Autoloader\Autoloader->loadInNamespace('App\\Controllers...')
#5 [internal function]: CodeIgniter\Autoloader\Autoloader->loadClass('App\\Controllers...')
#6 [internal function]: spl_autoload_call('App\\Controllers...')
#7 D:\Semester 10\Web Services Pemantauan Hidroponik\WebServicePemanatauan\vendor\codeigniter4\framework\system\CodeIgniter.php(797): class_exists('\\App\\Controller...', true)
#8 D:\Semester 10\Web Services Pemantauan Hidroponik\WebServicePemanatauan\vendor\codeigniter4\framework\system\CodeIgniter.php(406): CodeIgniter\CodeIgniter->startController()
#9 D:\Semester 10\Web Services Pemantauan Hidroponik\WebServicePemanatauan\vendor\codeigniter4\framework\system\CodeIgniter.php(326): CodeIgniter\CodeIgniter->handleRequest(NULL, Object(Config\Cache), false)
#10 D:\Semester 10\Web Services Pemantauan Hidroponik\WebServicePemanatauan\public\index.php(37): CodeIgniter\CodeIgniter->run()
#11 D:\Semester 10\Web Services Pemantauan Hidroponik\WebServicePemanatauan\vendor\codeigniter4\framework\system\Commands\Server\rewrite.php(43): require_once('D:\\Semester 10\\...')
#12 {main}
