ERROR - 2022-04-18 07:42:34 --> Error connecting to the database: php_network_getaddresses: getaddrinfo failed: No such host is known. 
CRITICAL - 2022-04-18 07:42:34 --> Unable to connect to the database.
Main connection [MySQLi]: php_network_getaddresses: getaddrinfo failed: No such host is known. 
#0 D:\Semester 10\Web Services Pemantauan Hidroponik\WebServicePemantauan\vendor\codeigniter4\framework\system\Database\BaseConnection.php(577): CodeIgniter\Database\BaseConnection->initialize()
#1 D:\Semester 10\Web Services Pemantauan Hidroponik\WebServicePemantauan\vendor\codeigniter4\framework\system\Database\BaseBuilder.php(1455): CodeIgniter\Database\BaseConnection->query('SELECT *\nFROM `...', Array, false)
#2 D:\Semester 10\Web Services Pemantauan Hidroponik\WebServicePemantauan\vendor\codeigniter4\framework\system\Model.php(183): CodeIgniter\Database\BaseBuilder->get()
#3 D:\Semester 10\Web Services Pemantauan Hidroponik\WebServicePemantauan\vendor\codeigniter4\framework\system\BaseModel.php(584): CodeIgniter\Model->doFindAll(0, 0)
#4 D:\Semester 10\Web Services Pemantauan Hidroponik\WebServicePemantauan\app\Controllers\Pengguna.php(22): CodeIgniter\BaseModel->findAll()
#5 D:\Semester 10\Web Services Pemantauan Hidroponik\WebServicePemantauan\vendor\codeigniter4\framework\system\CodeIgniter.php(832): App\Controllers\Pengguna->index()
#6 D:\Semester 10\Web Services Pemantauan Hidroponik\WebServicePemantauan\vendor\codeigniter4\framework\system\CodeIgniter.php(419): CodeIgniter\CodeIgniter->runController(Object(App\Controllers\Pengguna))
#7 D:\Semester 10\Web Services Pemantauan Hidroponik\WebServicePemantauan\vendor\codeigniter4\framework\system\CodeIgniter.php(326): CodeIgniter\CodeIgniter->handleRequest(NULL, Object(Config\Cache), false)
#8 D:\Semester 10\Web Services Pemantauan Hidroponik\WebServicePemantauan\public\index.php(37): CodeIgniter\CodeIgniter->run()
#9 D:\Semester 10\Web Services Pemantauan Hidroponik\WebServicePemantauan\vendor\codeigniter4\framework\system\Commands\Server\rewrite.php(43): require_once('D:\\Semester 10\\...')
#10 {main}
CRITICAL - 2022-04-18 09:26:00 --> You must set the database table to be used with your query.
#0 D:\Semester 10\Web Services Pemantauan Hidroponik\WebServicePemantauan\vendor\codeigniter4\framework\system\Model.php(545): CodeIgniter\Database\BaseConnection->table(NULL)
#1 D:\Semester 10\Web Services Pemantauan Hidroponik\WebServicePemantauan\vendor\codeigniter4\framework\system\Model.php(693): CodeIgniter\Model->builder()
#2 D:\Semester 10\Web Services Pemantauan Hidroponik\WebServicePemantauan\app\Models\PemantauanModel.php(13): CodeIgniter\Model->__get('load')
#3 D:\Semester 10\Web Services Pemantauan Hidroponik\WebServicePemantauan\app\Controllers\Pemantauan.php(19): App\Models\PemantauanModel->__construct()
#4 D:\Semester 10\Web Services Pemantauan Hidroponik\WebServicePemantauan\vendor\codeigniter4\framework\system\CodeIgniter.php(832): App\Controllers\Pemantauan->index()
#5 D:\Semester 10\Web Services Pemantauan Hidroponik\WebServicePemantauan\vendor\codeigniter4\framework\system\CodeIgniter.php(419): CodeIgniter\CodeIgniter->runController(Object(App\Controllers\Pemantauan))
#6 D:\Semester 10\Web Services Pemantauan Hidroponik\WebServicePemantauan\vendor\codeigniter4\framework\system\CodeIgniter.php(326): CodeIgniter\CodeIgniter->handleRequest(NULL, Object(Config\Cache), false)
#7 D:\Semester 10\Web Services Pemantauan Hidroponik\WebServicePemantauan\public\index.php(37): CodeIgniter\CodeIgniter->run()
#8 D:\Semester 10\Web Services Pemantauan Hidroponik\WebServicePemantauan\vendor\codeigniter4\framework\system\Commands\Server\rewrite.php(43): require_once('D:\\Semester 10\\...')
#9 {main}
CRITICAL - 2022-04-18 09:28:27 --> You must set the database table to be used with your query.
#0 D:\Semester 10\Web Services Pemantauan Hidroponik\WebServicePemantauan\vendor\codeigniter4\framework\system\Model.php(545): CodeIgniter\Database\BaseConnection->table(NULL)
#1 D:\Semester 10\Web Services Pemantauan Hidroponik\WebServicePemantauan\vendor\codeigniter4\framework\system\Model.php(693): CodeIgniter\Model->builder()
#2 D:\Semester 10\Web Services Pemantauan Hidroponik\WebServicePemantauan\app\Models\PemantauanModel.php(14): CodeIgniter\Model->__get('load')
#3 D:\Semester 10\Web Services Pemantauan Hidroponik\WebServicePemantauan\app\Controllers\Pemantauan.php(19): App\Models\PemantauanModel->__construct()
#4 D:\Semester 10\Web Services Pemantauan Hidroponik\WebServicePemantauan\vendor\codeigniter4\framework\system\CodeIgniter.php(832): App\Controllers\Pemantauan->index()
#5 D:\Semester 10\Web Services Pemantauan Hidroponik\WebServicePemantauan\vendor\codeigniter4\framework\system\CodeIgniter.php(419): CodeIgniter\CodeIgniter->runController(Object(App\Controllers\Pemantauan))
#6 D:\Semester 10\Web Services Pemantauan Hidroponik\WebServicePemantauan\vendor\codeigniter4\framework\system\CodeIgniter.php(326): CodeIgniter\CodeIgniter->handleRequest(NULL, Object(Config\Cache), false)
#7 D:\Semester 10\Web Services Pemantauan Hidroponik\WebServicePemantauan\public\index.php(37): CodeIgniter\CodeIgniter->run()
#8 D:\Semester 10\Web Services Pemantauan Hidroponik\WebServicePemantauan\vendor\codeigniter4\framework\system\Commands\Server\rewrite.php(43): require_once('D:\\Semester 10\\...')
#9 {main}
CRITICAL - 2022-04-18 09:28:28 --> You must set the database table to be used with your query.
#0 D:\Semester 10\Web Services Pemantauan Hidroponik\WebServicePemantauan\vendor\codeigniter4\framework\system\Model.php(545): CodeIgniter\Database\BaseConnection->table(NULL)
#1 D:\Semester 10\Web Services Pemantauan Hidroponik\WebServicePemantauan\vendor\codeigniter4\framework\system\Model.php(693): CodeIgniter\Model->builder()
#2 D:\Semester 10\Web Services Pemantauan Hidroponik\WebServicePemantauan\app\Models\PemantauanModel.php(14): CodeIgniter\Model->__get('load')
#3 D:\Semester 10\Web Services Pemantauan Hidroponik\WebServicePemantauan\app\Controllers\Pemantauan.php(19): App\Models\PemantauanModel->__construct()
#4 D:\Semester 10\Web Services Pemantauan Hidroponik\WebServicePemantauan\vendor\codeigniter4\framework\system\CodeIgniter.php(832): App\Controllers\Pemantauan->index()
#5 D:\Semester 10\Web Services Pemantauan Hidroponik\WebServicePemantauan\vendor\codeigniter4\framework\system\CodeIgniter.php(419): CodeIgniter\CodeIgniter->runController(Object(App\Controllers\Pemantauan))
#6 D:\Semester 10\Web Services Pemantauan Hidroponik\WebServicePemantauan\vendor\codeigniter4\framework\system\CodeIgniter.php(326): CodeIgniter\CodeIgniter->handleRequest(NULL, Object(Config\Cache), false)
#7 D:\Semester 10\Web Services Pemantauan Hidroponik\WebServicePemantauan\public\index.php(37): CodeIgniter\CodeIgniter->run()
#8 D:\Semester 10\Web Services Pemantauan Hidroponik\WebServicePemantauan\vendor\codeigniter4\framework\system\Commands\Server\rewrite.php(43): require_once('D:\\Semester 10\\...')
#9 {main}
CRITICAL - 2022-04-18 09:29:52 --> Call to a member function result() on null
#0 D:\Semester 10\Web Services Pemantauan Hidroponik\WebServicePemantauan\app\Controllers\Pemantauan.php(20): App\Models\PemantauanModel->getWaktuPemantauanTerakhir()
#1 D:\Semester 10\Web Services Pemantauan Hidroponik\WebServicePemantauan\vendor\codeigniter4\framework\system\CodeIgniter.php(832): App\Controllers\Pemantauan->index()
#2 D:\Semester 10\Web Services Pemantauan Hidroponik\WebServicePemantauan\vendor\codeigniter4\framework\system\CodeIgniter.php(419): CodeIgniter\CodeIgniter->runController(Object(App\Controllers\Pemantauan))
#3 D:\Semester 10\Web Services Pemantauan Hidroponik\WebServicePemantauan\vendor\codeigniter4\framework\system\CodeIgniter.php(326): CodeIgniter\CodeIgniter->handleRequest(NULL, Object(Config\Cache), false)
#4 D:\Semester 10\Web Services Pemantauan Hidroponik\WebServicePemantauan\public\index.php(37): CodeIgniter\CodeIgniter->run()
#5 D:\Semester 10\Web Services Pemantauan Hidroponik\WebServicePemantauan\vendor\codeigniter4\framework\system\Commands\Server\rewrite.php(43): require_once('D:\\Semester 10\\...')
#6 {main}
CRITICAL - 2022-04-18 09:34:00 --> You must set the database table to be used with your query.
#0 D:\Semester 10\Web Services Pemantauan Hidroponik\WebServicePemantauan\vendor\codeigniter4\framework\system\Model.php(545): CodeIgniter\Database\BaseConnection->table(NULL)
#1 D:\Semester 10\Web Services Pemantauan Hidroponik\WebServicePemantauan\vendor\codeigniter4\framework\system\Model.php(722): CodeIgniter\Model->builder()
#2 D:\Semester 10\Web Services Pemantauan Hidroponik\WebServicePemantauan\app\Models\PemantauanModel.php(13): CodeIgniter\Model->__call('Model', Array)
#3 D:\Semester 10\Web Services Pemantauan Hidroponik\WebServicePemantauan\app\Controllers\Pemantauan.php(19): App\Models\PemantauanModel->__construct()
#4 D:\Semester 10\Web Services Pemantauan Hidroponik\WebServicePemantauan\vendor\codeigniter4\framework\system\CodeIgniter.php(832): App\Controllers\Pemantauan->index()
#5 D:\Semester 10\Web Services Pemantauan Hidroponik\WebServicePemantauan\vendor\codeigniter4\framework\system\CodeIgniter.php(419): CodeIgniter\CodeIgniter->runController(Object(App\Controllers\Pemantauan))
#6 D:\Semester 10\Web Services Pemantauan Hidroponik\WebServicePemantauan\vendor\codeigniter4\framework\system\CodeIgniter.php(326): CodeIgniter\CodeIgniter->handleRequest(NULL, Object(Config\Cache), false)
#7 D:\Semester 10\Web Services Pemantauan Hidroponik\WebServicePemantauan\public\index.php(37): CodeIgniter\CodeIgniter->run()
#8 D:\Semester 10\Web Services Pemantauan Hidroponik\WebServicePemantauan\vendor\codeigniter4\framework\system\Commands\Server\rewrite.php(43): require_once('D:\\Semester 10\\...')
#9 {main}
CRITICAL - 2022-04-18 09:38:36 --> Argument 1 passed to CodeIgniter\Database\BaseBuilder::get() must be of the type int or null, string given, called in D:\Semester 10\Web Services Pemantauan Hidroponik\WebServicePemantauan\app\Models\PemantauanModel.php on line 14
#0 D:\Semester 10\Web Services Pemantauan Hidroponik\WebServicePemantauan\app\Models\PemantauanModel.php(14): CodeIgniter\Database\BaseBuilder->get('sense')
#1 D:\Semester 10\Web Services Pemantauan Hidroponik\WebServicePemantauan\app\Controllers\Pemantauan.php(20): App\Models\PemantauanModel->getWaktuPemantauanTerakhir()
#2 D:\Semester 10\Web Services Pemantauan Hidroponik\WebServicePemantauan\vendor\codeigniter4\framework\system\CodeIgniter.php(832): App\Controllers\Pemantauan->index()
#3 D:\Semester 10\Web Services Pemantauan Hidroponik\WebServicePemantauan\vendor\codeigniter4\framework\system\CodeIgniter.php(419): CodeIgniter\CodeIgniter->runController(Object(App\Controllers\Pemantauan))
#4 D:\Semester 10\Web Services Pemantauan Hidroponik\WebServicePemantauan\vendor\codeigniter4\framework\system\CodeIgniter.php(326): CodeIgniter\CodeIgniter->handleRequest(NULL, Object(Config\Cache), false)
#5 D:\Semester 10\Web Services Pemantauan Hidroponik\WebServicePemantauan\public\index.php(37): CodeIgniter\CodeIgniter->run()
#6 D:\Semester 10\Web Services Pemantauan Hidroponik\WebServicePemantauan\vendor\codeigniter4\framework\system\Commands\Server\rewrite.php(43): require_once('D:\\Semester 10\\...')
#7 {main}
