ERROR - 2022-05-30 02:08:27 --> You have an error in your SQL syntax; check the manual that corresponds to your MariaDB server version for the right syntax to use near 'Parameter), 2) as rata2Value
FROM `sense`
LEFT JOIN `nodeSensor` ON `sense`.`...' at line 1
CRITICAL - 2022-05-30 02:08:27 --> You have an error in your SQL syntax; check the manual that corresponds to your MariaDB server version for the right syntax to use near 'Parameter), 2) as rata2Value
FROM `sense`
LEFT JOIN `nodeSensor` ON `sense`.`...' at line 1
#0 /var/www/wshidroponik.pantau.com/WebServicePemantauan/vendor/codeigniter4/framework/system/Database/MySQLi/Connection.php(292): mysqli->query()
#1 /var/www/wshidroponik.pantau.com/WebServicePemantauan/vendor/codeigniter4/framework/system/Database/BaseConnection.php(670): CodeIgniter\Database\MySQLi\Connection->execute()
#2 /var/www/wshidroponik.pantau.com/WebServicePemantauan/vendor/codeigniter4/framework/system/Database/BaseConnection.php(598): CodeIgniter\Database\BaseConnection->simpleQuery()
#3 /var/www/wshidroponik.pantau.com/WebServicePemantauan/vendor/codeigniter4/framework/system/Database/BaseBuilder.php(1455): CodeIgniter\Database\BaseConnection->query()
#4 /var/www/wshidroponik.pantau.com/WebServicePemantauan/app/Models/PemantauanModel.php(71): CodeIgniter\Database\BaseBuilder->get()
#5 /var/www/wshidroponik.pantau.com/WebServicePemantauan/app/Controllers/Pemantauan.php(99): App\Models\PemantauanModel->getStatisticsData()
#6 /var/www/wshidroponik.pantau.com/WebServicePemantauan/vendor/codeigniter4/framework/system/CodeIgniter.php(832): App\Controllers\Pemantauan->statistics()
#7 /var/www/wshidroponik.pantau.com/WebServicePemantauan/vendor/codeigniter4/framework/system/CodeIgniter.php(419): CodeIgniter\CodeIgniter->runController()
#8 /var/www/wshidroponik.pantau.com/WebServicePemantauan/vendor/codeigniter4/framework/system/CodeIgniter.php(326): CodeIgniter\CodeIgniter->handleRequest()
#9 /var/www/wshidroponik.pantau.com/public_html/index.php(37): CodeIgniter\CodeIgniter->run()
#10 {main}
ERROR - 2022-05-30 02:08:30 --> You have an error in your SQL syntax; check the manual that corresponds to your MariaDB server version for the right syntax to use near 'Parameter), 2) as rata2Value
FROM `sense`
LEFT JOIN `nodeSensor` ON `sense`.`...' at line 1
CRITICAL - 2022-05-30 02:08:30 --> You have an error in your SQL syntax; check the manual that corresponds to your MariaDB server version for the right syntax to use near 'Parameter), 2) as rata2Value
FROM `sense`
LEFT JOIN `nodeSensor` ON `sense`.`...' at line 1
#0 /var/www/wshidroponik.pantau.com/WebServicePemantauan/vendor/codeigniter4/framework/system/Database/MySQLi/Connection.php(292): mysqli->query()
#1 /var/www/wshidroponik.pantau.com/WebServicePemantauan/vendor/codeigniter4/framework/system/Database/BaseConnection.php(670): CodeIgniter\Database\MySQLi\Connection->execute()
#2 /var/www/wshidroponik.pantau.com/WebServicePemantauan/vendor/codeigniter4/framework/system/Database/BaseConnection.php(598): CodeIgniter\Database\BaseConnection->simpleQuery()
#3 /var/www/wshidroponik.pantau.com/WebServicePemantauan/vendor/codeigniter4/framework/system/Database/BaseBuilder.php(1455): CodeIgniter\Database\BaseConnection->query()
#4 /var/www/wshidroponik.pantau.com/WebServicePemantauan/app/Models/PemantauanModel.php(71): CodeIgniter\Database\BaseBuilder->get()
#5 /var/www/wshidroponik.pantau.com/WebServicePemantauan/app/Controllers/Pemantauan.php(99): App\Models\PemantauanModel->getStatisticsData()
#6 /var/www/wshidroponik.pantau.com/WebServicePemantauan/vendor/codeigniter4/framework/system/CodeIgniter.php(832): App\Controllers\Pemantauan->statistics()
#7 /var/www/wshidroponik.pantau.com/WebServicePemantauan/vendor/codeigniter4/framework/system/CodeIgniter.php(419): CodeIgniter\CodeIgniter->runController()
#8 /var/www/wshidroponik.pantau.com/WebServicePemantauan/vendor/codeigniter4/framework/system/CodeIgniter.php(326): CodeIgniter\CodeIgniter->handleRequest()
#9 /var/www/wshidroponik.pantau.com/public_html/index.php(37): CodeIgniter\CodeIgniter->run()
#10 {main}
ERROR - 2022-05-30 02:08:35 --> You have an error in your SQL syntax; check the manual that corresponds to your MariaDB server version for the right syntax to use near 'Parameter), 2) as rata2Value
FROM `sense`
LEFT JOIN `nodeSensor` ON `sense`.`...' at line 1
CRITICAL - 2022-05-30 02:08:35 --> You have an error in your SQL syntax; check the manual that corresponds to your MariaDB server version for the right syntax to use near 'Parameter), 2) as rata2Value
FROM `sense`
LEFT JOIN `nodeSensor` ON `sense`.`...' at line 1
#0 /var/www/wshidroponik.pantau.com/WebServicePemantauan/vendor/codeigniter4/framework/system/Database/MySQLi/Connection.php(292): mysqli->query()
#1 /var/www/wshidroponik.pantau.com/WebServicePemantauan/vendor/codeigniter4/framework/system/Database/BaseConnection.php(670): CodeIgniter\Database\MySQLi\Connection->execute()
#2 /var/www/wshidroponik.pantau.com/WebServicePemantauan/vendor/codeigniter4/framework/system/Database/BaseConnection.php(598): CodeIgniter\Database\BaseConnection->simpleQuery()
#3 /var/www/wshidroponik.pantau.com/WebServicePemantauan/vendor/codeigniter4/framework/system/Database/BaseBuilder.php(1455): CodeIgniter\Database\BaseConnection->query()
#4 /var/www/wshidroponik.pantau.com/WebServicePemantauan/app/Models/PemantauanModel.php(71): CodeIgniter\Database\BaseBuilder->get()
#5 /var/www/wshidroponik.pantau.com/WebServicePemantauan/app/Controllers/Pemantauan.php(99): App\Models\PemantauanModel->getStatisticsData()
#6 /var/www/wshidroponik.pantau.com/WebServicePemantauan/vendor/codeigniter4/framework/system/CodeIgniter.php(832): App\Controllers\Pemantauan->statistics()
#7 /var/www/wshidroponik.pantau.com/WebServicePemantauan/vendor/codeigniter4/framework/system/CodeIgniter.php(419): CodeIgniter\CodeIgniter->runController()
#8 /var/www/wshidroponik.pantau.com/WebServicePemantauan/vendor/codeigniter4/framework/system/CodeIgniter.php(326): CodeIgniter\CodeIgniter->handleRequest()
#9 /var/www/wshidroponik.pantau.com/public_html/index.php(37): CodeIgniter\CodeIgniter->run()
#10 {main}
ERROR - 2022-05-30 02:09:00 --> You have an error in your SQL syntax; check the manual that corresponds to your MariaDB server version for the right syntax to use near 'Parameter), 2) as rata2Value
FROM `sense`
LEFT JOIN `nodeSensor` ON `sense`.`...' at line 1
CRITICAL - 2022-05-30 02:09:00 --> You have an error in your SQL syntax; check the manual that corresponds to your MariaDB server version for the right syntax to use near 'Parameter), 2) as rata2Value
FROM `sense`
LEFT JOIN `nodeSensor` ON `sense`.`...' at line 1
#0 /var/www/wshidroponik.pantau.com/WebServicePemantauan/vendor/codeigniter4/framework/system/Database/MySQLi/Connection.php(292): mysqli->query()
#1 /var/www/wshidroponik.pantau.com/WebServicePemantauan/vendor/codeigniter4/framework/system/Database/BaseConnection.php(670): CodeIgniter\Database\MySQLi\Connection->execute()
#2 /var/www/wshidroponik.pantau.com/WebServicePemantauan/vendor/codeigniter4/framework/system/Database/BaseConnection.php(598): CodeIgniter\Database\BaseConnection->simpleQuery()
#3 /var/www/wshidroponik.pantau.com/WebServicePemantauan/vendor/codeigniter4/framework/system/Database/BaseBuilder.php(1455): CodeIgniter\Database\BaseConnection->query()
#4 /var/www/wshidroponik.pantau.com/WebServicePemantauan/app/Models/PemantauanModel.php(71): CodeIgniter\Database\BaseBuilder->get()
#5 /var/www/wshidroponik.pantau.com/WebServicePemantauan/app/Controllers/Pemantauan.php(99): App\Models\PemantauanModel->getStatisticsData()
#6 /var/www/wshidroponik.pantau.com/WebServicePemantauan/vendor/codeigniter4/framework/system/CodeIgniter.php(832): App\Controllers\Pemantauan->statistics()
#7 /var/www/wshidroponik.pantau.com/WebServicePemantauan/vendor/codeigniter4/framework/system/CodeIgniter.php(419): CodeIgniter\CodeIgniter->runController()
#8 /var/www/wshidroponik.pantau.com/WebServicePemantauan/vendor/codeigniter4/framework/system/CodeIgniter.php(326): CodeIgniter\CodeIgniter->handleRequest()
#9 /var/www/wshidroponik.pantau.com/public_html/index.php(37): CodeIgniter\CodeIgniter->run()
#10 {main}
ERROR - 2022-05-30 02:10:51 --> You have an error in your SQL syntax; check the manual that corresponds to your MariaDB server version for the right syntax to use near 'Parameter), 2) as rata2Value
FROM `sense`
LEFT JOIN `nodeSensor` ON `sense`.`...' at line 1
CRITICAL - 2022-05-30 02:10:51 --> You have an error in your SQL syntax; check the manual that corresponds to your MariaDB server version for the right syntax to use near 'Parameter), 2) as rata2Value
FROM `sense`
LEFT JOIN `nodeSensor` ON `sense`.`...' at line 1
#0 /var/www/wshidroponik.pantau.com/WebServicePemantauan/vendor/codeigniter4/framework/system/Database/MySQLi/Connection.php(292): mysqli->query()
#1 /var/www/wshidroponik.pantau.com/WebServicePemantauan/vendor/codeigniter4/framework/system/Database/BaseConnection.php(670): CodeIgniter\Database\MySQLi\Connection->execute()
#2 /var/www/wshidroponik.pantau.com/WebServicePemantauan/vendor/codeigniter4/framework/system/Database/BaseConnection.php(598): CodeIgniter\Database\BaseConnection->simpleQuery()
#3 /var/www/wshidroponik.pantau.com/WebServicePemantauan/vendor/codeigniter4/framework/system/Database/BaseBuilder.php(1455): CodeIgniter\Database\BaseConnection->query()
#4 /var/www/wshidroponik.pantau.com/WebServicePemantauan/app/Models/PemantauanModel.php(71): CodeIgniter\Database\BaseBuilder->get()
#5 /var/www/wshidroponik.pantau.com/WebServicePemantauan/app/Controllers/Pemantauan.php(99): App\Models\PemantauanModel->getStatisticsData()
#6 /var/www/wshidroponik.pantau.com/WebServicePemantauan/vendor/codeigniter4/framework/system/CodeIgniter.php(832): App\Controllers\Pemantauan->statistics()
#7 /var/www/wshidroponik.pantau.com/WebServicePemantauan/vendor/codeigniter4/framework/system/CodeIgniter.php(419): CodeIgniter\CodeIgniter->runController()
#8 /var/www/wshidroponik.pantau.com/WebServicePemantauan/vendor/codeigniter4/framework/system/CodeIgniter.php(326): CodeIgniter\CodeIgniter->handleRequest()
#9 /var/www/wshidroponik.pantau.com/public_html/index.php(37): CodeIgniter\CodeIgniter->run()
#10 {main}
ERROR - 2022-05-30 02:11:09 --> You have an error in your SQL syntax; check the manual that corresponds to your MariaDB server version for the right syntax to use near 'Parameter), 2) as rata2Value
FROM `sense`
LEFT JOIN `nodeSensor` ON `sense`.`...' at line 1
CRITICAL - 2022-05-30 02:11:09 --> You have an error in your SQL syntax; check the manual that corresponds to your MariaDB server version for the right syntax to use near 'Parameter), 2) as rata2Value
FROM `sense`
LEFT JOIN `nodeSensor` ON `sense`.`...' at line 1
#0 /var/www/wshidroponik.pantau.com/WebServicePemantauan/vendor/codeigniter4/framework/system/Database/MySQLi/Connection.php(292): mysqli->query()
#1 /var/www/wshidroponik.pantau.com/WebServicePemantauan/vendor/codeigniter4/framework/system/Database/BaseConnection.php(670): CodeIgniter\Database\MySQLi\Connection->execute()
#2 /var/www/wshidroponik.pantau.com/WebServicePemantauan/vendor/codeigniter4/framework/system/Database/BaseConnection.php(598): CodeIgniter\Database\BaseConnection->simpleQuery()
#3 /var/www/wshidroponik.pantau.com/WebServicePemantauan/vendor/codeigniter4/framework/system/Database/BaseBuilder.php(1455): CodeIgniter\Database\BaseConnection->query()
#4 /var/www/wshidroponik.pantau.com/WebServicePemantauan/app/Models/PemantauanModel.php(71): CodeIgniter\Database\BaseBuilder->get()
#5 /var/www/wshidroponik.pantau.com/WebServicePemantauan/app/Controllers/Pemantauan.php(99): App\Models\PemantauanModel->getStatisticsData()
#6 /var/www/wshidroponik.pantau.com/WebServicePemantauan/vendor/codeigniter4/framework/system/CodeIgniter.php(832): App\Controllers\Pemantauan->statistics()
#7 /var/www/wshidroponik.pantau.com/WebServicePemantauan/vendor/codeigniter4/framework/system/CodeIgniter.php(419): CodeIgniter\CodeIgniter->runController()
#8 /var/www/wshidroponik.pantau.com/WebServicePemantauan/vendor/codeigniter4/framework/system/CodeIgniter.php(326): CodeIgniter\CodeIgniter->handleRequest()
#9 /var/www/wshidroponik.pantau.com/public_html/index.php(37): CodeIgniter\CodeIgniter->run()
#10 {main}
ERROR - 2022-05-30 02:13:14 --> You have an error in your SQL syntax; check the manual that corresponds to your MariaDB server version for the right syntax to use near 'Parameter), 2) as rata2Value
FROM `sense`
LEFT JOIN `nodeSensor` ON `sense`.`...' at line 1
CRITICAL - 2022-05-30 02:13:14 --> You have an error in your SQL syntax; check the manual that corresponds to your MariaDB server version for the right syntax to use near 'Parameter), 2) as rata2Value
FROM `sense`
LEFT JOIN `nodeSensor` ON `sense`.`...' at line 1
#0 /var/www/wshidroponik.pantau.com/WebServicePemantauan/vendor/codeigniter4/framework/system/Database/MySQLi/Connection.php(292): mysqli->query()
#1 /var/www/wshidroponik.pantau.com/WebServicePemantauan/vendor/codeigniter4/framework/system/Database/BaseConnection.php(670): CodeIgniter\Database\MySQLi\Connection->execute()
#2 /var/www/wshidroponik.pantau.com/WebServicePemantauan/vendor/codeigniter4/framework/system/Database/BaseConnection.php(598): CodeIgniter\Database\BaseConnection->simpleQuery()
#3 /var/www/wshidroponik.pantau.com/WebServicePemantauan/vendor/codeigniter4/framework/system/Database/BaseBuilder.php(1455): CodeIgniter\Database\BaseConnection->query()
#4 /var/www/wshidroponik.pantau.com/WebServicePemantauan/app/Models/PemantauanModel.php(71): CodeIgniter\Database\BaseBuilder->get()
#5 /var/www/wshidroponik.pantau.com/WebServicePemantauan/app/Controllers/Pemantauan.php(99): App\Models\PemantauanModel->getStatisticsData()
#6 /var/www/wshidroponik.pantau.com/WebServicePemantauan/vendor/codeigniter4/framework/system/CodeIgniter.php(832): App\Controllers\Pemantauan->statistics()
#7 /var/www/wshidroponik.pantau.com/WebServicePemantauan/vendor/codeigniter4/framework/system/CodeIgniter.php(419): CodeIgniter\CodeIgniter->runController()
#8 /var/www/wshidroponik.pantau.com/WebServicePemantauan/vendor/codeigniter4/framework/system/CodeIgniter.php(326): CodeIgniter\CodeIgniter->handleRequest()
#9 /var/www/wshidroponik.pantau.com/public_html/index.php(37): CodeIgniter\CodeIgniter->run()
#10 {main}
ERROR - 2022-05-30 02:13:15 --> You have an error in your SQL syntax; check the manual that corresponds to your MariaDB server version for the right syntax to use near 'Parameter), 2) as rata2Value
FROM `sense`
LEFT JOIN `nodeSensor` ON `sense`.`...' at line 1
CRITICAL - 2022-05-30 02:13:15 --> You have an error in your SQL syntax; check the manual that corresponds to your MariaDB server version for the right syntax to use near 'Parameter), 2) as rata2Value
FROM `sense`
LEFT JOIN `nodeSensor` ON `sense`.`...' at line 1
#0 /var/www/wshidroponik.pantau.com/WebServicePemantauan/vendor/codeigniter4/framework/system/Database/MySQLi/Connection.php(292): mysqli->query()
#1 /var/www/wshidroponik.pantau.com/WebServicePemantauan/vendor/codeigniter4/framework/system/Database/BaseConnection.php(670): CodeIgniter\Database\MySQLi\Connection->execute()
#2 /var/www/wshidroponik.pantau.com/WebServicePemantauan/vendor/codeigniter4/framework/system/Database/BaseConnection.php(598): CodeIgniter\Database\BaseConnection->simpleQuery()
#3 /var/www/wshidroponik.pantau.com/WebServicePemantauan/vendor/codeigniter4/framework/system/Database/BaseBuilder.php(1455): CodeIgniter\Database\BaseConnection->query()
#4 /var/www/wshidroponik.pantau.com/WebServicePemantauan/app/Models/PemantauanModel.php(71): CodeIgniter\Database\BaseBuilder->get()
#5 /var/www/wshidroponik.pantau.com/WebServicePemantauan/app/Controllers/Pemantauan.php(99): App\Models\PemantauanModel->getStatisticsData()
#6 /var/www/wshidroponik.pantau.com/WebServicePemantauan/vendor/codeigniter4/framework/system/CodeIgniter.php(832): App\Controllers\Pemantauan->statistics()
#7 /var/www/wshidroponik.pantau.com/WebServicePemantauan/vendor/codeigniter4/framework/system/CodeIgniter.php(419): CodeIgniter\CodeIgniter->runController()
#8 /var/www/wshidroponik.pantau.com/WebServicePemantauan/vendor/codeigniter4/framework/system/CodeIgniter.php(326): CodeIgniter\CodeIgniter->handleRequest()
#9 /var/www/wshidroponik.pantau.com/public_html/index.php(37): CodeIgniter\CodeIgniter->run()
#10 {main}
ERROR - 2022-05-30 02:13:25 --> You have an error in your SQL syntax; check the manual that corresponds to your MariaDB server version for the right syntax to use near 'Parameter), 2) as rata2Value
FROM `sense`
LEFT JOIN `nodeSensor` ON `sense`.`...' at line 1
CRITICAL - 2022-05-30 02:13:25 --> You have an error in your SQL syntax; check the manual that corresponds to your MariaDB server version for the right syntax to use near 'Parameter), 2) as rata2Value
FROM `sense`
LEFT JOIN `nodeSensor` ON `sense`.`...' at line 1
#0 /var/www/wshidroponik.pantau.com/WebServicePemantauan/vendor/codeigniter4/framework/system/Database/MySQLi/Connection.php(292): mysqli->query()
#1 /var/www/wshidroponik.pantau.com/WebServicePemantauan/vendor/codeigniter4/framework/system/Database/BaseConnection.php(670): CodeIgniter\Database\MySQLi\Connection->execute()
#2 /var/www/wshidroponik.pantau.com/WebServicePemantauan/vendor/codeigniter4/framework/system/Database/BaseConnection.php(598): CodeIgniter\Database\BaseConnection->simpleQuery()
#3 /var/www/wshidroponik.pantau.com/WebServicePemantauan/vendor/codeigniter4/framework/system/Database/BaseBuilder.php(1455): CodeIgniter\Database\BaseConnection->query()
#4 /var/www/wshidroponik.pantau.com/WebServicePemantauan/app/Models/PemantauanModel.php(71): CodeIgniter\Database\BaseBuilder->get()
#5 /var/www/wshidroponik.pantau.com/WebServicePemantauan/app/Controllers/Pemantauan.php(99): App\Models\PemantauanModel->getStatisticsData()
#6 /var/www/wshidroponik.pantau.com/WebServicePemantauan/vendor/codeigniter4/framework/system/CodeIgniter.php(832): App\Controllers\Pemantauan->statistics()
#7 /var/www/wshidroponik.pantau.com/WebServicePemantauan/vendor/codeigniter4/framework/system/CodeIgniter.php(419): CodeIgniter\CodeIgniter->runController()
#8 /var/www/wshidroponik.pantau.com/WebServicePemantauan/vendor/codeigniter4/framework/system/CodeIgniter.php(326): CodeIgniter\CodeIgniter->handleRequest()
#9 /var/www/wshidroponik.pantau.com/public_html/index.php(37): CodeIgniter\CodeIgniter->run()
#10 {main}
ERROR - 2022-05-30 02:27:55 --> Column 'waktu' in order clause is ambiguous
CRITICAL - 2022-05-30 02:27:55 --> Column 'waktu' in order clause is ambiguous
#0 /var/www/wshidroponik.pantau.com/WebServicePemantauan/vendor/codeigniter4/framework/system/Database/MySQLi/Connection.php(292): mysqli->query()
#1 /var/www/wshidroponik.pantau.com/WebServicePemantauan/vendor/codeigniter4/framework/system/Database/BaseConnection.php(670): CodeIgniter\Database\MySQLi\Connection->execute()
#2 /var/www/wshidroponik.pantau.com/WebServicePemantauan/vendor/codeigniter4/framework/system/Database/BaseConnection.php(598): CodeIgniter\Database\BaseConnection->simpleQuery()
#3 /var/www/wshidroponik.pantau.com/WebServicePemantauan/vendor/codeigniter4/framework/system/Database/BaseBuilder.php(1455): CodeIgniter\Database\BaseConnection->query()
#4 /var/www/wshidroponik.pantau.com/WebServicePemantauan/app/Models/PemantauanModel.php(58): CodeIgniter\Database\BaseBuilder->get()
#5 /var/www/wshidroponik.pantau.com/WebServicePemantauan/app/Controllers/Pemantauan.php(69): App\Models\PemantauanModel->getHistoryData()
#6 /var/www/wshidroponik.pantau.com/WebServicePemantauan/vendor/codeigniter4/framework/system/CodeIgniter.php(832): App\Controllers\Pemantauan->history()
#7 /var/www/wshidroponik.pantau.com/WebServicePemantauan/vendor/codeigniter4/framework/system/CodeIgniter.php(419): CodeIgniter\CodeIgniter->runController()
#8 /var/www/wshidroponik.pantau.com/WebServicePemantauan/vendor/codeigniter4/framework/system/CodeIgniter.php(326): CodeIgniter\CodeIgniter->handleRequest()
#9 /var/www/wshidroponik.pantau.com/public_html/index.php(37): CodeIgniter\CodeIgniter->run()
#10 {main}
ERROR - 2022-05-30 02:28:11 --> Column 'waktu' in order clause is ambiguous
CRITICAL - 2022-05-30 02:28:11 --> Column 'waktu' in order clause is ambiguous
#0 /var/www/wshidroponik.pantau.com/WebServicePemantauan/vendor/codeigniter4/framework/system/Database/MySQLi/Connection.php(292): mysqli->query()
#1 /var/www/wshidroponik.pantau.com/WebServicePemantauan/vendor/codeigniter4/framework/system/Database/BaseConnection.php(670): CodeIgniter\Database\MySQLi\Connection->execute()
#2 /var/www/wshidroponik.pantau.com/WebServicePemantauan/vendor/codeigniter4/framework/system/Database/BaseConnection.php(598): CodeIgniter\Database\BaseConnection->simpleQuery()
#3 /var/www/wshidroponik.pantau.com/WebServicePemantauan/vendor/codeigniter4/framework/system/Database/BaseBuilder.php(1455): CodeIgniter\Database\BaseConnection->query()
#4 /var/www/wshidroponik.pantau.com/WebServicePemantauan/app/Models/PemantauanModel.php(58): CodeIgniter\Database\BaseBuilder->get()
#5 /var/www/wshidroponik.pantau.com/WebServicePemantauan/app/Controllers/Pemantauan.php(69): App\Models\PemantauanModel->getHistoryData()
#6 /var/www/wshidroponik.pantau.com/WebServicePemantauan/vendor/codeigniter4/framework/system/CodeIgniter.php(832): App\Controllers\Pemantauan->history()
#7 /var/www/wshidroponik.pantau.com/WebServicePemantauan/vendor/codeigniter4/framework/system/CodeIgniter.php(419): CodeIgniter\CodeIgniter->runController()
#8 /var/www/wshidroponik.pantau.com/WebServicePemantauan/vendor/codeigniter4/framework/system/CodeIgniter.php(326): CodeIgniter\CodeIgniter->handleRequest()
#9 /var/www/wshidroponik.pantau.com/public_html/index.php(37): CodeIgniter\CodeIgniter->run()
#10 {main}
ERROR - 2022-05-30 02:41:50 --> Column 'waktu' in field list is ambiguous
CRITICAL - 2022-05-30 02:41:50 --> Column 'waktu' in field list is ambiguous
#0 /var/www/wshidroponik.pantau.com/WebServicePemantauan/vendor/codeigniter4/framework/system/Database/MySQLi/Connection.php(292): mysqli->query()
#1 /var/www/wshidroponik.pantau.com/WebServicePemantauan/vendor/codeigniter4/framework/system/Database/BaseConnection.php(670): CodeIgniter\Database\MySQLi\Connection->execute()
#2 /var/www/wshidroponik.pantau.com/WebServicePemantauan/vendor/codeigniter4/framework/system/Database/BaseConnection.php(598): CodeIgniter\Database\BaseConnection->simpleQuery()
#3 /var/www/wshidroponik.pantau.com/WebServicePemantauan/vendor/codeigniter4/framework/system/Database/BaseBuilder.php(1455): CodeIgniter\Database\BaseConnection->query()
#4 /var/www/wshidroponik.pantau.com/WebServicePemantauan/app/Models/PemantauanModel.php(60): CodeIgniter\Database\BaseBuilder->get()
#5 /var/www/wshidroponik.pantau.com/WebServicePemantauan/app/Controllers/Pemantauan.php(69): App\Models\PemantauanModel->getHistoryData()
#6 /var/www/wshidroponik.pantau.com/WebServicePemantauan/vendor/codeigniter4/framework/system/CodeIgniter.php(832): App\Controllers\Pemantauan->history()
#7 /var/www/wshidroponik.pantau.com/WebServicePemantauan/vendor/codeigniter4/framework/system/CodeIgniter.php(419): CodeIgniter\CodeIgniter->runController()
#8 /var/www/wshidroponik.pantau.com/WebServicePemantauan/vendor/codeigniter4/framework/system/CodeIgniter.php(326): CodeIgniter\CodeIgniter->handleRequest()
#9 /var/www/wshidroponik.pantau.com/public_html/index.php(37): CodeIgniter\CodeIgniter->run()
#10 {main}
ERROR - 2022-05-30 04:49:48 --> You have an error in your SQL syntax; check the manual that corresponds to your MariaDB server version for the right syntax to use near 'Udara), 2) as rata2Value
FROM `sense`
LEFT JOIN `nodeSensor` ON `sense`.`idNo...' at line 1
CRITICAL - 2022-05-30 04:49:48 --> You have an error in your SQL syntax; check the manual that corresponds to your MariaDB server version for the right syntax to use near 'Udara), 2) as rata2Value
FROM `sense`
LEFT JOIN `nodeSensor` ON `sense`.`idNo...' at line 1
#0 /var/www/wshidroponik.pantau.com/WebServicePemantauan/vendor/codeigniter4/framework/system/Database/MySQLi/Connection.php(292): mysqli->query()
#1 /var/www/wshidroponik.pantau.com/WebServicePemantauan/vendor/codeigniter4/framework/system/Database/BaseConnection.php(670): CodeIgniter\Database\MySQLi\Connection->execute()
#2 /var/www/wshidroponik.pantau.com/WebServicePemantauan/vendor/codeigniter4/framework/system/Database/BaseConnection.php(598): CodeIgniter\Database\BaseConnection->simpleQuery()
#3 /var/www/wshidroponik.pantau.com/WebServicePemantauan/vendor/codeigniter4/framework/system/Database/BaseBuilder.php(1455): CodeIgniter\Database\BaseConnection->query()
#4 /var/www/wshidroponik.pantau.com/WebServicePemantauan/app/Models/PemantauanModel.php(85): CodeIgniter\Database\BaseBuilder->get()
#5 /var/www/wshidroponik.pantau.com/WebServicePemantauan/app/Controllers/Pemantauan.php(99): App\Models\PemantauanModel->getStatisticsData()
#6 /var/www/wshidroponik.pantau.com/WebServicePemantauan/vendor/codeigniter4/framework/system/CodeIgniter.php(832): App\Controllers\Pemantauan->statistics()
#7 /var/www/wshidroponik.pantau.com/WebServicePemantauan/vendor/codeigniter4/framework/system/CodeIgniter.php(419): CodeIgniter\CodeIgniter->runController()
#8 /var/www/wshidroponik.pantau.com/WebServicePemantauan/vendor/codeigniter4/framework/system/CodeIgniter.php(326): CodeIgniter\CodeIgniter->handleRequest()
#9 /var/www/wshidroponik.pantau.com/public_html/index.php(37): CodeIgniter\CodeIgniter->run()
#10 {main}
