ERROR - 2022-05-08 13:29:26 --> Error connecting to the database: Access denied for user '****'@'localhost' (using password: YES)
CRITICAL - 2022-05-08 13:29:26 --> Unable to connect to the database.
Main connection [MySQLi]: Access denied for user '****'@'localhost' (using password: YES)
#0 /var/www/wshidroponik.pantau.com/WebServicePemantauan/vendor/codeigniter4/framework/system/Database/BaseConnection.php(577): CodeIgniter\Database\BaseConnection->initialize()
#1 /var/www/wshidroponik.pantau.com/WebServicePemantauan/vendor/codeigniter4/framework/system/Database/BaseBuilder.php(1455): CodeIgniter\Database\BaseConnection->query()
#2 /var/www/wshidroponik.pantau.com/WebServicePemantauan/app/Models/PemantauanModel.php(21): CodeIgniter\Database\BaseBuilder->get()
#3 /var/www/wshidroponik.pantau.com/WebServicePemantauan/app/Controllers/Pemantauan.php(24): App\Models\PemantauanModel->getWaktuPemantauanTerakhir()
#4 /var/www/wshidroponik.pantau.com/WebServicePemantauan/vendor/codeigniter4/framework/system/CodeIgniter.php(832): App\Controllers\Pemantauan->index()
#5 /var/www/wshidroponik.pantau.com/WebServicePemantauan/vendor/codeigniter4/framework/system/CodeIgniter.php(419): CodeIgniter\CodeIgniter->runController()
#6 /var/www/wshidroponik.pantau.com/WebServicePemantauan/vendor/codeigniter4/framework/system/CodeIgniter.php(326): CodeIgniter\CodeIgniter->handleRequest()
#7 /var/www/wshidroponik.pantau.com/public_html/index.php(37): CodeIgniter\CodeIgniter->run()
#8 {main}
ERROR - 2022-05-08 13:35:19 --> Error connecting to the database: Access denied for user '****'@'localhost' (using password: YES)
CRITICAL - 2022-05-08 13:35:19 --> Unable to connect to the database.
Main connection [MySQLi]: Access denied for user '****'@'localhost' (using password: YES)
#0 /var/www/wshidroponik.pantau.com/WebServicePemantauan/vendor/codeigniter4/framework/system/Database/BaseConnection.php(577): CodeIgniter\Database\BaseConnection->initialize()
#1 /var/www/wshidroponik.pantau.com/WebServicePemantauan/vendor/codeigniter4/framework/system/Database/BaseBuilder.php(1455): CodeIgniter\Database\BaseConnection->query()
#2 /var/www/wshidroponik.pantau.com/WebServicePemantauan/app/Models/PemantauanModel.php(21): CodeIgniter\Database\BaseBuilder->get()
#3 /var/www/wshidroponik.pantau.com/WebServicePemantauan/app/Controllers/Pemantauan.php(24): App\Models\PemantauanModel->getWaktuPemantauanTerakhir()
#4 /var/www/wshidroponik.pantau.com/WebServicePemantauan/vendor/codeigniter4/framework/system/CodeIgniter.php(832): App\Controllers\Pemantauan->index()
#5 /var/www/wshidroponik.pantau.com/WebServicePemantauan/vendor/codeigniter4/framework/system/CodeIgniter.php(419): CodeIgniter\CodeIgniter->runController()
#6 /var/www/wshidroponik.pantau.com/WebServicePemantauan/vendor/codeigniter4/framework/system/CodeIgniter.php(326): CodeIgniter\CodeIgniter->handleRequest()
#7 /var/www/wshidroponik.pantau.com/public_html/index.php(37): CodeIgniter\CodeIgniter->run()
#8 {main}
ERROR - 2022-05-08 13:38:48 --> Error connecting to the database: Access denied for user '****'@'localhost' (using password: YES)
CRITICAL - 2022-05-08 13:38:48 --> Unable to connect to the database.
Main connection [MySQLi]: Access denied for user '****'@'localhost' (using password: YES)
#0 /var/www/wshidroponik.pantau.com/WebServicePemantauan/vendor/codeigniter4/framework/system/Database/BaseConnection.php(577): CodeIgniter\Database\BaseConnection->initialize()
#1 /var/www/wshidroponik.pantau.com/WebServicePemantauan/vendor/codeigniter4/framework/system/Database/BaseBuilder.php(1455): CodeIgniter\Database\BaseConnection->query()
#2 /var/www/wshidroponik.pantau.com/WebServicePemantauan/app/Models/PemantauanModel.php(21): CodeIgniter\Database\BaseBuilder->get()
#3 /var/www/wshidroponik.pantau.com/WebServicePemantauan/app/Controllers/Pemantauan.php(24): App\Models\PemantauanModel->getWaktuPemantauanTerakhir()
#4 /var/www/wshidroponik.pantau.com/WebServicePemantauan/vendor/codeigniter4/framework/system/CodeIgniter.php(832): App\Controllers\Pemantauan->index()
#5 /var/www/wshidroponik.pantau.com/WebServicePemantauan/vendor/codeigniter4/framework/system/CodeIgniter.php(419): CodeIgniter\CodeIgniter->runController()
#6 /var/www/wshidroponik.pantau.com/WebServicePemantauan/vendor/codeigniter4/framework/system/CodeIgniter.php(326): CodeIgniter\CodeIgniter->handleRequest()
#7 /var/www/wshidroponik.pantau.com/public_html/index.php(37): CodeIgniter\CodeIgniter->run()
#8 {main}
ERROR - 2022-05-08 15:01:08 --> Error connecting to the database: Access denied for user '****'@'localhost' (using password: YES)
CRITICAL - 2022-05-08 15:01:08 --> Unable to connect to the database.
Main connection [MySQLi]: Access denied for user '****'@'localhost' (using password: YES)
#0 /var/www/wshidroponik.pantau.com/WebServicePemantauan/vendor/codeigniter4/framework/system/Database/BaseConnection.php(577): CodeIgniter\Database\BaseConnection->initialize()
#1 /var/www/wshidroponik.pantau.com/WebServicePemantauan/vendor/codeigniter4/framework/system/Database/BaseBuilder.php(1455): CodeIgniter\Database\BaseConnection->query()
#2 /var/www/wshidroponik.pantau.com/WebServicePemantauan/app/Models/PemantauanModel.php(21): CodeIgniter\Database\BaseBuilder->get()
#3 /var/www/wshidroponik.pantau.com/WebServicePemantauan/app/Controllers/Pemantauan.php(24): App\Models\PemantauanModel->getWaktuPemantauanTerakhir()
#4 /var/www/wshidroponik.pantau.com/WebServicePemantauan/vendor/codeigniter4/framework/system/CodeIgniter.php(832): App\Controllers\Pemantauan->index()
#5 /var/www/wshidroponik.pantau.com/WebServicePemantauan/vendor/codeigniter4/framework/system/CodeIgniter.php(419): CodeIgniter\CodeIgniter->runController()
#6 /var/www/wshidroponik.pantau.com/WebServicePemantauan/vendor/codeigniter4/framework/system/CodeIgniter.php(326): CodeIgniter\CodeIgniter->handleRequest()
#7 /var/www/wshidroponik.pantau.com/public_html/index.php(36): CodeIgniter\CodeIgniter->run()
#8 {main}
