ERROR - 2022-04-26 11:25:26 --> Error connecting to the database: php_network_getaddresses: getaddrinfo failed: No such host is known. 
CRITICAL - 2022-04-26 11:26:29 --> Maximum execution time of 60 seconds exceeded
#0 [internal function]: CodeIgniter\Debug\Exceptions->shutdownHandler()
#1 {main}
ERROR - 2022-04-26 11:26:42 --> Error connecting to the database: php_network_getaddresses: getaddrinfo failed: No such host is known. 
CRITICAL - 2022-04-26 11:26:42 --> Unable to connect to the database.
Main connection [MySQLi]: php_network_getaddresses: getaddrinfo failed: No such host is known. 
#0 D:\Semester 10\Web Services Pemantauan Hidroponik\WebServicePemantauan\vendor\codeigniter4\framework\system\Database\BaseConnection.php(577): CodeIgniter\Database\BaseConnection->initialize()
#1 D:\Semester 10\Web Services Pemantauan Hidroponik\WebServicePemantauan\vendor\codeigniter4\framework\system\Database\BaseBuilder.php(1455): CodeIgniter\Database\BaseConnection->query('SELECT *\nFROM `...', Array, false)
#2 D:\Semester 10\Web Services Pemantauan Hidroponik\WebServicePemantauan\vendor\codeigniter4\framework\system\Model.php(183): CodeIgniter\Database\BaseBuilder->get()
#3 D:\Semester 10\Web Services Pemantauan Hidroponik\WebServicePemantauan\vendor\codeigniter4\framework\system\BaseModel.php(584): CodeIgniter\Model->doFindAll(0, 0)
#4 D:\Semester 10\Web Services Pemantauan Hidroponik\WebServicePemantauan\app\Controllers\Pengguna.php(22): CodeIgniter\BaseModel->findAll()
#5 D:\Semester 10\Web Services Pemantauan Hidroponik\WebServicePemantauan\vendor\codeigniter4\framework\system\CodeIgniter.php(832): App\Controllers\Pengguna->index()
#6 D:\Semester 10\Web Services Pemantauan Hidroponik\WebServicePemantauan\vendor\codeigniter4\framework\system\CodeIgniter.php(419): CodeIgniter\CodeIgniter->runController(Object(App\Controllers\Pengguna))
#7 D:\Semester 10\Web Services Pemantauan Hidroponik\WebServicePemantauan\vendor\codeigniter4\framework\system\CodeIgniter.php(326): CodeIgniter\CodeIgniter->handleRequest(NULL, Object(Config\Cache), false)
#8 D:\Semester 10\Web Services Pemantauan Hidroponik\WebServicePemantauan\public\index.php(37): CodeIgniter\CodeIgniter->run()
#9 D:\Semester 10\Web Services Pemantauan Hidroponik\WebServicePemantauan\vendor\codeigniter4\framework\system\Commands\Server\rewrite.php(43): require_once('D:\\Semester 10\\...')
#10 {main}
ERROR - 2022-04-26 11:27:59 --> Error connecting to the database: php_network_getaddresses: getaddrinfo failed: No such host is known. 
CRITICAL - 2022-04-26 11:27:59 --> Unable to connect to the database.
Main connection [MySQLi]: php_network_getaddresses: getaddrinfo failed: No such host is known. 
#0 D:\Semester 10\Web Services Pemantauan Hidroponik\WebServicePemantauan\vendor\codeigniter4\framework\system\Database\BaseConnection.php(577): CodeIgniter\Database\BaseConnection->initialize()
#1 D:\Semester 10\Web Services Pemantauan Hidroponik\WebServicePemantauan\vendor\codeigniter4\framework\system\Database\BaseBuilder.php(1455): CodeIgniter\Database\BaseConnection->query('SELECT *\nFROM `...', Array, false)
#2 D:\Semester 10\Web Services Pemantauan Hidroponik\WebServicePemantauan\vendor\codeigniter4\framework\system\Model.php(183): CodeIgniter\Database\BaseBuilder->get()
#3 D:\Semester 10\Web Services Pemantauan Hidroponik\WebServicePemantauan\vendor\codeigniter4\framework\system\BaseModel.php(584): CodeIgniter\Model->doFindAll(0, 0)
#4 D:\Semester 10\Web Services Pemantauan Hidroponik\WebServicePemantauan\app\Controllers\Pengguna.php(22): CodeIgniter\BaseModel->findAll()
#5 D:\Semester 10\Web Services Pemantauan Hidroponik\WebServicePemantauan\vendor\codeigniter4\framework\system\CodeIgniter.php(832): App\Controllers\Pengguna->index()
#6 D:\Semester 10\Web Services Pemantauan Hidroponik\WebServicePemantauan\vendor\codeigniter4\framework\system\CodeIgniter.php(419): CodeIgniter\CodeIgniter->runController(Object(App\Controllers\Pengguna))
#7 D:\Semester 10\Web Services Pemantauan Hidroponik\WebServicePemantauan\vendor\codeigniter4\framework\system\CodeIgniter.php(326): CodeIgniter\CodeIgniter->handleRequest(NULL, Object(Config\Cache), false)
#8 D:\Semester 10\Web Services Pemantauan Hidroponik\WebServicePemantauan\public\index.php(37): CodeIgniter\CodeIgniter->run()
#9 D:\Semester 10\Web Services Pemantauan Hidroponik\WebServicePemantauan\vendor\codeigniter4\framework\system\Commands\Server\rewrite.php(43): require_once('D:\\Semester 10\\...')
#10 {main}
