CRITICAL - 2022-04-19 01:54:37 --> Call to a member function find() on array
#0 D:\Semester 10\Web Services Pemantauan Hidroponik\WebServicePemantauan\vendor\codeigniter4\framework\system\CodeIgniter.php(832): App\Controllers\Pemantauan->index()
#1 D:\Semester 10\Web Services Pemantauan Hidroponik\WebServicePemantauan\vendor\codeigniter4\framework\system\CodeIgniter.php(419): CodeIgniter\CodeIgniter->runController(Object(App\Controllers\Pemantauan))
#2 D:\Semester 10\Web Services Pemantauan Hidroponik\WebServicePemantauan\vendor\codeigniter4\framework\system\CodeIgniter.php(326): CodeIgniter\CodeIgniter->handleRequest(NULL, Object(Config\Cache), false)
#3 D:\Semester 10\Web Services Pemantauan Hidroponik\WebServicePemantauan\public\index.php(37): CodeIgniter\CodeIgniter->run()
#4 D:\Semester 10\Web Services Pemantauan Hidroponik\WebServicePemantauan\vendor\codeigniter4\framework\system\Commands\Server\rewrite.php(43): require_once('D:\\Semester 10\\...')
#5 {main}
CRITICAL - 2022-04-19 02:02:12 --> You must set the database table to be used with your query.
#0 D:\Semester 10\Web Services Pemantauan Hidroponik\WebServicePemantauan\vendor\codeigniter4\framework\system\Model.php(545): CodeIgniter\Database\BaseConnection->table(NULL)
#1 D:\Semester 10\Web Services Pemantauan Hidroponik\WebServicePemantauan\vendor\codeigniter4\framework\system\Model.php(130): CodeIgniter\Model->builder()
#2 D:\Semester 10\Web Services Pemantauan Hidroponik\WebServicePemantauan\vendor\codeigniter4\framework\system\BaseModel.php(523): CodeIgniter\Model->doFind(false, NULL)
#3 D:\Semester 10\Web Services Pemantauan Hidroponik\WebServicePemantauan\app\Controllers\Pemantauan.php(23): CodeIgniter\BaseModel->find()
#4 D:\Semester 10\Web Services Pemantauan Hidroponik\WebServicePemantauan\vendor\codeigniter4\framework\system\CodeIgniter.php(832): App\Controllers\Pemantauan->index()
#5 D:\Semester 10\Web Services Pemantauan Hidroponik\WebServicePemantauan\vendor\codeigniter4\framework\system\CodeIgniter.php(419): CodeIgniter\CodeIgniter->runController(Object(App\Controllers\Pemantauan))
#6 D:\Semester 10\Web Services Pemantauan Hidroponik\WebServicePemantauan\vendor\codeigniter4\framework\system\CodeIgniter.php(326): CodeIgniter\CodeIgniter->handleRequest(NULL, Object(Config\Cache), false)
#7 D:\Semester 10\Web Services Pemantauan Hidroponik\WebServicePemantauan\public\index.php(37): CodeIgniter\CodeIgniter->run()
#8 D:\Semester 10\Web Services Pemantauan Hidroponik\WebServicePemantauan\vendor\codeigniter4\framework\system\Commands\Server\rewrite.php(43): require_once('D:\\Semester 10\\...')
#9 {main}
CRITICAL - 2022-04-19 02:17:16 --> Call to a member function getResult() on array
#0 D:\Semester 10\Web Services Pemantauan Hidroponik\WebServicePemantauan\vendor\codeigniter4\framework\system\CodeIgniter.php(832): App\Controllers\Pemantauan->show('idNode=2')
#1 D:\Semester 10\Web Services Pemantauan Hidroponik\WebServicePemantauan\vendor\codeigniter4\framework\system\CodeIgniter.php(419): CodeIgniter\CodeIgniter->runController(Object(App\Controllers\Pemantauan))
#2 D:\Semester 10\Web Services Pemantauan Hidroponik\WebServicePemantauan\vendor\codeigniter4\framework\system\CodeIgniter.php(326): CodeIgniter\CodeIgniter->handleRequest(NULL, Object(Config\Cache), false)
#3 D:\Semester 10\Web Services Pemantauan Hidroponik\WebServicePemantauan\public\index.php(37): CodeIgniter\CodeIgniter->run()
#4 D:\Semester 10\Web Services Pemantauan Hidroponik\WebServicePemantauan\vendor\codeigniter4\framework\system\Commands\Server\rewrite.php(43): require_once('D:\\Semester 10\\...')
#5 {main}
ERROR - 2022-04-19 02:33:31 --> Column 'idNode' in where clause is ambiguous
CRITICAL - 2022-04-19 02:33:31 --> Column 'idNode' in where clause is ambiguous
#0 D:\Semester 10\Web Services Pemantauan Hidroponik\WebServicePemantauan\vendor\codeigniter4\framework\system\Database\MySQLi\Connection.php(292): mysqli->query('SELECT *\nFROM `...', 0)
#1 D:\Semester 10\Web Services Pemantauan Hidroponik\WebServicePemantauan\vendor\codeigniter4\framework\system\Database\BaseConnection.php(670): CodeIgniter\Database\MySQLi\Connection->execute('SELECT *\nFROM `...')
#2 D:\Semester 10\Web Services Pemantauan Hidroponik\WebServicePemantauan\vendor\codeigniter4\framework\system\Database\BaseConnection.php(598): CodeIgniter\Database\BaseConnection->simpleQuery('SELECT *\nFROM `...')
#3 D:\Semester 10\Web Services Pemantauan Hidroponik\WebServicePemantauan\vendor\codeigniter4\framework\system\Database\BaseBuilder.php(1455): CodeIgniter\Database\BaseConnection->query('SELECT *\nFROM `...', Array, false)
#4 D:\Semester 10\Web Services Pemantauan Hidroponik\WebServicePemantauan\app\Models\PemantauanModel.php(32): CodeIgniter\Database\BaseBuilder->get()
#5 D:\Semester 10\Web Services Pemantauan Hidroponik\WebServicePemantauan\app\Controllers\Pemantauan.php(37): App\Models\PemantauanModel->getSensingData('2')
#6 D:\Semester 10\Web Services Pemantauan Hidroponik\WebServicePemantauan\vendor\codeigniter4\framework\system\CodeIgniter.php(832): App\Controllers\Pemantauan->show('2')
#7 D:\Semester 10\Web Services Pemantauan Hidroponik\WebServicePemantauan\vendor\codeigniter4\framework\system\CodeIgniter.php(419): CodeIgniter\CodeIgniter->runController(Object(App\Controllers\Pemantauan))
#8 D:\Semester 10\Web Services Pemantauan Hidroponik\WebServicePemantauan\vendor\codeigniter4\framework\system\CodeIgniter.php(326): CodeIgniter\CodeIgniter->handleRequest(NULL, Object(Config\Cache), false)
#9 D:\Semester 10\Web Services Pemantauan Hidroponik\WebServicePemantauan\public\index.php(37): CodeIgniter\CodeIgniter->run()
#10 D:\Semester 10\Web Services Pemantauan Hidroponik\WebServicePemantauan\vendor\codeigniter4\framework\system\Commands\Server\rewrite.php(43): require_once('D:\\Semester 10\\...')
#11 {main}
ERROR - 2022-04-19 02:34:47 --> Column 'idNode' in where clause is ambiguous
CRITICAL - 2022-04-19 02:34:47 --> Column 'idNode' in where clause is ambiguous
#0 D:\Semester 10\Web Services Pemantauan Hidroponik\WebServicePemantauan\vendor\codeigniter4\framework\system\Database\MySQLi\Connection.php(292): mysqli->query('SELECT *\nFROM `...', 0)
#1 D:\Semester 10\Web Services Pemantauan Hidroponik\WebServicePemantauan\vendor\codeigniter4\framework\system\Database\BaseConnection.php(670): CodeIgniter\Database\MySQLi\Connection->execute('SELECT *\nFROM `...')
#2 D:\Semester 10\Web Services Pemantauan Hidroponik\WebServicePemantauan\vendor\codeigniter4\framework\system\Database\BaseConnection.php(598): CodeIgniter\Database\BaseConnection->simpleQuery('SELECT *\nFROM `...')
#3 D:\Semester 10\Web Services Pemantauan Hidroponik\WebServicePemantauan\vendor\codeigniter4\framework\system\Database\BaseBuilder.php(1455): CodeIgniter\Database\BaseConnection->query('SELECT *\nFROM `...', Array, false)
#4 D:\Semester 10\Web Services Pemantauan Hidroponik\WebServicePemantauan\app\Models\PemantauanModel.php(32): CodeIgniter\Database\BaseBuilder->get()
#5 D:\Semester 10\Web Services Pemantauan Hidroponik\WebServicePemantauan\app\Controllers\Pemantauan.php(37): App\Models\PemantauanModel->getSensingData('2')
#6 D:\Semester 10\Web Services Pemantauan Hidroponik\WebServicePemantauan\vendor\codeigniter4\framework\system\CodeIgniter.php(832): App\Controllers\Pemantauan->show('2')
#7 D:\Semester 10\Web Services Pemantauan Hidroponik\WebServicePemantauan\vendor\codeigniter4\framework\system\CodeIgniter.php(419): CodeIgniter\CodeIgniter->runController(Object(App\Controllers\Pemantauan))
#8 D:\Semester 10\Web Services Pemantauan Hidroponik\WebServicePemantauan\vendor\codeigniter4\framework\system\CodeIgniter.php(326): CodeIgniter\CodeIgniter->handleRequest(NULL, Object(Config\Cache), false)
#9 D:\Semester 10\Web Services Pemantauan Hidroponik\WebServicePemantauan\public\index.php(37): CodeIgniter\CodeIgniter->run()
#10 D:\Semester 10\Web Services Pemantauan Hidroponik\WebServicePemantauan\vendor\codeigniter4\framework\system\Commands\Server\rewrite.php(43): require_once('D:\\Semester 10\\...')
#11 {main}
ERROR - 2022-04-19 02:36:26 --> Column 'idNode' in where clause is ambiguous
CRITICAL - 2022-04-19 02:36:26 --> Column 'idNode' in where clause is ambiguous
#0 D:\Semester 10\Web Services Pemantauan Hidroponik\WebServicePemantauan\vendor\codeigniter4\framework\system\Database\MySQLi\Connection.php(292): mysqli->query('SELECT *\nFROM `...', 0)
#1 D:\Semester 10\Web Services Pemantauan Hidroponik\WebServicePemantauan\vendor\codeigniter4\framework\system\Database\BaseConnection.php(670): CodeIgniter\Database\MySQLi\Connection->execute('SELECT *\nFROM `...')
#2 D:\Semester 10\Web Services Pemantauan Hidroponik\WebServicePemantauan\vendor\codeigniter4\framework\system\Database\BaseConnection.php(598): CodeIgniter\Database\BaseConnection->simpleQuery('SELECT *\nFROM `...')
#3 D:\Semester 10\Web Services Pemantauan Hidroponik\WebServicePemantauan\vendor\codeigniter4\framework\system\Database\BaseBuilder.php(1455): CodeIgniter\Database\BaseConnection->query('SELECT *\nFROM `...', Array, false)
#4 D:\Semester 10\Web Services Pemantauan Hidroponik\WebServicePemantauan\app\Models\PemantauanModel.php(31): CodeIgniter\Database\BaseBuilder->get()
#5 D:\Semester 10\Web Services Pemantauan Hidroponik\WebServicePemantauan\app\Controllers\Pemantauan.php(37): App\Models\PemantauanModel->getSensingData('2')
#6 D:\Semester 10\Web Services Pemantauan Hidroponik\WebServicePemantauan\vendor\codeigniter4\framework\system\CodeIgniter.php(832): App\Controllers\Pemantauan->show('2')
#7 D:\Semester 10\Web Services Pemantauan Hidroponik\WebServicePemantauan\vendor\codeigniter4\framework\system\CodeIgniter.php(419): CodeIgniter\CodeIgniter->runController(Object(App\Controllers\Pemantauan))
#8 D:\Semester 10\Web Services Pemantauan Hidroponik\WebServicePemantauan\vendor\codeigniter4\framework\system\CodeIgniter.php(326): CodeIgniter\CodeIgniter->handleRequest(NULL, Object(Config\Cache), false)
#9 D:\Semester 10\Web Services Pemantauan Hidroponik\WebServicePemantauan\public\index.php(37): CodeIgniter\CodeIgniter->run()
#10 D:\Semester 10\Web Services Pemantauan Hidroponik\WebServicePemantauan\vendor\codeigniter4\framework\system\Commands\Server\rewrite.php(43): require_once('D:\\Semester 10\\...')
#11 {main}
ERROR - 2022-04-19 02:37:34 --> Column 'idNode' in where clause is ambiguous
CRITICAL - 2022-04-19 02:37:34 --> Column 'idNode' in where clause is ambiguous
#0 D:\Semester 10\Web Services Pemantauan Hidroponik\WebServicePemantauan\vendor\codeigniter4\framework\system\Database\MySQLi\Connection.php(292): mysqli->query('SELECT *\nFROM `...', 0)
#1 D:\Semester 10\Web Services Pemantauan Hidroponik\WebServicePemantauan\vendor\codeigniter4\framework\system\Database\BaseConnection.php(670): CodeIgniter\Database\MySQLi\Connection->execute('SELECT *\nFROM `...')
#2 D:\Semester 10\Web Services Pemantauan Hidroponik\WebServicePemantauan\vendor\codeigniter4\framework\system\Database\BaseConnection.php(598): CodeIgniter\Database\BaseConnection->simpleQuery('SELECT *\nFROM `...')
#3 D:\Semester 10\Web Services Pemantauan Hidroponik\WebServicePemantauan\vendor\codeigniter4\framework\system\Database\BaseBuilder.php(1455): CodeIgniter\Database\BaseConnection->query('SELECT *\nFROM `...', Array, false)
#4 D:\Semester 10\Web Services Pemantauan Hidroponik\WebServicePemantauan\app\Models\PemantauanModel.php(31): CodeIgniter\Database\BaseBuilder->get()
#5 D:\Semester 10\Web Services Pemantauan Hidroponik\WebServicePemantauan\app\Controllers\Pemantauan.php(37): App\Models\PemantauanModel->getSensingData('2')
#6 D:\Semester 10\Web Services Pemantauan Hidroponik\WebServicePemantauan\vendor\codeigniter4\framework\system\CodeIgniter.php(832): App\Controllers\Pemantauan->show('2')
#7 D:\Semester 10\Web Services Pemantauan Hidroponik\WebServicePemantauan\vendor\codeigniter4\framework\system\CodeIgniter.php(419): CodeIgniter\CodeIgniter->runController(Object(App\Controllers\Pemantauan))
#8 D:\Semester 10\Web Services Pemantauan Hidroponik\WebServicePemantauan\vendor\codeigniter4\framework\system\CodeIgniter.php(326): CodeIgniter\CodeIgniter->handleRequest(NULL, Object(Config\Cache), false)
#9 D:\Semester 10\Web Services Pemantauan Hidroponik\WebServicePemantauan\public\index.php(37): CodeIgniter\CodeIgniter->run()
#10 D:\Semester 10\Web Services Pemantauan Hidroponik\WebServicePemantauan\vendor\codeigniter4\framework\system\Commands\Server\rewrite.php(43): require_once('D:\\Semester 10\\...')
#11 {main}
ERROR - 2022-04-19 02:41:08 --> Column 'idNode' in where clause is ambiguous
CRITICAL - 2022-04-19 02:41:08 --> Column 'idNode' in where clause is ambiguous
#0 D:\Semester 10\Web Services Pemantauan Hidroponik\WebServicePemantauan\vendor\codeigniter4\framework\system\Database\MySQLi\Connection.php(292): mysqli->query('SELECT *\nFROM `...', 0)
#1 D:\Semester 10\Web Services Pemantauan Hidroponik\WebServicePemantauan\vendor\codeigniter4\framework\system\Database\BaseConnection.php(670): CodeIgniter\Database\MySQLi\Connection->execute('SELECT *\nFROM `...')
#2 D:\Semester 10\Web Services Pemantauan Hidroponik\WebServicePemantauan\vendor\codeigniter4\framework\system\Database\BaseConnection.php(598): CodeIgniter\Database\BaseConnection->simpleQuery('SELECT *\nFROM `...')
#3 D:\Semester 10\Web Services Pemantauan Hidroponik\WebServicePemantauan\vendor\codeigniter4\framework\system\Database\BaseBuilder.php(1455): CodeIgniter\Database\BaseConnection->query('SELECT *\nFROM `...', Array, false)
#4 D:\Semester 10\Web Services Pemantauan Hidroponik\WebServicePemantauan\app\Models\PemantauanModel.php(31): CodeIgniter\Database\BaseBuilder->get()
#5 D:\Semester 10\Web Services Pemantauan Hidroponik\WebServicePemantauan\app\Controllers\Pemantauan.php(37): App\Models\PemantauanModel->getSensingData('2')
#6 D:\Semester 10\Web Services Pemantauan Hidroponik\WebServicePemantauan\vendor\codeigniter4\framework\system\CodeIgniter.php(832): App\Controllers\Pemantauan->show('2')
#7 D:\Semester 10\Web Services Pemantauan Hidroponik\WebServicePemantauan\vendor\codeigniter4\framework\system\CodeIgniter.php(419): CodeIgniter\CodeIgniter->runController(Object(App\Controllers\Pemantauan))
#8 D:\Semester 10\Web Services Pemantauan Hidroponik\WebServicePemantauan\vendor\codeigniter4\framework\system\CodeIgniter.php(326): CodeIgniter\CodeIgniter->handleRequest(NULL, Object(Config\Cache), false)
#9 D:\Semester 10\Web Services Pemantauan Hidroponik\WebServicePemantauan\public\index.php(37): CodeIgniter\CodeIgniter->run()
#10 D:\Semester 10\Web Services Pemantauan Hidroponik\WebServicePemantauan\vendor\codeigniter4\framework\system\Commands\Server\rewrite.php(43): require_once('D:\\Semester 10\\...')
#11 {main}
CRITICAL - 2022-04-19 03:11:21 --> Too few arguments to function App\Controllers\Pemantauan::history(), 0 passed in D:\Semester 10\Web Services Pemantauan Hidroponik\WebServicePemantauan\vendor\codeigniter4\framework\system\CodeIgniter.php on line 832 and exactly 1 expected
#0 D:\Semester 10\Web Services Pemantauan Hidroponik\WebServicePemantauan\vendor\codeigniter4\framework\system\CodeIgniter.php(832): App\Controllers\Pemantauan->history()
#1 D:\Semester 10\Web Services Pemantauan Hidroponik\WebServicePemantauan\vendor\codeigniter4\framework\system\CodeIgniter.php(419): CodeIgniter\CodeIgniter->runController(Object(App\Controllers\Pemantauan))
#2 D:\Semester 10\Web Services Pemantauan Hidroponik\WebServicePemantauan\vendor\codeigniter4\framework\system\CodeIgniter.php(326): CodeIgniter\CodeIgniter->handleRequest(NULL, Object(Config\Cache), false)
#3 D:\Semester 10\Web Services Pemantauan Hidroponik\WebServicePemantauan\public\index.php(37): CodeIgniter\CodeIgniter->run()
#4 D:\Semester 10\Web Services Pemantauan Hidroponik\WebServicePemantauan\vendor\codeigniter4\framework\system\Commands\Server\rewrite.php(43): require_once('D:\\Semester 10\\...')
#5 {main}
CRITICAL - 2022-04-19 03:12:55 --> Too few arguments to function App\Controllers\Pemantauan::history(), 0 passed in D:\Semester 10\Web Services Pemantauan Hidroponik\WebServicePemantauan\vendor\codeigniter4\framework\system\CodeIgniter.php on line 832 and exactly 1 expected
#0 D:\Semester 10\Web Services Pemantauan Hidroponik\WebServicePemantauan\vendor\codeigniter4\framework\system\CodeIgniter.php(832): App\Controllers\Pemantauan->history()
#1 D:\Semester 10\Web Services Pemantauan Hidroponik\WebServicePemantauan\vendor\codeigniter4\framework\system\CodeIgniter.php(419): CodeIgniter\CodeIgniter->runController(Object(App\Controllers\Pemantauan))
#2 D:\Semester 10\Web Services Pemantauan Hidroponik\WebServicePemantauan\vendor\codeigniter4\framework\system\CodeIgniter.php(326): CodeIgniter\CodeIgniter->handleRequest(NULL, Object(Config\Cache), false)
#3 D:\Semester 10\Web Services Pemantauan Hidroponik\WebServicePemantauan\public\index.php(37): CodeIgniter\CodeIgniter->run()
#4 D:\Semester 10\Web Services Pemantauan Hidroponik\WebServicePemantauan\vendor\codeigniter4\framework\system\Commands\Server\rewrite.php(43): require_once('D:\\Semester 10\\...')
#5 {main}
CRITICAL - 2022-04-19 03:13:08 --> Too few arguments to function App\Controllers\Pemantauan::history(), 0 passed in D:\Semester 10\Web Services Pemantauan Hidroponik\WebServicePemantauan\vendor\codeigniter4\framework\system\CodeIgniter.php on line 832 and exactly 1 expected
#0 D:\Semester 10\Web Services Pemantauan Hidroponik\WebServicePemantauan\vendor\codeigniter4\framework\system\CodeIgniter.php(832): App\Controllers\Pemantauan->history()
#1 D:\Semester 10\Web Services Pemantauan Hidroponik\WebServicePemantauan\vendor\codeigniter4\framework\system\CodeIgniter.php(419): CodeIgniter\CodeIgniter->runController(Object(App\Controllers\Pemantauan))
#2 D:\Semester 10\Web Services Pemantauan Hidroponik\WebServicePemantauan\vendor\codeigniter4\framework\system\CodeIgniter.php(326): CodeIgniter\CodeIgniter->handleRequest(NULL, Object(Config\Cache), false)
#3 D:\Semester 10\Web Services Pemantauan Hidroponik\WebServicePemantauan\public\index.php(37): CodeIgniter\CodeIgniter->run()
#4 D:\Semester 10\Web Services Pemantauan Hidroponik\WebServicePemantauan\vendor\codeigniter4\framework\system\Commands\Server\rewrite.php(43): require_once('D:\\Semester 10\\...')
#5 {main}
CRITICAL - 2022-04-19 03:14:47 --> Too few arguments to function App\Controllers\Pemantauan::history(), 0 passed in D:\Semester 10\Web Services Pemantauan Hidroponik\WebServicePemantauan\vendor\codeigniter4\framework\system\CodeIgniter.php on line 832 and exactly 1 expected
#0 D:\Semester 10\Web Services Pemantauan Hidroponik\WebServicePemantauan\vendor\codeigniter4\framework\system\CodeIgniter.php(832): App\Controllers\Pemantauan->history()
#1 D:\Semester 10\Web Services Pemantauan Hidroponik\WebServicePemantauan\vendor\codeigniter4\framework\system\CodeIgniter.php(419): CodeIgniter\CodeIgniter->runController(Object(App\Controllers\Pemantauan))
#2 D:\Semester 10\Web Services Pemantauan Hidroponik\WebServicePemantauan\vendor\codeigniter4\framework\system\CodeIgniter.php(326): CodeIgniter\CodeIgniter->handleRequest(NULL, Object(Config\Cache), false)
#3 D:\Semester 10\Web Services Pemantauan Hidroponik\WebServicePemantauan\public\index.php(37): CodeIgniter\CodeIgniter->run()
#4 D:\Semester 10\Web Services Pemantauan Hidroponik\WebServicePemantauan\vendor\codeigniter4\framework\system\Commands\Server\rewrite.php(43): require_once('D:\\Semester 10\\...')
#5 {main}
CRITICAL - 2022-04-19 03:17:10 --> Too few arguments to function App\Controllers\Pemantauan::history(), 0 passed in D:\Semester 10\Web Services Pemantauan Hidroponik\WebServicePemantauan\vendor\codeigniter4\framework\system\CodeIgniter.php on line 832 and exactly 1 expected
#0 D:\Semester 10\Web Services Pemantauan Hidroponik\WebServicePemantauan\vendor\codeigniter4\framework\system\CodeIgniter.php(832): App\Controllers\Pemantauan->history()
#1 D:\Semester 10\Web Services Pemantauan Hidroponik\WebServicePemantauan\vendor\codeigniter4\framework\system\CodeIgniter.php(419): CodeIgniter\CodeIgniter->runController(Object(App\Controllers\Pemantauan))
#2 D:\Semester 10\Web Services Pemantauan Hidroponik\WebServicePemantauan\vendor\codeigniter4\framework\system\CodeIgniter.php(326): CodeIgniter\CodeIgniter->handleRequest(NULL, Object(Config\Cache), false)
#3 D:\Semester 10\Web Services Pemantauan Hidroponik\WebServicePemantauan\public\index.php(37): CodeIgniter\CodeIgniter->run()
#4 D:\Semester 10\Web Services Pemantauan Hidroponik\WebServicePemantauan\vendor\codeigniter4\framework\system\Commands\Server\rewrite.php(43): require_once('D:\\Semester 10\\...')
#5 {main}
CRITICAL - 2022-04-19 03:57:00 --> Too few arguments to function App\Controllers\Pemantauan::history(), 1 passed in D:\Semester 10\Web Services Pemantauan Hidroponik\WebServicePemantauan\vendor\codeigniter4\framework\system\CodeIgniter.php on line 832 and exactly 2 expected
#0 D:\Semester 10\Web Services Pemantauan Hidroponik\WebServicePemantauan\vendor\codeigniter4\framework\system\CodeIgniter.php(832): App\Controllers\Pemantauan->history('bangsat,bangsat')
#1 D:\Semester 10\Web Services Pemantauan Hidroponik\WebServicePemantauan\vendor\codeigniter4\framework\system\CodeIgniter.php(419): CodeIgniter\CodeIgniter->runController(Object(App\Controllers\Pemantauan))
#2 D:\Semester 10\Web Services Pemantauan Hidroponik\WebServicePemantauan\vendor\codeigniter4\framework\system\CodeIgniter.php(326): CodeIgniter\CodeIgniter->handleRequest(NULL, Object(Config\Cache), false)
#3 D:\Semester 10\Web Services Pemantauan Hidroponik\WebServicePemantauan\public\index.php(37): CodeIgniter\CodeIgniter->run()
#4 D:\Semester 10\Web Services Pemantauan Hidroponik\WebServicePemantauan\vendor\codeigniter4\framework\system\Commands\Server\rewrite.php(43): require_once('D:\\Semester 10\\...')
#5 {main}
CRITICAL - 2022-04-19 03:57:05 --> Too few arguments to function App\Controllers\Pemantauan::history(), 1 passed in D:\Semester 10\Web Services Pemantauan Hidroponik\WebServicePemantauan\vendor\codeigniter4\framework\system\CodeIgniter.php on line 832 and exactly 2 expected
#0 D:\Semester 10\Web Services Pemantauan Hidroponik\WebServicePemantauan\vendor\codeigniter4\framework\system\CodeIgniter.php(832): App\Controllers\Pemantauan->history('bangsat,bangsat')
#1 D:\Semester 10\Web Services Pemantauan Hidroponik\WebServicePemantauan\vendor\codeigniter4\framework\system\CodeIgniter.php(419): CodeIgniter\CodeIgniter->runController(Object(App\Controllers\Pemantauan))
#2 D:\Semester 10\Web Services Pemantauan Hidroponik\WebServicePemantauan\vendor\codeigniter4\framework\system\CodeIgniter.php(326): CodeIgniter\CodeIgniter->handleRequest(NULL, Object(Config\Cache), false)
#3 D:\Semester 10\Web Services Pemantauan Hidroponik\WebServicePemantauan\public\index.php(37): CodeIgniter\CodeIgniter->run()
#4 D:\Semester 10\Web Services Pemantauan Hidroponik\WebServicePemantauan\vendor\codeigniter4\framework\system\Commands\Server\rewrite.php(43): require_once('D:\\Semester 10\\...')
#5 {main}
CRITICAL - 2022-04-19 03:57:13 --> Too few arguments to function App\Controllers\Pemantauan::history(), 1 passed in D:\Semester 10\Web Services Pemantauan Hidroponik\WebServicePemantauan\vendor\codeigniter4\framework\system\CodeIgniter.php on line 832 and exactly 2 expected
#0 D:\Semester 10\Web Services Pemantauan Hidroponik\WebServicePemantauan\vendor\codeigniter4\framework\system\CodeIgniter.php(832): App\Controllers\Pemantauan->history('[bangsat,bangsa...')
#1 D:\Semester 10\Web Services Pemantauan Hidroponik\WebServicePemantauan\vendor\codeigniter4\framework\system\CodeIgniter.php(419): CodeIgniter\CodeIgniter->runController(Object(App\Controllers\Pemantauan))
#2 D:\Semester 10\Web Services Pemantauan Hidroponik\WebServicePemantauan\vendor\codeigniter4\framework\system\CodeIgniter.php(326): CodeIgniter\CodeIgniter->handleRequest(NULL, Object(Config\Cache), false)
#3 D:\Semester 10\Web Services Pemantauan Hidroponik\WebServicePemantauan\public\index.php(37): CodeIgniter\CodeIgniter->run()
#4 D:\Semester 10\Web Services Pemantauan Hidroponik\WebServicePemantauan\vendor\codeigniter4\framework\system\Commands\Server\rewrite.php(43): require_once('D:\\Semester 10\\...')
#5 {main}
CRITICAL - 2022-04-19 03:59:42 --> preg_match(): Compilation failed: unmatched closing parenthesis at offset 24
#0 [internal function]: CodeIgniter\Debug\Exceptions->errorHandler(2, 'preg_match(): C...', 'D:\\Semester 10\\...', 384, Array)
#1 D:\Semester 10\Web Services Pemantauan Hidroponik\WebServicePemantauan\vendor\codeigniter4\framework\system\Router\Router.php(384): preg_match('#^pemantauan/te...', 'pemantauan/test...', Array)
#2 D:\Semester 10\Web Services Pemantauan Hidroponik\WebServicePemantauan\vendor\codeigniter4\framework\system\Router\Router.php(154): CodeIgniter\Router\Router->checkRoutes('pemantauan/test...')
#3 D:\Semester 10\Web Services Pemantauan Hidroponik\WebServicePemantauan\vendor\codeigniter4\framework\system\CodeIgniter.php(726): CodeIgniter\Router\Router->handle('pemantauan/test...')
#4 D:\Semester 10\Web Services Pemantauan Hidroponik\WebServicePemantauan\vendor\codeigniter4\framework\system\CodeIgniter.php(368): CodeIgniter\CodeIgniter->tryToRouteIt(Object(CodeIgniter\Router\RouteCollection))
#5 D:\Semester 10\Web Services Pemantauan Hidroponik\WebServicePemantauan\vendor\codeigniter4\framework\system\CodeIgniter.php(326): CodeIgniter\CodeIgniter->handleRequest(NULL, Object(Config\Cache), false)
#6 D:\Semester 10\Web Services Pemantauan Hidroponik\WebServicePemantauan\public\index.php(37): CodeIgniter\CodeIgniter->run()
#7 D:\Semester 10\Web Services Pemantauan Hidroponik\WebServicePemantauan\vendor\codeigniter4\framework\system\Commands\Server\rewrite.php(43): require_once('D:\\Semester 10\\...')
#8 {main}
CRITICAL - 2022-04-19 04:02:20 --> A non-numeric value encountered
#0 D:\Semester 10\Web Services Pemantauan Hidroponik\WebServicePemantauan\app\Controllers\Pemantauan.php(29): CodeIgniter\Debug\Exceptions->errorHandler(2, 'A non-numeric v...', 'D:\\Semester 10\\...', 29, Array)
#1 D:\Semester 10\Web Services Pemantauan Hidroponik\WebServicePemantauan\vendor\codeigniter4\framework\system\CodeIgniter.php(832): App\Controllers\Pemantauan->history('bangsat', 'bangsat')
#2 D:\Semester 10\Web Services Pemantauan Hidroponik\WebServicePemantauan\vendor\codeigniter4\framework\system\CodeIgniter.php(419): CodeIgniter\CodeIgniter->runController(Object(App\Controllers\Pemantauan))
#3 D:\Semester 10\Web Services Pemantauan Hidroponik\WebServicePemantauan\vendor\codeigniter4\framework\system\CodeIgniter.php(326): CodeIgniter\CodeIgniter->handleRequest(NULL, Object(Config\Cache), false)
#4 D:\Semester 10\Web Services Pemantauan Hidroponik\WebServicePemantauan\public\index.php(37): CodeIgniter\CodeIgniter->run()
#5 D:\Semester 10\Web Services Pemantauan Hidroponik\WebServicePemantauan\vendor\codeigniter4\framework\system\Commands\Server\rewrite.php(43): require_once('D:\\Semester 10\\...')
#6 {main}
CRITICAL - 2022-04-19 04:26:46 --> Array to string conversion
#0 D:\Semester 10\Web Services Pemantauan Hidroponik\WebServicePemantauan\app\Models\PemantauanModel.php(41): CodeIgniter\Debug\Exceptions->errorHandler(8, 'Array to string...', 'D:\\Semester 10\\...', 41, Array)
#1 D:\Semester 10\Web Services Pemantauan Hidroponik\WebServicePemantauan\app\Controllers\Pemantauan.php(29): App\Models\PemantauanModel->getHistoryData('bangsat', 'bangsat', 'tai')
#2 D:\Semester 10\Web Services Pemantauan Hidroponik\WebServicePemantauan\vendor\codeigniter4\framework\system\CodeIgniter.php(832): App\Controllers\Pemantauan->history('bangsat', 'bangsat', 'tai')
#3 D:\Semester 10\Web Services Pemantauan Hidroponik\WebServicePemantauan\vendor\codeigniter4\framework\system\CodeIgniter.php(419): CodeIgniter\CodeIgniter->runController(Object(App\Controllers\Pemantauan))
#4 D:\Semester 10\Web Services Pemantauan Hidroponik\WebServicePemantauan\vendor\codeigniter4\framework\system\CodeIgniter.php(326): CodeIgniter\CodeIgniter->handleRequest(NULL, Object(Config\Cache), false)
#5 D:\Semester 10\Web Services Pemantauan Hidroponik\WebServicePemantauan\public\index.php(37): CodeIgniter\CodeIgniter->run()
#6 D:\Semester 10\Web Services Pemantauan Hidroponik\WebServicePemantauan\vendor\codeigniter4\framework\system\Commands\Server\rewrite.php(43): require_once('D:\\Semester 10\\...')
#7 {main}
CRITICAL - 2022-04-19 04:27:05 --> Array to string conversion
#0 D:\Semester 10\Web Services Pemantauan Hidroponik\WebServicePemantauan\app\Models\PemantauanModel.php(41): CodeIgniter\Debug\Exceptions->errorHandler(8, 'Array to string...', 'D:\\Semester 10\\...', 41, Array)
#1 D:\Semester 10\Web Services Pemantauan Hidroponik\WebServicePemantauan\app\Controllers\Pemantauan.php(29): App\Models\PemantauanModel->getHistoryData('bangsat', 'bangsat', 'tai')
#2 D:\Semester 10\Web Services Pemantauan Hidroponik\WebServicePemantauan\vendor\codeigniter4\framework\system\CodeIgniter.php(832): App\Controllers\Pemantauan->history('bangsat', 'bangsat', 'tai')
#3 D:\Semester 10\Web Services Pemantauan Hidroponik\WebServicePemantauan\vendor\codeigniter4\framework\system\CodeIgniter.php(419): CodeIgniter\CodeIgniter->runController(Object(App\Controllers\Pemantauan))
#4 D:\Semester 10\Web Services Pemantauan Hidroponik\WebServicePemantauan\vendor\codeigniter4\framework\system\CodeIgniter.php(326): CodeIgniter\CodeIgniter->handleRequest(NULL, Object(Config\Cache), false)
#5 D:\Semester 10\Web Services Pemantauan Hidroponik\WebServicePemantauan\public\index.php(37): CodeIgniter\CodeIgniter->run()
#6 D:\Semester 10\Web Services Pemantauan Hidroponik\WebServicePemantauan\vendor\codeigniter4\framework\system\Commands\Server\rewrite.php(43): require_once('D:\\Semester 10\\...')
#7 {main}
CRITICAL - 2022-04-19 04:27:32 --> Array to string conversion
#0 D:\Semester 10\Web Services Pemantauan Hidroponik\WebServicePemantauan\app\Models\PemantauanModel.php(41): CodeIgniter\Debug\Exceptions->errorHandler(8, 'Array to string...', 'D:\\Semester 10\\...', 41, Array)
#1 D:\Semester 10\Web Services Pemantauan Hidroponik\WebServicePemantauan\app\Controllers\Pemantauan.php(29): App\Models\PemantauanModel->getHistoryData('180422', '190422', '1')
#2 D:\Semester 10\Web Services Pemantauan Hidroponik\WebServicePemantauan\vendor\codeigniter4\framework\system\CodeIgniter.php(832): App\Controllers\Pemantauan->history('180422', '190422', '1')
#3 D:\Semester 10\Web Services Pemantauan Hidroponik\WebServicePemantauan\vendor\codeigniter4\framework\system\CodeIgniter.php(419): CodeIgniter\CodeIgniter->runController(Object(App\Controllers\Pemantauan))
#4 D:\Semester 10\Web Services Pemantauan Hidroponik\WebServicePemantauan\vendor\codeigniter4\framework\system\CodeIgniter.php(326): CodeIgniter\CodeIgniter->handleRequest(NULL, Object(Config\Cache), false)
#5 D:\Semester 10\Web Services Pemantauan Hidroponik\WebServicePemantauan\public\index.php(37): CodeIgniter\CodeIgniter->run()
#6 D:\Semester 10\Web Services Pemantauan Hidroponik\WebServicePemantauan\vendor\codeigniter4\framework\system\Commands\Server\rewrite.php(43): require_once('D:\\Semester 10\\...')
#7 {main}
CRITICAL - 2022-04-19 04:28:35 --> Array to string conversion
#0 D:\Semester 10\Web Services Pemantauan Hidroponik\WebServicePemantauan\app\Models\PemantauanModel.php(41): CodeIgniter\Debug\Exceptions->errorHandler(8, 'Array to string...', 'D:\\Semester 10\\...', 41, Array)
#1 D:\Semester 10\Web Services Pemantauan Hidroponik\WebServicePemantauan\app\Controllers\Pemantauan.php(31): App\Models\PemantauanModel->getHistoryData('18/04/2022', '19/04/2022', '1')
#2 D:\Semester 10\Web Services Pemantauan Hidroponik\WebServicePemantauan\vendor\codeigniter4\framework\system\CodeIgniter.php(832): App\Controllers\Pemantauan->history('18/04/2022', '19/04/2022', '1')
#3 D:\Semester 10\Web Services Pemantauan Hidroponik\WebServicePemantauan\vendor\codeigniter4\framework\system\CodeIgniter.php(419): CodeIgniter\CodeIgniter->runController(Object(App\Controllers\Pemantauan))
#4 D:\Semester 10\Web Services Pemantauan Hidroponik\WebServicePemantauan\vendor\codeigniter4\framework\system\CodeIgniter.php(326): CodeIgniter\CodeIgniter->handleRequest(NULL, Object(Config\Cache), false)
#5 D:\Semester 10\Web Services Pemantauan Hidroponik\WebServicePemantauan\public\index.php(37): CodeIgniter\CodeIgniter->run()
#6 D:\Semester 10\Web Services Pemantauan Hidroponik\WebServicePemantauan\vendor\codeigniter4\framework\system\Commands\Server\rewrite.php(43): require_once('D:\\Semester 10\\...')
#7 {main}
CRITICAL - 2022-04-19 04:28:37 --> Array to string conversion
#0 D:\Semester 10\Web Services Pemantauan Hidroponik\WebServicePemantauan\app\Models\PemantauanModel.php(41): CodeIgniter\Debug\Exceptions->errorHandler(8, 'Array to string...', 'D:\\Semester 10\\...', 41, Array)
#1 D:\Semester 10\Web Services Pemantauan Hidroponik\WebServicePemantauan\app\Controllers\Pemantauan.php(31): App\Models\PemantauanModel->getHistoryData('18/04/2022', '19/04/2022', '1')
#2 D:\Semester 10\Web Services Pemantauan Hidroponik\WebServicePemantauan\vendor\codeigniter4\framework\system\CodeIgniter.php(832): App\Controllers\Pemantauan->history('18/04/2022', '19/04/2022', '1')
#3 D:\Semester 10\Web Services Pemantauan Hidroponik\WebServicePemantauan\vendor\codeigniter4\framework\system\CodeIgniter.php(419): CodeIgniter\CodeIgniter->runController(Object(App\Controllers\Pemantauan))
#4 D:\Semester 10\Web Services Pemantauan Hidroponik\WebServicePemantauan\vendor\codeigniter4\framework\system\CodeIgniter.php(326): CodeIgniter\CodeIgniter->handleRequest(NULL, Object(Config\Cache), false)
#5 D:\Semester 10\Web Services Pemantauan Hidroponik\WebServicePemantauan\public\index.php(37): CodeIgniter\CodeIgniter->run()
#6 D:\Semester 10\Web Services Pemantauan Hidroponik\WebServicePemantauan\vendor\codeigniter4\framework\system\Commands\Server\rewrite.php(43): require_once('D:\\Semester 10\\...')
#7 {main}
ERROR - 2022-04-19 04:29:05 --> You have an error in your SQL syntax; check the manual that corresponds to your MariaDB server version for the right syntax to use near ''AND .DATE(sense.waktu) BETWEEN'69-12-31"AND"69-12-31
ORDER BY `waktu` ASC' at line 4
CRITICAL - 2022-04-19 04:29:05 --> You have an error in your SQL syntax; check the manual that corresponds to your MariaDB server version for the right syntax to use near ''AND .DATE(sense.waktu) BETWEEN'69-12-31"AND"69-12-31
ORDER BY `waktu` ASC' at line 4
#0 D:\Semester 10\Web Services Pemantauan Hidroponik\WebServicePemantauan\vendor\codeigniter4\framework\system\Database\MySQLi\Connection.php(292): mysqli->query('SELECT *\nFROM `...', 0)
#1 D:\Semester 10\Web Services Pemantauan Hidroponik\WebServicePemantauan\vendor\codeigniter4\framework\system\Database\BaseConnection.php(670): CodeIgniter\Database\MySQLi\Connection->execute('SELECT *\nFROM `...')
#2 D:\Semester 10\Web Services Pemantauan Hidroponik\WebServicePemantauan\vendor\codeigniter4\framework\system\Database\BaseConnection.php(598): CodeIgniter\Database\BaseConnection->simpleQuery('SELECT *\nFROM `...')
#3 D:\Semester 10\Web Services Pemantauan Hidroponik\WebServicePemantauan\vendor\codeigniter4\framework\system\Database\BaseBuilder.php(1455): CodeIgniter\Database\BaseConnection->query('SELECT *\nFROM `...', Array, false)
#4 D:\Semester 10\Web Services Pemantauan Hidroponik\WebServicePemantauan\app\Models\PemantauanModel.php(42): CodeIgniter\Database\BaseBuilder->get()
#5 D:\Semester 10\Web Services Pemantauan Hidroponik\WebServicePemantauan\app\Controllers\Pemantauan.php(31): App\Models\PemantauanModel->getHistoryData('18/04/2022', '19/04/2022', '1')
#6 D:\Semester 10\Web Services Pemantauan Hidroponik\WebServicePemantauan\vendor\codeigniter4\framework\system\CodeIgniter.php(832): App\Controllers\Pemantauan->history('18/04/2022', '19/04/2022', '1')
#7 D:\Semester 10\Web Services Pemantauan Hidroponik\WebServicePemantauan\vendor\codeigniter4\framework\system\CodeIgniter.php(419): CodeIgniter\CodeIgniter->runController(Object(App\Controllers\Pemantauan))
#8 D:\Semester 10\Web Services Pemantauan Hidroponik\WebServicePemantauan\vendor\codeigniter4\framework\system\CodeIgniter.php(326): CodeIgniter\CodeIgniter->handleRequest(NULL, Object(Config\Cache), false)
#9 D:\Semester 10\Web Services Pemantauan Hidroponik\WebServicePemantauan\public\index.php(37): CodeIgniter\CodeIgniter->run()
#10 D:\Semester 10\Web Services Pemantauan Hidroponik\WebServicePemantauan\vendor\codeigniter4\framework\system\Commands\Server\rewrite.php(43): require_once('D:\\Semester 10\\...')
#11 {main}
ERROR - 2022-04-19 04:33:21 --> You have an error in your SQL syntax; check the manual that corresponds to your MariaDB server version for the right syntax to use near ''AND .DATE(sense.waktu) BETWEEN'22-04-18"AND"22-04-19
ORDER BY `waktu` ASC' at line 4
CRITICAL - 2022-04-19 04:33:21 --> You have an error in your SQL syntax; check the manual that corresponds to your MariaDB server version for the right syntax to use near ''AND .DATE(sense.waktu) BETWEEN'22-04-18"AND"22-04-19
ORDER BY `waktu` ASC' at line 4
#0 D:\Semester 10\Web Services Pemantauan Hidroponik\WebServicePemantauan\vendor\codeigniter4\framework\system\Database\MySQLi\Connection.php(292): mysqli->query('SELECT *\nFROM `...', 0)
#1 D:\Semester 10\Web Services Pemantauan Hidroponik\WebServicePemantauan\vendor\codeigniter4\framework\system\Database\BaseConnection.php(670): CodeIgniter\Database\MySQLi\Connection->execute('SELECT *\nFROM `...')
#2 D:\Semester 10\Web Services Pemantauan Hidroponik\WebServicePemantauan\vendor\codeigniter4\framework\system\Database\BaseConnection.php(598): CodeIgniter\Database\BaseConnection->simpleQuery('SELECT *\nFROM `...')
#3 D:\Semester 10\Web Services Pemantauan Hidroponik\WebServicePemantauan\vendor\codeigniter4\framework\system\Database\BaseBuilder.php(1455): CodeIgniter\Database\BaseConnection->query('SELECT *\nFROM `...', Array, false)
#4 D:\Semester 10\Web Services Pemantauan Hidroponik\WebServicePemantauan\app\Models\PemantauanModel.php(42): CodeIgniter\Database\BaseBuilder->get()
#5 D:\Semester 10\Web Services Pemantauan Hidroponik\WebServicePemantauan\app\Controllers\Pemantauan.php(31): App\Models\PemantauanModel->getHistoryData('04/18/2022', '04/19/2022', '1')
#6 D:\Semester 10\Web Services Pemantauan Hidroponik\WebServicePemantauan\vendor\codeigniter4\framework\system\CodeIgniter.php(832): App\Controllers\Pemantauan->history('04/18/2022', '04/19/2022', '1')
#7 D:\Semester 10\Web Services Pemantauan Hidroponik\WebServicePemantauan\vendor\codeigniter4\framework\system\CodeIgniter.php(419): CodeIgniter\CodeIgniter->runController(Object(App\Controllers\Pemantauan))
#8 D:\Semester 10\Web Services Pemantauan Hidroponik\WebServicePemantauan\vendor\codeigniter4\framework\system\CodeIgniter.php(326): CodeIgniter\CodeIgniter->handleRequest(NULL, Object(Config\Cache), false)
#9 D:\Semester 10\Web Services Pemantauan Hidroponik\WebServicePemantauan\public\index.php(37): CodeIgniter\CodeIgniter->run()
#10 D:\Semester 10\Web Services Pemantauan Hidroponik\WebServicePemantauan\vendor\codeigniter4\framework\system\Commands\Server\rewrite.php(43): require_once('D:\\Semester 10\\...')
#11 {main}
ERROR - 2022-04-19 04:35:26 --> You have an error in your SQL syntax; check the manual that corresponds to your MariaDB server version for the right syntax to use near '"AND"DATE(sense.waktu) BETWEEN 22-04-18"AND"22-04-19
ORDER BY `waktu` ASC' at line 4
CRITICAL - 2022-04-19 04:35:26 --> You have an error in your SQL syntax; check the manual that corresponds to your MariaDB server version for the right syntax to use near '"AND"DATE(sense.waktu) BETWEEN 22-04-18"AND"22-04-19
ORDER BY `waktu` ASC' at line 4
#0 D:\Semester 10\Web Services Pemantauan Hidroponik\WebServicePemantauan\vendor\codeigniter4\framework\system\Database\MySQLi\Connection.php(292): mysqli->query('SELECT *\nFROM `...', 0)
#1 D:\Semester 10\Web Services Pemantauan Hidroponik\WebServicePemantauan\vendor\codeigniter4\framework\system\Database\BaseConnection.php(670): CodeIgniter\Database\MySQLi\Connection->execute('SELECT *\nFROM `...')
#2 D:\Semester 10\Web Services Pemantauan Hidroponik\WebServicePemantauan\vendor\codeigniter4\framework\system\Database\BaseConnection.php(598): CodeIgniter\Database\BaseConnection->simpleQuery('SELECT *\nFROM `...')
#3 D:\Semester 10\Web Services Pemantauan Hidroponik\WebServicePemantauan\vendor\codeigniter4\framework\system\Database\BaseBuilder.php(1455): CodeIgniter\Database\BaseConnection->query('SELECT *\nFROM `...', Array, false)
#4 D:\Semester 10\Web Services Pemantauan Hidroponik\WebServicePemantauan\app\Models\PemantauanModel.php(42): CodeIgniter\Database\BaseBuilder->get()
#5 D:\Semester 10\Web Services Pemantauan Hidroponik\WebServicePemantauan\app\Controllers\Pemantauan.php(31): App\Models\PemantauanModel->getHistoryData('04/18/2022', '04/19/2022', '1')
#6 D:\Semester 10\Web Services Pemantauan Hidroponik\WebServicePemantauan\vendor\codeigniter4\framework\system\CodeIgniter.php(832): App\Controllers\Pemantauan->history('04/18/2022', '04/19/2022', '1')
#7 D:\Semester 10\Web Services Pemantauan Hidroponik\WebServicePemantauan\vendor\codeigniter4\framework\system\CodeIgniter.php(419): CodeIgniter\CodeIgniter->runController(Object(App\Controllers\Pemantauan))
#8 D:\Semester 10\Web Services Pemantauan Hidroponik\WebServicePemantauan\vendor\codeigniter4\framework\system\CodeIgniter.php(326): CodeIgniter\CodeIgniter->handleRequest(NULL, Object(Config\Cache), false)
#9 D:\Semester 10\Web Services Pemantauan Hidroponik\WebServicePemantauan\public\index.php(37): CodeIgniter\CodeIgniter->run()
#10 D:\Semester 10\Web Services Pemantauan Hidroponik\WebServicePemantauan\vendor\codeigniter4\framework\system\Commands\Server\rewrite.php(43): require_once('D:\\Semester 10\\...')
#11 {main}
ERROR - 2022-04-19 04:35:45 --> You have an error in your SQL syntax; check the manual that corresponds to your MariaDB server version for the right syntax to use near '`22-04-18"AND"22-04-19`
ORDER BY `waktu` ASC' at line 4
CRITICAL - 2022-04-19 04:35:45 --> You have an error in your SQL syntax; check the manual that corresponds to your MariaDB server version for the right syntax to use near '`22-04-18"AND"22-04-19`
ORDER BY `waktu` ASC' at line 4
#0 D:\Semester 10\Web Services Pemantauan Hidroponik\WebServicePemantauan\vendor\codeigniter4\framework\system\Database\MySQLi\Connection.php(292): mysqli->query('SELECT *\nFROM `...', 0)
#1 D:\Semester 10\Web Services Pemantauan Hidroponik\WebServicePemantauan\vendor\codeigniter4\framework\system\Database\BaseConnection.php(670): CodeIgniter\Database\MySQLi\Connection->execute('SELECT *\nFROM `...')
#2 D:\Semester 10\Web Services Pemantauan Hidroponik\WebServicePemantauan\vendor\codeigniter4\framework\system\Database\BaseConnection.php(598): CodeIgniter\Database\BaseConnection->simpleQuery('SELECT *\nFROM `...')
#3 D:\Semester 10\Web Services Pemantauan Hidroponik\WebServicePemantauan\vendor\codeigniter4\framework\system\Database\BaseBuilder.php(1455): CodeIgniter\Database\BaseConnection->query('SELECT *\nFROM `...', Array, false)
#4 D:\Semester 10\Web Services Pemantauan Hidroponik\WebServicePemantauan\app\Models\PemantauanModel.php(42): CodeIgniter\Database\BaseBuilder->get()
#5 D:\Semester 10\Web Services Pemantauan Hidroponik\WebServicePemantauan\app\Controllers\Pemantauan.php(31): App\Models\PemantauanModel->getHistoryData('04/18/2022', '04/19/2022', '1')
#6 D:\Semester 10\Web Services Pemantauan Hidroponik\WebServicePemantauan\vendor\codeigniter4\framework\system\CodeIgniter.php(832): App\Controllers\Pemantauan->history('04/18/2022', '04/19/2022', '1')
#7 D:\Semester 10\Web Services Pemantauan Hidroponik\WebServicePemantauan\vendor\codeigniter4\framework\system\CodeIgniter.php(419): CodeIgniter\CodeIgniter->runController(Object(App\Controllers\Pemantauan))
#8 D:\Semester 10\Web Services Pemantauan Hidroponik\WebServicePemantauan\vendor\codeigniter4\framework\system\CodeIgniter.php(326): CodeIgniter\CodeIgniter->handleRequest(NULL, Object(Config\Cache), false)
#9 D:\Semester 10\Web Services Pemantauan Hidroponik\WebServicePemantauan\public\index.php(37): CodeIgniter\CodeIgniter->run()
#10 D:\Semester 10\Web Services Pemantauan Hidroponik\WebServicePemantauan\vendor\codeigniter4\framework\system\Commands\Server\rewrite.php(43): require_once('D:\\Semester 10\\...')
#11 {main}
ERROR - 2022-04-19 04:36:03 --> You have an error in your SQL syntax; check the manual that corresponds to your MariaDB server version for the right syntax to use near '"AND"22-04-19
ORDER BY `waktu` ASC' at line 4
CRITICAL - 2022-04-19 04:36:03 --> You have an error in your SQL syntax; check the manual that corresponds to your MariaDB server version for the right syntax to use near '"AND"22-04-19
ORDER BY `waktu` ASC' at line 4
#0 D:\Semester 10\Web Services Pemantauan Hidroponik\WebServicePemantauan\vendor\codeigniter4\framework\system\Database\MySQLi\Connection.php(292): mysqli->query('SELECT *\nFROM `...', 0)
#1 D:\Semester 10\Web Services Pemantauan Hidroponik\WebServicePemantauan\vendor\codeigniter4\framework\system\Database\BaseConnection.php(670): CodeIgniter\Database\MySQLi\Connection->execute('SELECT *\nFROM `...')
#2 D:\Semester 10\Web Services Pemantauan Hidroponik\WebServicePemantauan\vendor\codeigniter4\framework\system\Database\BaseConnection.php(598): CodeIgniter\Database\BaseConnection->simpleQuery('SELECT *\nFROM `...')
#3 D:\Semester 10\Web Services Pemantauan Hidroponik\WebServicePemantauan\vendor\codeigniter4\framework\system\Database\BaseBuilder.php(1455): CodeIgniter\Database\BaseConnection->query('SELECT *\nFROM `...', Array, false)
#4 D:\Semester 10\Web Services Pemantauan Hidroponik\WebServicePemantauan\app\Models\PemantauanModel.php(42): CodeIgniter\Database\BaseBuilder->get()
#5 D:\Semester 10\Web Services Pemantauan Hidroponik\WebServicePemantauan\app\Controllers\Pemantauan.php(31): App\Models\PemantauanModel->getHistoryData('04/18/2022', '04/19/2022', '1')
#6 D:\Semester 10\Web Services Pemantauan Hidroponik\WebServicePemantauan\vendor\codeigniter4\framework\system\CodeIgniter.php(832): App\Controllers\Pemantauan->history('04/18/2022', '04/19/2022', '1')
#7 D:\Semester 10\Web Services Pemantauan Hidroponik\WebServicePemantauan\vendor\codeigniter4\framework\system\CodeIgniter.php(419): CodeIgniter\CodeIgniter->runController(Object(App\Controllers\Pemantauan))
#8 D:\Semester 10\Web Services Pemantauan Hidroponik\WebServicePemantauan\vendor\codeigniter4\framework\system\CodeIgniter.php(326): CodeIgniter\CodeIgniter->handleRequest(NULL, Object(Config\Cache), false)
#9 D:\Semester 10\Web Services Pemantauan Hidroponik\WebServicePemantauan\public\index.php(37): CodeIgniter\CodeIgniter->run()
#10 D:\Semester 10\Web Services Pemantauan Hidroponik\WebServicePemantauan\vendor\codeigniter4\framework\system\Commands\Server\rewrite.php(43): require_once('D:\\Semester 10\\...')
#11 {main}
ERROR - 2022-04-19 04:36:17 --> You have an error in your SQL syntax; check the manual that corresponds to your MariaDB server version for the right syntax to use near 'ORDER BY `waktu` ASC' at line 5
CRITICAL - 2022-04-19 04:36:17 --> You have an error in your SQL syntax; check the manual that corresponds to your MariaDB server version for the right syntax to use near 'ORDER BY `waktu` ASC' at line 5
#0 D:\Semester 10\Web Services Pemantauan Hidroponik\WebServicePemantauan\vendor\codeigniter4\framework\system\Database\MySQLi\Connection.php(292): mysqli->query('SELECT *\nFROM `...', 0)
#1 D:\Semester 10\Web Services Pemantauan Hidroponik\WebServicePemantauan\vendor\codeigniter4\framework\system\Database\BaseConnection.php(670): CodeIgniter\Database\MySQLi\Connection->execute('SELECT *\nFROM `...')
#2 D:\Semester 10\Web Services Pemantauan Hidroponik\WebServicePemantauan\vendor\codeigniter4\framework\system\Database\BaseConnection.php(598): CodeIgniter\Database\BaseConnection->simpleQuery('SELECT *\nFROM `...')
#3 D:\Semester 10\Web Services Pemantauan Hidroponik\WebServicePemantauan\vendor\codeigniter4\framework\system\Database\BaseBuilder.php(1455): CodeIgniter\Database\BaseConnection->query('SELECT *\nFROM `...', Array, false)
#4 D:\Semester 10\Web Services Pemantauan Hidroponik\WebServicePemantauan\app\Models\PemantauanModel.php(42): CodeIgniter\Database\BaseBuilder->get()
#5 D:\Semester 10\Web Services Pemantauan Hidroponik\WebServicePemantauan\app\Controllers\Pemantauan.php(31): App\Models\PemantauanModel->getHistoryData('04/18/2022', '04/19/2022', '1')
#6 D:\Semester 10\Web Services Pemantauan Hidroponik\WebServicePemantauan\vendor\codeigniter4\framework\system\CodeIgniter.php(832): App\Controllers\Pemantauan->history('04/18/2022', '04/19/2022', '1')
#7 D:\Semester 10\Web Services Pemantauan Hidroponik\WebServicePemantauan\vendor\codeigniter4\framework\system\CodeIgniter.php(419): CodeIgniter\CodeIgniter->runController(Object(App\Controllers\Pemantauan))
#8 D:\Semester 10\Web Services Pemantauan Hidroponik\WebServicePemantauan\vendor\codeigniter4\framework\system\CodeIgniter.php(326): CodeIgniter\CodeIgniter->handleRequest(NULL, Object(Config\Cache), false)
#9 D:\Semester 10\Web Services Pemantauan Hidroponik\WebServicePemantauan\public\index.php(37): CodeIgniter\CodeIgniter->run()
#10 D:\Semester 10\Web Services Pemantauan Hidroponik\WebServicePemantauan\vendor\codeigniter4\framework\system\Commands\Server\rewrite.php(43): require_once('D:\\Semester 10\\...')
#11 {main}
ERROR - 2022-04-19 04:37:00 --> You have an error in your SQL syntax; check the manual that corresponds to your MariaDB server version for the right syntax to use near 'DATE(sense.waktu) BETWEEN 22-04-18and22-04-19
ORDER BY `waktu` ASC' at line 4
CRITICAL - 2022-04-19 04:37:00 --> You have an error in your SQL syntax; check the manual that corresponds to your MariaDB server version for the right syntax to use near 'DATE(sense.waktu) BETWEEN 22-04-18and22-04-19
ORDER BY `waktu` ASC' at line 4
#0 D:\Semester 10\Web Services Pemantauan Hidroponik\WebServicePemantauan\vendor\codeigniter4\framework\system\Database\MySQLi\Connection.php(292): mysqli->query('SELECT *\nFROM `...', 0)
#1 D:\Semester 10\Web Services Pemantauan Hidroponik\WebServicePemantauan\vendor\codeigniter4\framework\system\Database\BaseConnection.php(670): CodeIgniter\Database\MySQLi\Connection->execute('SELECT *\nFROM `...')
#2 D:\Semester 10\Web Services Pemantauan Hidroponik\WebServicePemantauan\vendor\codeigniter4\framework\system\Database\BaseConnection.php(598): CodeIgniter\Database\BaseConnection->simpleQuery('SELECT *\nFROM `...')
#3 D:\Semester 10\Web Services Pemantauan Hidroponik\WebServicePemantauan\vendor\codeigniter4\framework\system\Database\BaseBuilder.php(1455): CodeIgniter\Database\BaseConnection->query('SELECT *\nFROM `...', Array, false)
#4 D:\Semester 10\Web Services Pemantauan Hidroponik\WebServicePemantauan\app\Models\PemantauanModel.php(42): CodeIgniter\Database\BaseBuilder->get()
#5 D:\Semester 10\Web Services Pemantauan Hidroponik\WebServicePemantauan\app\Controllers\Pemantauan.php(31): App\Models\PemantauanModel->getHistoryData('04/18/2022', '04/19/2022', '1')
#6 D:\Semester 10\Web Services Pemantauan Hidroponik\WebServicePemantauan\vendor\codeigniter4\framework\system\CodeIgniter.php(832): App\Controllers\Pemantauan->history('04/18/2022', '04/19/2022', '1')
#7 D:\Semester 10\Web Services Pemantauan Hidroponik\WebServicePemantauan\vendor\codeigniter4\framework\system\CodeIgniter.php(419): CodeIgniter\CodeIgniter->runController(Object(App\Controllers\Pemantauan))
#8 D:\Semester 10\Web Services Pemantauan Hidroponik\WebServicePemantauan\vendor\codeigniter4\framework\system\CodeIgniter.php(326): CodeIgniter\CodeIgniter->handleRequest(NULL, Object(Config\Cache), false)
#9 D:\Semester 10\Web Services Pemantauan Hidroponik\WebServicePemantauan\public\index.php(37): CodeIgniter\CodeIgniter->run()
#10 D:\Semester 10\Web Services Pemantauan Hidroponik\WebServicePemantauan\vendor\codeigniter4\framework\system\Commands\Server\rewrite.php(43): require_once('D:\\Semester 10\\...')
#11 {main}
ERROR - 2022-04-19 04:40:47 --> You have an error in your SQL syntax; check the manual that corresponds to your MariaDB server version for the right syntax to use near 'ORDER BY `waktu` ASC' at line 5
CRITICAL - 2022-04-19 04:40:47 --> You have an error in your SQL syntax; check the manual that corresponds to your MariaDB server version for the right syntax to use near 'ORDER BY `waktu` ASC' at line 5
#0 D:\Semester 10\Web Services Pemantauan Hidroponik\WebServicePemantauan\vendor\codeigniter4\framework\system\Database\MySQLi\Connection.php(292): mysqli->query('SELECT *\nFROM `...', 0)
#1 D:\Semester 10\Web Services Pemantauan Hidroponik\WebServicePemantauan\vendor\codeigniter4\framework\system\Database\BaseConnection.php(670): CodeIgniter\Database\MySQLi\Connection->execute('SELECT *\nFROM `...')
#2 D:\Semester 10\Web Services Pemantauan Hidroponik\WebServicePemantauan\vendor\codeigniter4\framework\system\Database\BaseConnection.php(598): CodeIgniter\Database\BaseConnection->simpleQuery('SELECT *\nFROM `...')
#3 D:\Semester 10\Web Services Pemantauan Hidroponik\WebServicePemantauan\vendor\codeigniter4\framework\system\Database\BaseBuilder.php(1455): CodeIgniter\Database\BaseConnection->query('SELECT *\nFROM `...', Array, false)
#4 D:\Semester 10\Web Services Pemantauan Hidroponik\WebServicePemantauan\app\Models\PemantauanModel.php(42): CodeIgniter\Database\BaseBuilder->get()
#5 D:\Semester 10\Web Services Pemantauan Hidroponik\WebServicePemantauan\app\Controllers\Pemantauan.php(31): App\Models\PemantauanModel->getHistoryData('04/17/2022', '04/19/2022', '1')
#6 D:\Semester 10\Web Services Pemantauan Hidroponik\WebServicePemantauan\vendor\codeigniter4\framework\system\CodeIgniter.php(832): App\Controllers\Pemantauan->history('04/17/2022', '04/19/2022', '1')
#7 D:\Semester 10\Web Services Pemantauan Hidroponik\WebServicePemantauan\vendor\codeigniter4\framework\system\CodeIgniter.php(419): CodeIgniter\CodeIgniter->runController(Object(App\Controllers\Pemantauan))
#8 D:\Semester 10\Web Services Pemantauan Hidroponik\WebServicePemantauan\vendor\codeigniter4\framework\system\CodeIgniter.php(326): CodeIgniter\CodeIgniter->handleRequest(NULL, Object(Config\Cache), false)
#9 D:\Semester 10\Web Services Pemantauan Hidroponik\WebServicePemantauan\public\index.php(37): CodeIgniter\CodeIgniter->run()
#10 D:\Semester 10\Web Services Pemantauan Hidroponik\WebServicePemantauan\vendor\codeigniter4\framework\system\Commands\Server\rewrite.php(43): require_once('D:\\Semester 10\\...')
#11 {main}
ERROR - 2022-04-19 04:41:19 --> You have an error in your SQL syntax; check the manual that corresponds to your MariaDB server version for the right syntax to use near '"
ORDER BY `waktu` ASC' at line 4
CRITICAL - 2022-04-19 04:41:19 --> You have an error in your SQL syntax; check the manual that corresponds to your MariaDB server version for the right syntax to use near '"
ORDER BY `waktu` ASC' at line 4
#0 D:\Semester 10\Web Services Pemantauan Hidroponik\WebServicePemantauan\vendor\codeigniter4\framework\system\Database\MySQLi\Connection.php(292): mysqli->query('SELECT *\nFROM `...', 0)
#1 D:\Semester 10\Web Services Pemantauan Hidroponik\WebServicePemantauan\vendor\codeigniter4\framework\system\Database\BaseConnection.php(670): CodeIgniter\Database\MySQLi\Connection->execute('SELECT *\nFROM `...')
#2 D:\Semester 10\Web Services Pemantauan Hidroponik\WebServicePemantauan\vendor\codeigniter4\framework\system\Database\BaseConnection.php(598): CodeIgniter\Database\BaseConnection->simpleQuery('SELECT *\nFROM `...')
#3 D:\Semester 10\Web Services Pemantauan Hidroponik\WebServicePemantauan\vendor\codeigniter4\framework\system\Database\BaseBuilder.php(1455): CodeIgniter\Database\BaseConnection->query('SELECT *\nFROM `...', Array, false)
#4 D:\Semester 10\Web Services Pemantauan Hidroponik\WebServicePemantauan\app\Models\PemantauanModel.php(42): CodeIgniter\Database\BaseBuilder->get()
#5 D:\Semester 10\Web Services Pemantauan Hidroponik\WebServicePemantauan\app\Controllers\Pemantauan.php(31): App\Models\PemantauanModel->getHistoryData('04/17/2022', '04/19/2022', '1')
#6 D:\Semester 10\Web Services Pemantauan Hidroponik\WebServicePemantauan\vendor\codeigniter4\framework\system\CodeIgniter.php(832): App\Controllers\Pemantauan->history('04/17/2022', '04/19/2022', '1')
#7 D:\Semester 10\Web Services Pemantauan Hidroponik\WebServicePemantauan\vendor\codeigniter4\framework\system\CodeIgniter.php(419): CodeIgniter\CodeIgniter->runController(Object(App\Controllers\Pemantauan))
#8 D:\Semester 10\Web Services Pemantauan Hidroponik\WebServicePemantauan\vendor\codeigniter4\framework\system\CodeIgniter.php(326): CodeIgniter\CodeIgniter->handleRequest(NULL, Object(Config\Cache), false)
#9 D:\Semester 10\Web Services Pemantauan Hidroponik\WebServicePemantauan\public\index.php(37): CodeIgniter\CodeIgniter->run()
#10 D:\Semester 10\Web Services Pemantauan Hidroponik\WebServicePemantauan\vendor\codeigniter4\framework\system\Commands\Server\rewrite.php(43): require_once('D:\\Semester 10\\...')
#11 {main}
ERROR - 2022-04-19 04:43:04 --> You have an error in your SQL syntax; check the manual that corresponds to your MariaDB server version for the right syntax to use near '22-04-17 "AND" 22-04-19"
ORDER BY `waktu` ASC' at line 4
CRITICAL - 2022-04-19 04:43:04 --> You have an error in your SQL syntax; check the manual that corresponds to your MariaDB server version for the right syntax to use near '22-04-17 "AND" 22-04-19"
ORDER BY `waktu` ASC' at line 4
#0 D:\Semester 10\Web Services Pemantauan Hidroponik\WebServicePemantauan\vendor\codeigniter4\framework\system\Database\MySQLi\Connection.php(292): mysqli->query('SELECT *\nFROM `...', 0)
#1 D:\Semester 10\Web Services Pemantauan Hidroponik\WebServicePemantauan\vendor\codeigniter4\framework\system\Database\BaseConnection.php(670): CodeIgniter\Database\MySQLi\Connection->execute('SELECT *\nFROM `...')
#2 D:\Semester 10\Web Services Pemantauan Hidroponik\WebServicePemantauan\vendor\codeigniter4\framework\system\Database\BaseConnection.php(598): CodeIgniter\Database\BaseConnection->simpleQuery('SELECT *\nFROM `...')
#3 D:\Semester 10\Web Services Pemantauan Hidroponik\WebServicePemantauan\vendor\codeigniter4\framework\system\Database\BaseBuilder.php(1455): CodeIgniter\Database\BaseConnection->query('SELECT *\nFROM `...', Array, false)
#4 D:\Semester 10\Web Services Pemantauan Hidroponik\WebServicePemantauan\app\Models\PemantauanModel.php(42): CodeIgniter\Database\BaseBuilder->get()
#5 D:\Semester 10\Web Services Pemantauan Hidroponik\WebServicePemantauan\app\Controllers\Pemantauan.php(31): App\Models\PemantauanModel->getHistoryData('04/17/2022', '04/19/2022', '1')
#6 D:\Semester 10\Web Services Pemantauan Hidroponik\WebServicePemantauan\vendor\codeigniter4\framework\system\CodeIgniter.php(832): App\Controllers\Pemantauan->history('04/17/2022', '04/19/2022', '1')
#7 D:\Semester 10\Web Services Pemantauan Hidroponik\WebServicePemantauan\vendor\codeigniter4\framework\system\CodeIgniter.php(419): CodeIgniter\CodeIgniter->runController(Object(App\Controllers\Pemantauan))
#8 D:\Semester 10\Web Services Pemantauan Hidroponik\WebServicePemantauan\vendor\codeigniter4\framework\system\CodeIgniter.php(326): CodeIgniter\CodeIgniter->handleRequest(NULL, Object(Config\Cache), false)
#9 D:\Semester 10\Web Services Pemantauan Hidroponik\WebServicePemantauan\public\index.php(37): CodeIgniter\CodeIgniter->run()
#10 D:\Semester 10\Web Services Pemantauan Hidroponik\WebServicePemantauan\vendor\codeigniter4\framework\system\Commands\Server\rewrite.php(43): require_once('D:\\Semester 10\\...')
#11 {main}
CRITICAL - 2022-04-19 04:45:00 --> syntax error, unexpected '->' (T_OBJECT_OPERATOR)
#0 D:\Semester 10\Web Services Pemantauan Hidroponik\WebServicePemantauan\vendor\codeigniter4\framework\system\Autoloader\Autoloader.php(241): CodeIgniter\Autoloader\Autoloader->includeFile('D:\\Semester 10\\...')
#1 D:\Semester 10\Web Services Pemantauan Hidroponik\WebServicePemantauan\vendor\codeigniter4\framework\system\Autoloader\Autoloader.php(219): CodeIgniter\Autoloader\Autoloader->loadInNamespace('App\\Models\\Pema...')
#2 [internal function]: CodeIgniter\Autoloader\Autoloader->loadClass('App\\Models\\Pema...')
#3 D:\Semester 10\Web Services Pemantauan Hidroponik\WebServicePemantauan\app\Controllers\Pemantauan.php(12): spl_autoload_call('App\\Models\\Pema...')
#4 D:\Semester 10\Web Services Pemantauan Hidroponik\WebServicePemantauan\vendor\codeigniter4\framework\system\CodeIgniter.php(809): App\Controllers\Pemantauan->__construct()
#5 D:\Semester 10\Web Services Pemantauan Hidroponik\WebServicePemantauan\vendor\codeigniter4\framework\system\CodeIgniter.php(410): CodeIgniter\CodeIgniter->createController()
#6 D:\Semester 10\Web Services Pemantauan Hidroponik\WebServicePemantauan\vendor\codeigniter4\framework\system\CodeIgniter.php(326): CodeIgniter\CodeIgniter->handleRequest(NULL, Object(Config\Cache), false)
#7 D:\Semester 10\Web Services Pemantauan Hidroponik\WebServicePemantauan\public\index.php(37): CodeIgniter\CodeIgniter->run()
#8 D:\Semester 10\Web Services Pemantauan Hidroponik\WebServicePemantauan\vendor\codeigniter4\framework\system\Commands\Server\rewrite.php(43): require_once('D:\\Semester 10\\...')
#9 {main}
ERROR - 2022-04-19 05:08:26 --> You have an error in your SQL syntax; check the manual that corresponds to your MariaDB server version for the right syntax to use near 'ORDER BY `waktu` ASC' at line 4
CRITICAL - 2022-04-19 05:08:26 --> You have an error in your SQL syntax; check the manual that corresponds to your MariaDB server version for the right syntax to use near 'ORDER BY `waktu` ASC' at line 4
#0 D:\Semester 10\Web Services Pemantauan Hidroponik\WebServicePemantauan\vendor\codeigniter4\framework\system\Database\MySQLi\Connection.php(292): mysqli->query('SELECT *\nFROM `...', 0)
#1 D:\Semester 10\Web Services Pemantauan Hidroponik\WebServicePemantauan\vendor\codeigniter4\framework\system\Database\BaseConnection.php(670): CodeIgniter\Database\MySQLi\Connection->execute('SELECT *\nFROM `...')
#2 D:\Semester 10\Web Services Pemantauan Hidroponik\WebServicePemantauan\vendor\codeigniter4\framework\system\Database\BaseConnection.php(598): CodeIgniter\Database\BaseConnection->simpleQuery('SELECT *\nFROM `...')
#3 D:\Semester 10\Web Services Pemantauan Hidroponik\WebServicePemantauan\vendor\codeigniter4\framework\system\Database\BaseBuilder.php(1455): CodeIgniter\Database\BaseConnection->query('SELECT *\nFROM `...', Array, false)
#4 D:\Semester 10\Web Services Pemantauan Hidroponik\WebServicePemantauan\app\Models\PemantauanModel.php(55): CodeIgniter\Database\BaseBuilder->get()
#5 D:\Semester 10\Web Services Pemantauan Hidroponik\WebServicePemantauan\app\Controllers\Pemantauan.php(38): App\Models\PemantauanModel->getStatisticsData()
#6 D:\Semester 10\Web Services Pemantauan Hidroponik\WebServicePemantauan\vendor\codeigniter4\framework\system\CodeIgniter.php(832): App\Controllers\Pemantauan->statistics()
#7 D:\Semester 10\Web Services Pemantauan Hidroponik\WebServicePemantauan\vendor\codeigniter4\framework\system\CodeIgniter.php(419): CodeIgniter\CodeIgniter->runController(Object(App\Controllers\Pemantauan))
#8 D:\Semester 10\Web Services Pemantauan Hidroponik\WebServicePemantauan\vendor\codeigniter4\framework\system\CodeIgniter.php(326): CodeIgniter\CodeIgniter->handleRequest(NULL, Object(Config\Cache), false)
#9 D:\Semester 10\Web Services Pemantauan Hidroponik\WebServicePemantauan\public\index.php(37): CodeIgniter\CodeIgniter->run()
#10 D:\Semester 10\Web Services Pemantauan Hidroponik\WebServicePemantauan\vendor\codeigniter4\framework\system\Commands\Server\rewrite.php(43): require_once('D:\\Semester 10\\...')
#11 {main}
ERROR - 2022-04-19 05:08:52 --> You have an error in your SQL syntax; check the manual that corresponds to your MariaDB server version for the right syntax to use near 'ORDER BY `waktu` DESC' at line 4
CRITICAL - 2022-04-19 05:08:52 --> You have an error in your SQL syntax; check the manual that corresponds to your MariaDB server version for the right syntax to use near 'ORDER BY `waktu` DESC' at line 4
#0 D:\Semester 10\Web Services Pemantauan Hidroponik\WebServicePemantauan\vendor\codeigniter4\framework\system\Database\MySQLi\Connection.php(292): mysqli->query('SELECT *\nFROM `...', 0)
#1 D:\Semester 10\Web Services Pemantauan Hidroponik\WebServicePemantauan\vendor\codeigniter4\framework\system\Database\BaseConnection.php(670): CodeIgniter\Database\MySQLi\Connection->execute('SELECT *\nFROM `...')
#2 D:\Semester 10\Web Services Pemantauan Hidroponik\WebServicePemantauan\vendor\codeigniter4\framework\system\Database\BaseConnection.php(598): CodeIgniter\Database\BaseConnection->simpleQuery('SELECT *\nFROM `...')
#3 D:\Semester 10\Web Services Pemantauan Hidroponik\WebServicePemantauan\vendor\codeigniter4\framework\system\Database\BaseBuilder.php(1455): CodeIgniter\Database\BaseConnection->query('SELECT *\nFROM `...', Array, false)
#4 D:\Semester 10\Web Services Pemantauan Hidroponik\WebServicePemantauan\app\Models\PemantauanModel.php(55): CodeIgniter\Database\BaseBuilder->get()
#5 D:\Semester 10\Web Services Pemantauan Hidroponik\WebServicePemantauan\app\Controllers\Pemantauan.php(38): App\Models\PemantauanModel->getStatisticsData()
#6 D:\Semester 10\Web Services Pemantauan Hidroponik\WebServicePemantauan\vendor\codeigniter4\framework\system\CodeIgniter.php(832): App\Controllers\Pemantauan->statistics()
#7 D:\Semester 10\Web Services Pemantauan Hidroponik\WebServicePemantauan\vendor\codeigniter4\framework\system\CodeIgniter.php(419): CodeIgniter\CodeIgniter->runController(Object(App\Controllers\Pemantauan))
#8 D:\Semester 10\Web Services Pemantauan Hidroponik\WebServicePemantauan\vendor\codeigniter4\framework\system\CodeIgniter.php(326): CodeIgniter\CodeIgniter->handleRequest(NULL, Object(Config\Cache), false)
#9 D:\Semester 10\Web Services Pemantauan Hidroponik\WebServicePemantauan\public\index.php(37): CodeIgniter\CodeIgniter->run()
#10 D:\Semester 10\Web Services Pemantauan Hidroponik\WebServicePemantauan\vendor\codeigniter4\framework\system\Commands\Server\rewrite.php(43): require_once('D:\\Semester 10\\...')
#11 {main}
ERROR - 2022-04-19 05:09:03 --> You have an error in your SQL syntax; check the manual that corresponds to your MariaDB server version for the right syntax to use near 'ORDER BY `waktu` DESC' at line 4
CRITICAL - 2022-04-19 05:09:03 --> You have an error in your SQL syntax; check the manual that corresponds to your MariaDB server version for the right syntax to use near 'ORDER BY `waktu` DESC' at line 4
#0 D:\Semester 10\Web Services Pemantauan Hidroponik\WebServicePemantauan\vendor\codeigniter4\framework\system\Database\MySQLi\Connection.php(292): mysqli->query('SELECT *\nFROM `...', 0)
#1 D:\Semester 10\Web Services Pemantauan Hidroponik\WebServicePemantauan\vendor\codeigniter4\framework\system\Database\BaseConnection.php(670): CodeIgniter\Database\MySQLi\Connection->execute('SELECT *\nFROM `...')
#2 D:\Semester 10\Web Services Pemantauan Hidroponik\WebServicePemantauan\vendor\codeigniter4\framework\system\Database\BaseConnection.php(598): CodeIgniter\Database\BaseConnection->simpleQuery('SELECT *\nFROM `...')
#3 D:\Semester 10\Web Services Pemantauan Hidroponik\WebServicePemantauan\vendor\codeigniter4\framework\system\Database\BaseBuilder.php(1455): CodeIgniter\Database\BaseConnection->query('SELECT *\nFROM `...', Array, false)
#4 D:\Semester 10\Web Services Pemantauan Hidroponik\WebServicePemantauan\app\Models\PemantauanModel.php(55): CodeIgniter\Database\BaseBuilder->get()
#5 D:\Semester 10\Web Services Pemantauan Hidroponik\WebServicePemantauan\app\Controllers\Pemantauan.php(38): App\Models\PemantauanModel->getStatisticsData()
#6 D:\Semester 10\Web Services Pemantauan Hidroponik\WebServicePemantauan\vendor\codeigniter4\framework\system\CodeIgniter.php(832): App\Controllers\Pemantauan->statistics()
#7 D:\Semester 10\Web Services Pemantauan Hidroponik\WebServicePemantauan\vendor\codeigniter4\framework\system\CodeIgniter.php(419): CodeIgniter\CodeIgniter->runController(Object(App\Controllers\Pemantauan))
#8 D:\Semester 10\Web Services Pemantauan Hidroponik\WebServicePemantauan\vendor\codeigniter4\framework\system\CodeIgniter.php(326): CodeIgniter\CodeIgniter->handleRequest(NULL, Object(Config\Cache), false)
#9 D:\Semester 10\Web Services Pemantauan Hidroponik\WebServicePemantauan\public\index.php(37): CodeIgniter\CodeIgniter->run()
#10 D:\Semester 10\Web Services Pemantauan Hidroponik\WebServicePemantauan\vendor\codeigniter4\framework\system\Commands\Server\rewrite.php(43): require_once('D:\\Semester 10\\...')
#11 {main}
ERROR - 2022-04-19 05:09:18 --> You have an error in your SQL syntax; check the manual that corresponds to your MariaDB server version for the right syntax to use near 'ORDER BY `waktu` DESC' at line 4
CRITICAL - 2022-04-19 05:09:18 --> You have an error in your SQL syntax; check the manual that corresponds to your MariaDB server version for the right syntax to use near 'ORDER BY `waktu` DESC' at line 4
#0 D:\Semester 10\Web Services Pemantauan Hidroponik\WebServicePemantauan\vendor\codeigniter4\framework\system\Database\MySQLi\Connection.php(292): mysqli->query('SELECT *\nFROM `...', 0)
#1 D:\Semester 10\Web Services Pemantauan Hidroponik\WebServicePemantauan\vendor\codeigniter4\framework\system\Database\BaseConnection.php(670): CodeIgniter\Database\MySQLi\Connection->execute('SELECT *\nFROM `...')
#2 D:\Semester 10\Web Services Pemantauan Hidroponik\WebServicePemantauan\vendor\codeigniter4\framework\system\Database\BaseConnection.php(598): CodeIgniter\Database\BaseConnection->simpleQuery('SELECT *\nFROM `...')
#3 D:\Semester 10\Web Services Pemantauan Hidroponik\WebServicePemantauan\vendor\codeigniter4\framework\system\Database\BaseBuilder.php(1455): CodeIgniter\Database\BaseConnection->query('SELECT *\nFROM `...', Array, false)
#4 D:\Semester 10\Web Services Pemantauan Hidroponik\WebServicePemantauan\app\Models\PemantauanModel.php(55): CodeIgniter\Database\BaseBuilder->get()
#5 D:\Semester 10\Web Services Pemantauan Hidroponik\WebServicePemantauan\app\Controllers\Pemantauan.php(38): App\Models\PemantauanModel->getStatisticsData()
#6 D:\Semester 10\Web Services Pemantauan Hidroponik\WebServicePemantauan\vendor\codeigniter4\framework\system\CodeIgniter.php(832): App\Controllers\Pemantauan->statistics()
#7 D:\Semester 10\Web Services Pemantauan Hidroponik\WebServicePemantauan\vendor\codeigniter4\framework\system\CodeIgniter.php(419): CodeIgniter\CodeIgniter->runController(Object(App\Controllers\Pemantauan))
#8 D:\Semester 10\Web Services Pemantauan Hidroponik\WebServicePemantauan\vendor\codeigniter4\framework\system\CodeIgniter.php(326): CodeIgniter\CodeIgniter->handleRequest(NULL, Object(Config\Cache), false)
#9 D:\Semester 10\Web Services Pemantauan Hidroponik\WebServicePemantauan\public\index.php(37): CodeIgniter\CodeIgniter->run()
#10 D:\Semester 10\Web Services Pemantauan Hidroponik\WebServicePemantauan\vendor\codeigniter4\framework\system\Commands\Server\rewrite.php(43): require_once('D:\\Semester 10\\...')
#11 {main}
CRITICAL - 2022-04-19 05:10:13 --> Call to undefined function App\Models\NOW()
#0 D:\Semester 10\Web Services Pemantauan Hidroponik\WebServicePemantauan\app\Controllers\Pemantauan.php(38): App\Models\PemantauanModel->getStatisticsData()
#1 D:\Semester 10\Web Services Pemantauan Hidroponik\WebServicePemantauan\vendor\codeigniter4\framework\system\CodeIgniter.php(832): App\Controllers\Pemantauan->statistics()
#2 D:\Semester 10\Web Services Pemantauan Hidroponik\WebServicePemantauan\vendor\codeigniter4\framework\system\CodeIgniter.php(419): CodeIgniter\CodeIgniter->runController(Object(App\Controllers\Pemantauan))
#3 D:\Semester 10\Web Services Pemantauan Hidroponik\WebServicePemantauan\vendor\codeigniter4\framework\system\CodeIgniter.php(326): CodeIgniter\CodeIgniter->handleRequest(NULL, Object(Config\Cache), false)
#4 D:\Semester 10\Web Services Pemantauan Hidroponik\WebServicePemantauan\public\index.php(37): CodeIgniter\CodeIgniter->run()
#5 D:\Semester 10\Web Services Pemantauan Hidroponik\WebServicePemantauan\vendor\codeigniter4\framework\system\Commands\Server\rewrite.php(43): require_once('D:\\Semester 10\\...')
#6 {main}
CRITICAL - 2022-04-19 05:10:24 --> date() expects at least 1 parameter, 0 given
#0 [internal function]: CodeIgniter\Debug\Exceptions->errorHandler(2, 'date() expects ...', 'D:\\Semester 10\\...', 54, Array)
#1 D:\Semester 10\Web Services Pemantauan Hidroponik\WebServicePemantauan\app\Models\PemantauanModel.php(54): date()
#2 D:\Semester 10\Web Services Pemantauan Hidroponik\WebServicePemantauan\app\Controllers\Pemantauan.php(38): App\Models\PemantauanModel->getStatisticsData()
#3 D:\Semester 10\Web Services Pemantauan Hidroponik\WebServicePemantauan\vendor\codeigniter4\framework\system\CodeIgniter.php(832): App\Controllers\Pemantauan->statistics()
#4 D:\Semester 10\Web Services Pemantauan Hidroponik\WebServicePemantauan\vendor\codeigniter4\framework\system\CodeIgniter.php(419): CodeIgniter\CodeIgniter->runController(Object(App\Controllers\Pemantauan))
#5 D:\Semester 10\Web Services Pemantauan Hidroponik\WebServicePemantauan\vendor\codeigniter4\framework\system\CodeIgniter.php(326): CodeIgniter\CodeIgniter->handleRequest(NULL, Object(Config\Cache), false)
#6 D:\Semester 10\Web Services Pemantauan Hidroponik\WebServicePemantauan\public\index.php(37): CodeIgniter\CodeIgniter->run()
#7 D:\Semester 10\Web Services Pemantauan Hidroponik\WebServicePemantauan\vendor\codeigniter4\framework\system\Commands\Server\rewrite.php(43): require_once('D:\\Semester 10\\...')
#8 {main}
ERROR - 2022-04-19 05:12:05 --> You have an error in your SQL syntax; check the manual that corresponds to your MariaDB server version for the right syntax to use near ')
ORDER BY `waktu` DESC' at line 3
CRITICAL - 2022-04-19 05:12:05 --> You have an error in your SQL syntax; check the manual that corresponds to your MariaDB server version for the right syntax to use near ')
ORDER BY `waktu` DESC' at line 3
#0 D:\Semester 10\Web Services Pemantauan Hidroponik\WebServicePemantauan\vendor\codeigniter4\framework\system\Database\MySQLi\Connection.php(292): mysqli->query('SELECT *\nFROM `...', 0)
#1 D:\Semester 10\Web Services Pemantauan Hidroponik\WebServicePemantauan\vendor\codeigniter4\framework\system\Database\BaseConnection.php(670): CodeIgniter\Database\MySQLi\Connection->execute('SELECT *\nFROM `...')
#2 D:\Semester 10\Web Services Pemantauan Hidroponik\WebServicePemantauan\vendor\codeigniter4\framework\system\Database\BaseConnection.php(598): CodeIgniter\Database\BaseConnection->simpleQuery('SELECT *\nFROM `...')
#3 D:\Semester 10\Web Services Pemantauan Hidroponik\WebServicePemantauan\vendor\codeigniter4\framework\system\Database\BaseBuilder.php(1455): CodeIgniter\Database\BaseConnection->query('SELECT *\nFROM `...', Array, false)
#4 D:\Semester 10\Web Services Pemantauan Hidroponik\WebServicePemantauan\app\Models\PemantauanModel.php(55): CodeIgniter\Database\BaseBuilder->get()
#5 D:\Semester 10\Web Services Pemantauan Hidroponik\WebServicePemantauan\app\Controllers\Pemantauan.php(38): App\Models\PemantauanModel->getStatisticsData()
#6 D:\Semester 10\Web Services Pemantauan Hidroponik\WebServicePemantauan\vendor\codeigniter4\framework\system\CodeIgniter.php(832): App\Controllers\Pemantauan->statistics()
#7 D:\Semester 10\Web Services Pemantauan Hidroponik\WebServicePemantauan\vendor\codeigniter4\framework\system\CodeIgniter.php(419): CodeIgniter\CodeIgniter->runController(Object(App\Controllers\Pemantauan))
#8 D:\Semester 10\Web Services Pemantauan Hidroponik\WebServicePemantauan\vendor\codeigniter4\framework\system\CodeIgniter.php(326): CodeIgniter\CodeIgniter->handleRequest(NULL, Object(Config\Cache), false)
#9 D:\Semester 10\Web Services Pemantauan Hidroponik\WebServicePemantauan\public\index.php(37): CodeIgniter\CodeIgniter->run()
#10 D:\Semester 10\Web Services Pemantauan Hidroponik\WebServicePemantauan\vendor\codeigniter4\framework\system\Commands\Server\rewrite.php(43): require_once('D:\\Semester 10\\...')
#11 {main}
ERROR - 2022-04-19 05:13:46 --> You have an error in your SQL syntax; check the manual that corresponds to your MariaDB server version for the right syntax to use near '::INTERVAL
ORDER BY `waktu` DESC' at line 3
CRITICAL - 2022-04-19 05:13:46 --> You have an error in your SQL syntax; check the manual that corresponds to your MariaDB server version for the right syntax to use near '::INTERVAL
ORDER BY `waktu` DESC' at line 3
#0 D:\Semester 10\Web Services Pemantauan Hidroponik\WebServicePemantauan\vendor\codeigniter4\framework\system\Database\MySQLi\Connection.php(292): mysqli->query('SELECT *\nFROM `...', 0)
#1 D:\Semester 10\Web Services Pemantauan Hidroponik\WebServicePemantauan\vendor\codeigniter4\framework\system\Database\BaseConnection.php(670): CodeIgniter\Database\MySQLi\Connection->execute('SELECT *\nFROM `...')
#2 D:\Semester 10\Web Services Pemantauan Hidroponik\WebServicePemantauan\vendor\codeigniter4\framework\system\Database\BaseConnection.php(598): CodeIgniter\Database\BaseConnection->simpleQuery('SELECT *\nFROM `...')
#3 D:\Semester 10\Web Services Pemantauan Hidroponik\WebServicePemantauan\vendor\codeigniter4\framework\system\Database\BaseBuilder.php(1455): CodeIgniter\Database\BaseConnection->query('SELECT *\nFROM `...', Array, false)
#4 D:\Semester 10\Web Services Pemantauan Hidroponik\WebServicePemantauan\app\Models\PemantauanModel.php(55): CodeIgniter\Database\BaseBuilder->get()
#5 D:\Semester 10\Web Services Pemantauan Hidroponik\WebServicePemantauan\app\Controllers\Pemantauan.php(38): App\Models\PemantauanModel->getStatisticsData()
#6 D:\Semester 10\Web Services Pemantauan Hidroponik\WebServicePemantauan\vendor\codeigniter4\framework\system\CodeIgniter.php(832): App\Controllers\Pemantauan->statistics()
#7 D:\Semester 10\Web Services Pemantauan Hidroponik\WebServicePemantauan\vendor\codeigniter4\framework\system\CodeIgniter.php(419): CodeIgniter\CodeIgniter->runController(Object(App\Controllers\Pemantauan))
#8 D:\Semester 10\Web Services Pemantauan Hidroponik\WebServicePemantauan\vendor\codeigniter4\framework\system\CodeIgniter.php(326): CodeIgniter\CodeIgniter->handleRequest(NULL, Object(Config\Cache), false)
#9 D:\Semester 10\Web Services Pemantauan Hidroponik\WebServicePemantauan\public\index.php(37): CodeIgniter\CodeIgniter->run()
#10 D:\Semester 10\Web Services Pemantauan Hidroponik\WebServicePemantauan\vendor\codeigniter4\framework\system\Commands\Server\rewrite.php(43): require_once('D:\\Semester 10\\...')
#11 {main}
ERROR - 2022-04-19 05:13:59 --> You have an error in your SQL syntax; check the manual that corresponds to your MariaDB server version for the right syntax to use near '::INTERVAL' at line 3
CRITICAL - 2022-04-19 05:13:59 --> You have an error in your SQL syntax; check the manual that corresponds to your MariaDB server version for the right syntax to use near '::INTERVAL' at line 3
#0 D:\Semester 10\Web Services Pemantauan Hidroponik\WebServicePemantauan\vendor\codeigniter4\framework\system\Database\MySQLi\Connection.php(292): mysqli->query('SELECT *\nFROM `...', 0)
#1 D:\Semester 10\Web Services Pemantauan Hidroponik\WebServicePemantauan\vendor\codeigniter4\framework\system\Database\BaseConnection.php(670): CodeIgniter\Database\MySQLi\Connection->execute('SELECT *\nFROM `...')
#2 D:\Semester 10\Web Services Pemantauan Hidroponik\WebServicePemantauan\vendor\codeigniter4\framework\system\Database\BaseConnection.php(598): CodeIgniter\Database\BaseConnection->simpleQuery('SELECT *\nFROM `...')
#3 D:\Semester 10\Web Services Pemantauan Hidroponik\WebServicePemantauan\vendor\codeigniter4\framework\system\Database\BaseBuilder.php(1455): CodeIgniter\Database\BaseConnection->query('SELECT *\nFROM `...', Array, false)
#4 D:\Semester 10\Web Services Pemantauan Hidroponik\WebServicePemantauan\app\Models\PemantauanModel.php(54): CodeIgniter\Database\BaseBuilder->get()
#5 D:\Semester 10\Web Services Pemantauan Hidroponik\WebServicePemantauan\app\Controllers\Pemantauan.php(38): App\Models\PemantauanModel->getStatisticsData()
#6 D:\Semester 10\Web Services Pemantauan Hidroponik\WebServicePemantauan\vendor\codeigniter4\framework\system\CodeIgniter.php(832): App\Controllers\Pemantauan->statistics()
#7 D:\Semester 10\Web Services Pemantauan Hidroponik\WebServicePemantauan\vendor\codeigniter4\framework\system\CodeIgniter.php(419): CodeIgniter\CodeIgniter->runController(Object(App\Controllers\Pemantauan))
#8 D:\Semester 10\Web Services Pemantauan Hidroponik\WebServicePemantauan\vendor\codeigniter4\framework\system\CodeIgniter.php(326): CodeIgniter\CodeIgniter->handleRequest(NULL, Object(Config\Cache), false)
#9 D:\Semester 10\Web Services Pemantauan Hidroponik\WebServicePemantauan\public\index.php(37): CodeIgniter\CodeIgniter->run()
#10 D:\Semester 10\Web Services Pemantauan Hidroponik\WebServicePemantauan\vendor\codeigniter4\framework\system\Commands\Server\rewrite.php(43): require_once('D:\\Semester 10\\...')
#11 {main}
